<?xml version="1.0" encoding="utf-8"?><testsuites name="pytest tests"><testsuite name="pytest" errors="0" failures="0" skipped="0" tests="3" time="0.053" timestamp="2026-07-25T07:40:54.263736+00:00" hostname="vm"><testcase classname="tests.unit.coherence.test_rootset_independent" name="test_reference_solver_import_boundary" time="0.005" /><testcase classname="tests.unit.coherence.test_rootset_independent" name="test_reference_status_rule_matches_production_classifier" time="0.000" /><testcase classname="tests.unit.coherence.test_rootset_independent" name="test_rootset_facts_agree_with_reference_on_candidate_sets" time="0.001" /></testsuite></testsuites>