<?xml version="1.0" encoding="utf-8"?><testsuites name="pytest tests"><testsuite name="pytest" errors="0" failures="0" skipped="0" tests="5" time="306.411" timestamp="2026-07-25T07:46:23.901998+00:00" hostname="vm"><testcase classname="tests.unit.coherence.test_solver" name="test_jacobian_nondegenerate_at_normal_point" time="0.062" /><testcase classname="tests.unit.coherence.test_solver" name="test_near_certain_match_is_not_point_identified" time="62.010" /><testcase classname="tests.unit.coherence.test_solver" name="test_recovered_pa_preserves_truth_ordering" time="124.564" /><testcase classname="tests.unit.coherence.test_solver" name="test_symmetric_match_is_mirror_degenerate" time="51.546" /><testcase classname="tests.unit.coherence.test_solver" name="test_unreachable_over_target_is_no_root" time="68.178" /></testsuite></testsuites>