<?xml version="1.0" encoding="utf-8"?><testsuites name="pytest tests"><testsuite name="pytest" errors="0" failures="0" skipped="0" tests="302" time="37.313" timestamp="2026-07-25T06:43:11.187922+00:00" hostname="vm"><properties>
[...]
</properties><testcase classname="tests.unit.xmarket_contracts.test_linkage" name="test_duplicate_packaging_collapses" time="0.001" /><testcase classname="tests.unit.xmarket_contracts.test_linkage" name="test_conflicting_definition_refuses" time="0.000" /><testcase classname="tests.unit.xmarket_contracts.test_linkage" name="test_relisted_instances_stay_distinct" time="0.000" /><testcase classname="tests.unit.xmarket_contracts.test_linkage" name="test_links_by_event_id_not_name" time="0.000" /><testcase classname="tests.unit.xmarket_contracts.test_linkage" name="test_same_name_different_event_does_not_link" time="0.000" /><testcase classname="tests.unit.xmarket_contracts.test_linkage" name="test_multiple_mo_flagged" time="0.000" /><testcase classname="tests.unit.xmarket_contracts.test_linkage" name="test_ambiguous_same_role_not_silently_picked" time="0.000" /><testcase classname="tests.unit.xmarket_contracts.test_linkage" name="test_market_time_mismatch_visible" time="0.000" /><testcase classname="tests.unit.xmarket_contracts.test_linkage" name="test_unlinked_derivative_tagged" time="0.000" /><testcase classname="tests.unit.xmarket_contracts.test_linkage" name="test_auxiliary_uses_parser_roles" time="0.000" /><testcase classname="tests.unit.xmarket_contracts.test_linkage" name="test_market_ref_frozen_and_hashable" time="0.000" /><testcase classname="tests.unit.xmarket_contracts.test_linkage" name="test_link_result_frozen_and_hashable" time="0.000" /><testcase classname="tests.unit.xmarket_contracts.test_linkage" name="test_mo_event_index_none_event_committed_mo_skipped" time="0.000" /><testcase classname="tests.unit.xmarket_contracts.test_linkage" name="test_mo_event_index_break_would_truncate_committed_loop" time="0.000" /><testcase classname="tests.unit.xmarket_contracts.test_linkage" name="test_mo_event_index_sorts_ids_per_event" time="0.000" /><testcase classname="tests.unit.xmarket_contracts.test_linkage" name="test_multiple_mo_not_flagged_at_zero_count" time="0.000" /><testcase classname="tests.unit.xmarket_contracts.test_linkage" name="test_sibling_event_below_mo_event_not_linked" time="0.000" /><testcase classname="tests.unit.xmarket_contracts.test_linkage" name="test_sibling_event_equal_nonidentical_links" time="0.000" /><testcase classname="tests.unit.xmarket_contracts.test_linkage" name="test_sole_zero_candidates_not_ambiguous" time="0.000" /><testcase classname="tests.unit.xmarket_contracts.test_linkage" name="test_none_market_type_sibling_does_not_raise" time="0.000" /><testcase classname="tests.unit.xmarket_contracts.test_linkage" name="test_market_time_mismatch_false_when_equal" time="0.000" /><testcase classname="tests.unit.xmarket_contracts.test_linkage" name="test_market_time_mismatch_true_when_linked_below_mo" time="0.000" /><testcase classname="tests.unit.xmarket_contracts.test_linkage" name="test_market_time_mismatch_false_equal_nonidentical" time="0.000" /><testcase classname="tests.unit.xmarket_contracts.test_linkage" name="test_unlinked_break_would_skip_nonstr_then_derivative" time="0.000" /><testcase classname="tests.unit.xmarket_contracts.test_linkage" name="test_unlinked_break_would_skip_mo_then_derivative" time="0.000" /><testcase classname="tests.unit.xmarket_contracts.test_linkage" name="test_linked_derivative_not_tagged_unlinked" time="0.000" /><testcase classname="tests.unit.xmarket_contracts.test_mutation_hardening" name="test_bool_runner_id_is_refused" time="0.000" /><testcase classname="tests.unit.xmarket_contracts.test_mutation_hardening" name="test_bool_hc_is_refused" time="0.000" /><testcase classname="tests.unit.xmarket_contracts.test_mutation_hardening" name="test_non_dict_runner_refused" time="0.001" /><testcase classname="tests.unit.xmarket_contracts.test_mutation_hardening" name="test_total_games_every_line_paired_completeness" time="0.001" /><testcase classname="tests.unit.xmarket_contracts.test_mutation_hardening" name="test_game_handicap_all_magnitudes_present" time="0.000" /><testcase classname="tests.unit.xmarket_contracts.test_mutation_hardening" name="test_market_role_exact_known_map_no_silent_default" time="0.000" /><testcase classname="tests.unit.xmarket_contracts.test_mutation_hardening" name="test_bool_tv_is_ignored_not_treated_as_volume" time="0.000" /><testcase classname="tests.unit.xmarket_contracts.test_mutation_hardening" name="test_best_level_picks_lowest_index_and_ignores_zero_size" time="0.000" /><testcase classname="tests.unit.xmarket_contracts.test_mutation_hardening" name="test_reconstruct_ignores_non_int_pt_and_selection" time="0.000" /><testcase classname="tests.unit.xmarket_contracts.test_observation" name="test_observation_has_no_probability_or_tip_field" time="0.000" /><testcase classname="tests.unit.xmarket_contracts.test_observation" name="test_observation_preserves_raw_market_type" time="0.000" /><testcase classname="tests.unit.xmarket_contracts.test_observation" name="test_optional_quality_fields_default_none_not_fitted" time="0.000" /><testcase classname="tests.unit.xmarket_contracts.test_observation" name="test_observation_is_immutable_with_digest" time="0.001" /><testcase classname="tests.unit.xmarket_contracts.test_observation" name="test_observation_set_shape_and_no_forbidden_fields" time="0.001" /><testcase classname="tests.unit.xmarket_contracts.test_observation" name="test_observation_set_deterministic_serialization" time="0.000" /><testcase classname="tests.unit.xmarket_contracts.test_observation" name="test_observation_frozen_and_hashable" time="0.000" /><testcase classname="tests.unit.xmarket_contracts.test_observation" name="test_observation_set_frozen_and_hashable" time="0.000" /><testcase classname="tests.unit.xmarket_contracts.test_observation" name="test_provenance_digest_golden_pin" time="0.000" /><testcase classname="tests.unit.xmarket_contracts.test_observation" name="test_observation_set_digest_golden_pin" time="0.000" /><testcase classname="tests.unit.xmarket_contracts.test_parsers" name="test_parser_version_pinned" time="0.000" /><testcase classname="tests.unit.xmarket_contracts.test_parsers" name="test_market_role_preserves_raw_and_fails_closed" time="0.000" /><testcase classname="tests.unit.xmarket_contracts.test_parsers" name="test_market_role_refuses_non_string[]" time="0.001" /><testcase classname="tests.unit.xmarket_contracts.test_parsers" name="test_market_role_refuses_non_string[5]" time="0.001" /><testcase classname="tests.unit.xmarket_contracts.test_parsers" name="test_market_role_refuses_non_string[None]" time="0.000" /><testcase classname="tests.unit.xmarket_contracts.test_parsers" name="test_total_games_over_under_and_line" time="0.000" /><testcase classname="tests.unit.xmarket_contracts.test_parsers" name="test_total_games_refusals[&lt;lambda&gt;0]" time="0.000" /><testcase classname="tests.unit.xmarket_contracts.test_parsers" name="test_total_games_refusals[&lt;lambda&gt;1]" time="0.000" /><testcase classname="tests.unit.xmarket_contracts.test_parsers" name="test_total_games_refusals[&lt;lambda&gt;2]" time="0.000" /><testcase classname="tests.unit.xmarket_contracts.test_parsers" name="test_total_games_refusals[&lt;lambda&gt;3]" time="0.000" /><testcase classname="tests.unit.xmarket_contracts.test_parsers" name="test_total_games_refusals[&lt;lambda&gt;4]" time="0.001" /><testcase classname="tests.unit.xmarket_contracts.test_parsers" name="test_total_games_row_order_invariant" time="0.000" /><testcase classname="tests.unit.xmarket_contracts.test_parsers" name="test_game_handicap_double_line_two_lines_per_magnitude" time="0.002" /><testcase classname="tests.unit.xmarket_contracts.test_parsers" name="test_set_handicap_boundary_at_3_0_refuses_and_3_5_accepts" time="0.000" /><testcase classname="tests.unit.xmarket_contracts.test_parsers" name="test_set_handicap_below_threshold_refused[mags0]" time="0.001" /><testcase classname="tests.unit.xmarket_contracts.test_parsers" name="test_set_handicap_below_threshold_refused[mags1]" time="0.000" /><testcase classname="tests.unit.xmarket_contracts.test_parsers" name="test_set_handicap_below_threshold_refused[mags2]" time="0.000" /><testcase classname="tests.unit.xmarket_contracts.test_parsers" name="test_game_handicap_giver_is_negative_hc" time="0.000" /><testcase classname="tests.unit.xmarket_contracts.test_parsers" name="test_game_handicap_refusals[&lt;lambda&gt;0]" time="0.000" /><testcase classname="tests.unit.xmarket_contracts.test_parsers" name="test_game_handicap_refusals[&lt;lambda&gt;1]" time="0.000" /><testcase classname="tests.unit.xmarket_contracts.test_parsers" name="test_game_handicap_refusals[&lt;lambda&gt;2]" time="0.000" /><testcase classname="tests.unit.xmarket_contracts.test_parsers" name="test_game_handicap_refusals[&lt;lambda&gt;3]" time="0.000" /><testcase classname="tests.unit.xmarket_contracts.test_parsers" name="test_game_handicap_refusals[&lt;lambda&gt;4]" time="0.000" /><testcase classname="tests.unit.xmarket_contracts.test_parsers" name="test_match_odds_two_ids_sorted_and_refusals" time="0.000" /><testcase classname="tests.unit.xmarket_contracts.test_parsers" name="test_determinism_repr" time="0.001" /><testcase classname="tests.unit.xmarket_contracts.test_parsers" name="test_total_games_line_frozen_and_hashable" time="0.000" /><testcase classname="tests.unit.xmarket_contracts.test_parsers" name="test_game_handicap_line_frozen_and_hashable" time="0.000" /><testcase classname="tests.unit.xmarket_contracts.test_parsers" name="test_runner_empty_name_refused" time="0.000" /><testcase classname="tests.unit.xmarket_contracts.test_parsers" name="test_total_games_non_list_runners_refused" time="0.000" /><testcase classname="tests.unit.xmarket_contracts.test_parsers" name="test_game_handicap_non_list_runners_refused" time="0.000" /><testcase classname="tests.unit.xmarket_contracts.test_parsers" name="test_total_games_name_sorting_below_over_refused" time="0.000" /><testcase classname="tests.unit.xmarket_contracts.test_parsers" name="test_total_games_name_below_under_refused" time="0.000" /><testcase classname="tests.unit.xmarket_contracts.test_parsers" name="test_total_games_name_above_under_refused" time="0.000" /><testcase classname="tests.unit.xmarket_contracts.test_parsers" name="test_total_games_unpaired_under_refused" time="0.000" /><testcase classname="tests.unit.xmarket_contracts.test_parsers" name="test_game_handicap_three_players_message" time="0.000" /><testcase classname="tests.unit.xmarket_contracts.test_parsers" name="test_game_handicap_single_player_message" time="0.000" /><testcase classname="tests.unit.xmarket_contracts.test_parsers" name="test_game_handicap_name_maps_two_ids_smaller_second" time="0.000" /><testcase classname="tests.unit.xmarket_contracts.test_parsers" name="test_game_handicap_name_maps_two_ids_larger_second" time="0.000" /><testcase classname="tests.unit.xmarket_contracts.test_parsers" name="test_game_handicap_name_two_equal_nonidentical_ids_accepted" time="0.000" /><testcase classname="tests.unit.xmarket_contracts.test_parsers" name="test_game_handicap_id_maps_two_names_reverse_ordered" time="0.000" /><testcase classname="tests.unit.xmarket_contracts.test_parsers" name="test_game_handicap_id_maps_two_names_forward_ordered" time="0.000" /><testcase classname="tests.unit.xmarket_contracts.test_parsers" name="test_game_handicap_id_two_equal_nonidentical_names_accepted" time="0.000" /><testcase classname="tests.unit.xmarket_contracts.test_parsers" name="test_game_handicap_giver_receiver_identity_pairing" time="0.000" /><testcase classname="tests.unit.xmarket_contracts.test_parsers" name="test_match_odds_three_runners_refused" time="0.000" /><testcase classname="tests.unit.xmarket_contracts.test_parsers" name="test_match_odds_three_runners_count_message" time="0.000" /><testcase classname="tests.unit.xmarket_contracts.test_parsers" name="test_match_odds_ascending_ids_returned" time="0.000" /><testcase classname="tests.unit.xmarket_contracts.test_parsers" name="test_match_odds_shared_equal_nonidentical_id_refused" time="0.000" /><testcase classname="tests.unit.xmarket_contracts.test_synchronizer" name="test_post_f0_message_is_inaccessible" time="0.000" /><testcase classname="tests.unit.xmarket_contracts.test_synchronizer" name="test_message_exactly_at_cutoff_is_included" time="0.000" /><testcase classname="tests.unit.xmarket_contracts.test_synchronizer" name="test_later_price_cannot_backfill_missing_side" time="0.000" /><testcase classname="tests.unit.xmarket_contracts.test_synchronizer" name="test_no_state_before_cutoff_refuses" time="0.001" /><testcase classname="tests.unit.xmarket_contracts.test_synchronizer" name="test_other_market_messages_ignored" time="0.000" /><testcase classname="tests.unit.xmarket_contracts.test_synchronizer" name="test_in_play_refuses" time="0.000" /><testcase classname="tests.unit.xmarket_contracts.test_synchronizer" name="test_suspended_refuses" time="0.000" /><testcase classname="tests.unit.xmarket_contracts.test_synchronizer" name="test_crossed_refuses" time="0.000" /><testcase classname="tests.unit.xmarket_contracts.test_synchronizer" name="test_one_sided_refuses" time="0.000" /><testcase classname="tests.unit.xmarket_contracts.test_synchronizer" name="test_empty_refuses" time="0.000" /><testcase classname="tests.unit.xmarket_contracts.test_synchronizer" name="test_clean_two_sided_passes_and_quote_age" time="0.001" /><testcase classname="tests.unit.xmarket_contracts.test_synchronizer" name="test_snapshot_has_no_outcome_field" time="0.000" /><testcase classname="tests.unit.xmarket_contracts.test_synchronizer" name="test_reconstruction_row_order_invariant" time="0.000" /><testcase classname="tests.unit.xmarket_contracts.test_synchronizer" name="test_selection_quote_frozen_and_hashable" time="0.000" /><testcase classname="tests.unit.xmarket_contracts.test_synchronizer" name="test_asofbook_frozen_and_hashable" time="0.000" /><testcase classname="tests.unit.xmarket_contracts.test_synchronizer" name="test_no_state_refusal_detail_included" time="0.000" /><testcase classname="tests.unit.xmarket_contracts.test_synchronizer" name="test_lay_only_selection_back_levels_zero" time="0.000" /><testcase classname="tests.unit.xmarket_contracts.test_synchronizer" name="test_back_only_selection_lay_levels_zero" time="0.000" /><testcase classname="tests.unit.xmarket_contracts.test_synchronizer" name="test_non_list_ladder_is_clean_none" time="0.000" /><testcase classname="tests.unit.xmarket_contracts.test_synchronizer" name="test_empty_ladder_zero_levels" time="0.000" /><testcase classname="tests.unit.xmarket_contracts.test_synchronizer" name="test_ladder_entry_wrong_length_rejected" time="0.000" /><testcase classname="tests.unit.xmarket_contracts.test_synchronizer" name="test_non_numeric_and_bool_price_rejected" time="0.000" /><testcase classname="tests.unit.xmarket_contracts.test_synchronizer" name="test_negative_size_rejected" time="0.000" /><testcase classname="tests.unit.xmarket_contracts.test_synchronizer" name="test_small_positive_size_kept" time="0.000" /><testcase classname="tests.unit.xmarket_contracts.test_synchronizer" name="test_best_level_is_lowest_ladder_index" time="0.000" /><testcase classname="tests.unit.xmarket_contracts.test_synchronizer" name="test_best_level_sizes_are_size_not_price" time="0.000" /><testcase classname="tests.unit.xmarket_contracts.test_synchronizer" name="test_rc_only_stream_not_in_play" time="0.000" /><testcase classname="tests.unit.xmarket_contracts.test_synchronizer" name="test_applied_message_at_pt_zero_is_returned" time="0.000" /><testcase classname="tests.unit.xmarket_contracts.test_synchronizer" name="test_negative_pt_never_beats_sentinel" time="0.000" /><testcase classname="tests.unit.xmarket_contracts.test_synchronizer" name="test_latest_pt_ignores_other_market_message" time="0.000" /><testcase classname="tests.unit.xmarket_contracts.test_synchronizer" name="test_other_market_id_below_ours_excluded" time="0.000" /><testcase classname="tests.unit.xmarket_contracts.test_synchronizer" name="test_own_market_equal_nonidentical_id_matched" time="0.000" /><testcase classname="tests.unit.xmarket_contracts.test_synchronizer" name="test_mc_loop_continues_past_other_market_entry" time="0.000" /><testcase classname="tests.unit.xmarket_contracts.test_synchronizer" name="test_rc_loop_continues_past_non_int_selection" time="0.000" /><testcase classname="tests.unit.xmarket_contracts.test_synchronizer" name="test_definition_only_market_reconstructs" time="0.000" /><testcase classname="tests.unit.xmarket_contracts.test_synchronizer" name="test_rc_only_market_reconstructs" time="0.000" /><testcase classname="tests.unit.xmarket_contracts.test_synchronizer" name="test_none_line_and_line_ordering" time="0.000" /><testcase classname="tests.unit.xmarket_contracts.test_synchronizer" name="test_locked_book_is_crossed" time="0.000" /><testcase classname="tests.unit.xmarket_contracts.test_synchronizer" name="test_status_below_open_is_suspended" time="0.000" /><testcase classname="tests.unit.xmarket_contracts.test_synchronizer" name="test_status_equal_nonidentical_open_not_suspended" time="0.000" /><testcase classname="tests.unit.xmarket_contracts.test_synchronizer" name="test_best_level_non_numeric_size_excluded" time="0.000" /><testcase classname="tests.unit.xmarket_contracts.test_synchronizer" name="test_best_level_bool_size_excluded" time="0.000" /><testcase classname="tests.unit.xmarket_contracts.test_synchronizer" name="test_best_level_nonempty_all_filtered_zero_levels" time="0.000" /><testcase classname="tests.unit.xmarket_contracts.test_synchronizer" name="test_none_line_sentinel_orders_above_line_below_minus_one" time="0.000" /><testcase classname="tests.properties.analytics.test_export_contract_props" name="test_build_export_digest_is_deterministic" time="0.075" /><testcase classname="tests.properties.analytics.test_export_contract_props" name="test_build_export_digest_changes_when_a_probability_changes" time="0.102" /><testcase classname="tests.properties.analytics.test_export_contract_props" name="test_mapping_is_a_pure_deterministic_function_of_its_inputs" time="0.007" /><testcase classname="tests.properties.analytics.test_export_contract_props" name="test_mapping_ineligible_statuses_are_gate_independent" time="0.003" /><testcase classname="tests.properties.analytics.test_export_contract_props" name="test_display_decimal_never_mutates_input_and_is_idempotent_at_same_precision" time="0.067" /><testcase classname="tests.properties.analytics.test_export_contract_props" name="test_unavailable_forecast_always_carries_recommendation_not_evaluated" time="0.102" /><testcase classname="tests.properties.assistant_v0.test_v0_properties" name="test_scores_are_non_negative_and_finite" time="0.115" /><testcase classname="tests.properties.assistant_v0.test_v0_properties" name="test_confidence_in_the_winner_never_scores_worse" time="0.099" /><testcase classname="tests.properties.assistant_v0.test_v0_properties" name="test_winner_symmetry" time="0.100" /><testcase classname="tests.properties.assistant_v0.test_v0_properties" name="test_grading_is_deterministic" time="0.077" /><testcase classname="tests.properties.assistant_v0.test_v0_properties" name="test_absent_market_probability_is_always_excluded_never_scored" time="0.081" /><testcase classname="tests.properties.assistant_v0.test_v0_properties" name="test_final_probability_is_the_market_under_every_f2_view" time="0.164" /><testcase classname="tests.properties.assistant_v0.test_v0_properties" name="test_market_probabilities_sum_to_one_when_available" time="0.017" /><testcase classname="tests.properties.coherence.test_discretisation_stability_properties" name="test_p1_determinism" time="0.407" /><testcase classname="tests.properties.coherence.test_discretisation_stability_properties" name="test_p2_root_order_permutation_invariance" time="0.444" /><testcase classname="tests.properties.coherence.test_discretisation_stability_properties" name="test_p3_identical_trios_are_stable" time="0.230" /><testcase classname="tests.properties.coherence.test_discretisation_stability_properties" name="test_p4_snapshots_always_retained" time="0.345" /><testcase classname="tests.properties.coherence.test_discretisation_stability_properties" name="test_p5_unstable_implies_reason_and_disagreements" time="0.764" /><testcase classname="tests.properties.coherence.test_discretisation_stability_properties" name="test_p6_isolated_displacement_refuses" time="0.244" /><testcase classname="tests.properties.coherence.test_discretisation_stability_properties" name="test_p7_count_complete_matchings_symmetry" time="0.359" /><testcase classname="tests.properties.coherence.test_root_dedup_props" name="test_permutation_invariance_and_determinism" time="0.473" /><testcase classname="tests.properties.coherence.test_root_dedup_props" name="test_partition_validity_provenance_and_representatives" time="0.398" /><testcase classname="tests.properties.coherence.test_root_dedup_props" name="test_idempotence_and_total_output_order" time="0.311" /><testcase classname="tests.properties.coherence.test_root_dedup_props" name="test_edge_symmetry_matches_distance" time="0.140" /><testcase classname="tests.properties.governance.test_app_key_props" name="test_no_delayed_key_authorizes" time="0.091" /><testcase classname="tests.properties.governance.test_app_key_props" name="test_every_live_key_authorizes" time="0.072" /><testcase classname="tests.properties.governance.test_budgets_props" name="test_debit_leaves_other_budgets_unchanged" time="0.197" /><testcase classname="tests.properties.governance.test_output_rights_props" name="test_adding_a_source_never_widens_publication_rights" time="0.274" /><testcase classname="tests.properties.governance.test_output_rights_props" name="test_eligibility_is_deterministic" time="0.239" /><testcase classname="tests.properties.governance.test_output_rights_props" name="test_unknown_source_id_always_fails_closed" time="0.204" /><testcase classname="tests.properties.l0.test_clock_props" name="test_latency_equals_monotonic_delta_regardless_of_wall" time="0.211" /><testcase classname="tests.properties.l0.test_clock_props" name="test_cross_domain_always_raises" time="0.082" /><testcase classname="tests.properties.l0.test_command_persist_props" name="test_send_event_persisted_before_transport" time="0.658" /><testcase classname="tests.properties.l0.test_raw_capture_props" name="test_market_payload_stored_byte_exact" time="0.574" /><testcase classname="tests.properties.l0.test_raw_capture_props" name="test_every_message_preserved_in_order" time="0.562" /><testcase classname="tests.properties.l1.test_reducer_determinism" name="test_reduce_is_deterministic" time="0.499" /><testcase classname="tests.properties.l1.test_reducer_determinism" name="test_reduce_is_deterministic_full_surface" time="2.498" /><testcase classname="tests.properties.l3.test_feature_hash_determinism" name="test_hash_is_order_independent" time="0.258" /><testcase classname="tests.properties.l3.test_feature_hash_determinism" name="test_changing_one_value_changes_hash" time="0.245" /><testcase classname="tests.properties.l4.test_conditional_logit_props" name="test_probabilities_sum_to_one" time="0.346" /><testcase classname="tests.properties.l4.test_conditional_logit_props" name="test_runner_permutation_invariance_is_exact" time="0.453" /><testcase classname="tests.properties.l4.test_conditional_logit_props" name="test_per_race_feature_translation_leaves_probabilities_unchanged" time="0.400" /><testcase classname="tests.properties.l4.test_conditional_logit_props" name="test_fit_is_invariant_to_race_order_and_deterministic" time="0.203" /><testcase classname="tests.properties.l4.test_crossfit_props" name="test_every_oof_row_is_strictly_out_of_fold" time="0.242" /><testcase classname="tests.properties.l4.test_crossfit_props" name="test_cross_fit_is_deterministic" time="0.315" /><testcase classname="tests.properties.l4.test_crossfit_props" name="test_any_contaminated_row_is_caught" time="0.330" /><testcase classname="tests.properties.l4.test_distribution_props" name="test_bound_is_a_member_sample_and_conservative" time="0.338" /><testcase classname="tests.properties.l4.test_distribution_props" name="test_bound_is_monotone_in_the_quantile" time="0.398" /><testcase classname="tests.properties.l4.test_distribution_props" name="test_bound_is_deterministic_and_order_invariant" time="0.233" /><testcase classname="tests.properties.l4.test_horizon_props" name="test_mismatch_refuses_and_match_accepts" time="0.092" /><testcase classname="tests.properties.l4.test_horizon_props" name="test_label_round_trips_as_text" time="0.065" /><testcase classname="tests.properties.l4.test_objectives_props" name="test_log_score_matches_definition" time="0.218" /><testcase classname="tests.properties.l4.test_objectives_props" name="test_brier_is_bounded_and_exact" time="0.226" /><testcase classname="tests.properties.l4.test_objectives_props" name="test_scores_reject_unnormalised_races" time="0.114" /><testcase classname="tests.properties.l4.test_probability_outputs_props" name="test_race_normalisation_holds_over_generated_races" time="0.120" /><testcase classname="tests.properties.l4.test_probability_outputs_props" name="test_market_probabilities_normalise_over_generated_races" time="0.126" /><testcase classname="tests.properties.l4.test_probability_outputs_props" name="test_combined_probabilities_normalise_over_generated_races" time="0.142" /><testcase classname="tests.properties.l4.test_probability_outputs_props" name="test_market_probability_never_typechecks_as_fundamental" time="0.086" /><testcase classname="tests.properties.l4.test_probability_outputs_props" name="test_fundamental_probability_never_typechecks_as_combined" time="0.112" /><testcase classname="tests.properties.l4.test_probability_outputs_props" name="test_combined_probability_never_typechecks_as_market_info" time="0.105" /><testcase classname="tests.properties.l4.test_probability_outputs_props" name="test_missing_kind_access_always_raises_never_substitutes" time="0.146" /><testcase classname="tests.properties.l4.test_probability_outputs_props" name="test_fundamental_and_combined_reject_blank_lineage" time="0.089" /><testcase classname="tests.properties.l4.test_probability_outputs_props" name="test_market_probability_rejects_blank_price_version" time="0.092" /><testcase classname="tests.properties.l4.test_stage_two_props" name="test_output_sums_to_one_within_the_race" time="0.510" /><testcase classname="tests.properties.l4.test_stage_two_props" name="test_output_varies_with_alpha" time="0.525" /><testcase classname="tests.properties.l4.test_stage_two_props" name="test_output_varies_with_beta" time="0.651" /><testcase classname="tests.properties.l4.test_stage_two_props" name="test_increasing_a_fundamental_never_decreases_its_combined_probability" time="0.502" /><testcase classname="tests.properties.l4.test_stage_two_props" name="test_combiner_is_permutation_invariant_bit_exactly" time="0.202" /><testcase classname="tests.properties.l5.test_ev_metamorphic" name="test_ev_non_decreasing_in_probability" time="0.119" /><testcase classname="tests.properties.l5.test_ev_metamorphic" name="test_ev_non_increasing_in_commission" time="0.118" /><testcase classname="tests.properties.l5.test_ev_metamorphic" name="test_p_close_never_reaches_ev" time="0.104" /><testcase classname="tests.properties.l5.test_ev_metamorphic" name="test_ev_matches_closed_form" time="0.085" /><testcase classname="tests.properties.l5.test_execution_prop" name="test_every_built_order_is_taker_v1" time="0.099" /><testcase classname="tests.properties.l5.test_execution_prop" name="test_min_fill_not_equal_stake_always_rejected" time="0.102" /><testcase classname="tests.properties.l5.test_ladder_roundtrip" name="test_index_decimal_index_roundtrip_is_exact" time="0.060" /><testcase classname="tests.properties.l5.test_ladder_roundtrip" name="test_decimal_index_decimal_roundtrip_is_exact" time="0.059" /><testcase classname="tests.properties.l5.test_ladder_roundtrip" name="test_order_preserving" time="0.156" /><testcase classname="tests.properties.l5.test_ladder_roundtrip" name="test_adjacent_indices_differ_by_a_positive_step" time="0.060" /><testcase classname="tests.properties.l5.test_one_runner_prop" name="test_chosen_maximises_ev_then_minimises_id" time="0.193" /><testcase classname="tests.properties.l5.test_one_runner_prop" name="test_selection_is_order_independent" time="0.205" /><testcase classname="tests.properties.l5.test_one_runner_prop" name="test_second_position_always_refused" time="0.078" /><testcase classname="tests.properties.l5.test_prices_distinct" name="test_odds_exec_preserves_ladder_price" time="0.061" /><testcase classname="tests.properties.l5.test_prices_distinct" name="test_odds_exec_and_close_price_never_equal" time="0.063" /><testcase classname="tests.properties.l6.test_exposure_props" name="test_duplicate_commands_never_change_exposure" time="0.678" /><testcase classname="tests.properties.l6.test_exposure_props" name="test_distinct_ref_same_market_always_refused_never_merged" time="0.134" /><testcase classname="tests.properties.l6.test_order_state_props" name="test_history_append_only_and_matched_monotone_along_any_legal_path" time="0.261" /><testcase classname="tests.properties.l6.test_order_state_props" name="test_illegal_transition_always_raises_regardless_of_other_fields" time="0.288" /><testcase classname="tests.properties.l6.test_reservation_props" name="test_reservation_tracks_the_release_predicate_along_any_legal_path" time="0.417" /><testcase classname="tests.properties.l7.test_ledger_props" name="test_duplicate_acks_add_no_exposure" time="0.009" /><testcase classname="tests.properties.l7.test_ledger_props" name="test_void_market_settles_to_zero" time="0.074" /><testcase classname="tests.properties.l7.test_pnl_props" name="test_winner_matches_closed_form" time="0.388" /><testcase classname="tests.properties.l7.test_pnl_props" name="test_loser_pnl_is_exactly_negative_stake" time="0.451" /><testcase classname="tests.properties.l7.test_pnl_props" name="test_adding_a_reduction_factor_never_increases_effective_odds" time="0.413" /><testcase classname="tests.properties.l7.test_pnl_props" name="test_effective_odds_are_order_independent" time="0.445" /><testcase classname="tests.properties.l7.test_pnl_props" name="test_deeper_dead_heat_never_pays_more" time="0.362" /><testcase classname="tests.properties.l7.test_pnl_props" name="test_winner_pnl_is_bounded" time="0.452" /><testcase classname="tests.properties.l7.test_pnl_props" name="test_void_and_abandoned_markets_always_settle_to_zero" time="0.202" /><testcase classname="tests.properties.l7.test_settlement_props" name="test_settlement_identity" time="0.270" /><testcase classname="tests.properties.l7.test_settlement_props" name="test_loser_never_charged_commission" time="0.234" /><testcase classname="tests.properties.l7.test_settlement_props" name="test_commission_monotone_in_rate" time="0.378" /><testcase classname="tests.properties.l8.test_calibration_props" name="test_wilson_interval_always_within_unit_interval_and_contains_point_estimate" time="0.038" /><testcase classname="tests.properties.l8.test_calibration_props" name="test_wilson_interval_widens_as_confidence_increases" time="0.020" /><testcase classname="tests.properties.l8.test_calibration_props" name="test_wilson_interval_deterministic" time="0.042" /><testcase classname="tests.properties.l8.test_calibration_props" name="test_adaptive_bins_always_gap_free_partition" time="0.269" /><testcase classname="tests.properties.l8.test_calibration_props" name="test_temperature_scaling_output_always_sums_to_one" time="0.055" /><testcase classname="tests.properties.l8.test_calibration_props" name="test_temperature_scaling_t_greater_than_one_strictly_flattens" time="0.057" /><testcase classname="tests.properties.l8.test_calibration_props" name="test_temperature_scaling_is_deterministic" time="0.075" /><testcase classname="tests.properties.l8.test_calibration_props" name="test_temperature_scaling_identity_at_t_equals_one" time="0.036" /><testcase classname="tests.properties.l8.test_clv_props" name="test_clv_bps_sign_matches_taken_vs_close" time="0.310" /><testcase classname="tests.properties.l8.test_clv_props" name="test_clv_bps_is_negation_symmetric_under_swap" time="0.248" /><testcase classname="tests.properties.l8.test_clv_props" name="test_odds_ratio_matches_direct_division" time="0.234" /><testcase classname="tests.properties.l8.test_clv_props" name="test_content_digest_is_deterministic" time="0.211" /><testcase classname="tests.properties.l8.test_clv_props" name="test_execution_policy_value_equals_difference_when_closings_match" time="0.318" /><testcase classname="tests.properties.l8.test_clv_props" name="test_execution_policy_value_refuses_differing_bsp_observations" time="0.259" /><testcase classname="tests.properties.l8.test_clv_props" name="test_wap_window_construction_matches_validity_predicate" time="0.159" /><testcase classname="tests.properties.l8.test_clv_props" name="test_clv_batch_counts_always_sum" time="0.155" /><testcase classname="tests.properties.l8.test_clv_props" name="test_clv_batch_refuses_overlapping_order_refs" time="0.006" /><testcase classname="tests.properties.l8.test_evaluator_props" name="test_insufficient_evidence_never_passes" time="0.489" /><testcase classname="tests.properties.l8.test_evaluator_props" name="test_verdict_is_always_four_valued_and_never_truth_testable" time="0.546" /><testcase classname="tests.properties.l8.test_evaluator_props" name="test_any_stale_fact_defeats_any_evidence" time="0.310" /><testcase classname="tests.properties.l8.test_evaluator_props" name="test_loss_budget_breach_always_fails_harm" time="0.330" /><testcase classname="tests.properties.l8.test_evaluator_props" name="test_false_harm_precondition_always_fails_harm" time="0.391" /><testcase classname="tests.properties.l8.test_evaluator_props" name="test_trial_count_downward_closure" time="0.331" /><testcase classname="tests.properties.l8.test_evaluator_props" name="test_evaluation_is_deterministic" time="0.339" /><testcase classname="tests.properties.l8.test_evaluator_props" name="test_increasing_recurring_costs_never_shortens_payback" time="0.432" /><testcase classname="tests.properties.l8.test_evaluator_props" name="test_increasing_fixed_costs_never_shortens_payback" time="0.349" /><testcase classname="tests.properties.l8.test_explanation_inputs_props" name="test_same_inputs_produce_identical_digest_and_reason_codes" time="0.251" /><testcase classname="tests.properties.l8.test_explanation_inputs_props" name="test_reordering_contributions_does_not_change_digest_or_reason_codes" time="0.244" /><testcase classname="tests.properties.l8.test_lockbox_props" name="test_every_access_after_the_first_always_raises_burned" time="0.213" /><testcase classname="tests.properties.l8.test_lockbox_props" name="test_first_access_always_burns_the_lockbox_regardless_of_gate_id" time="0.005" /><testcase classname="tests.properties.l8.test_lockbox_props" name="test_burn_reason_matches_whether_the_access_was_gate1" time="0.004" /><testcase classname="tests.properties.l8.test_lockbox_props" name="test_replaying_the_event_log_reproduces_identical_state" time="0.121" /><testcase classname="tests.properties.l8.test_lockbox_props" name="test_derive_state_is_burned_whenever_any_burned_event_is_present" time="0.053" /><testcase classname="tests.properties.l8.test_lockbox_props" name="test_derive_state_is_sealed_when_no_burned_event_is_present" time="0.007" /><testcase classname="tests.properties.l8.test_lockbox_props" name="test_content_digest_is_deterministic_for_identical_events" time="0.042" /><testcase classname="tests.properties.l8.test_lockbox_props" name="test_content_digest_changes_when_monotonic_ns_differs" time="0.050" /><testcase classname="tests.properties.l8.test_lockbox_props" name="test_content_digest_changes_with_burn_reason" time="0.003" /><testcase classname="tests.properties.l8.test_lockbox_props" name="test_content_digest_changes_with_gate_id" time="0.006" /><testcase classname="tests.properties.l8.test_outcome_fields_props" name="test_recorder_admits_exactly_the_safe_fields" time="0.240" /><testcase classname="tests.properties.l8.test_outcome_fields_props" name="test_manifest_digest_is_order_independent" time="0.337" /><testcase classname="tests.properties.l8.test_outcome_fields_props" name="test_no_non_safe_field_can_ever_be_recorded" time="0.006" /><testcase classname="tests.properties.l8.test_paired_inference_props" name="test_mean_d_equals_constant_d_r_when_all_races_share_one_value" time="0.076" /><testcase classname="tests.properties.l8.test_paired_inference_props" name="test_ci_bounds_ordered_and_mean_within_observed_range" time="0.330" /><testcase classname="tests.properties.l8.test_paired_inference_props" name="test_same_seed_is_byte_identical_digest" time="0.293" /><testcase classname="tests.properties.l8.test_paired_inference_props" name="test_empirical_percentile_monotone_and_bounded" time="0.168" /><testcase classname="tests.properties.l8.test_prediction_snapshots_props" name="test_content_digest_is_deterministic_for_identical_inputs" time="0.081" /><testcase classname="tests.properties.l8.test_prediction_snapshots_props" name="test_content_digest_changes_when_market_state_changes" time="0.102" /><testcase classname="tests.properties.l8.test_prediction_snapshots_props" name="test_fair_odds_round_trips_exactly_via_decimal_inversion" time="0.045" /><testcase classname="tests.properties.l8.test_prediction_snapshots_props" name="test_fair_odds_are_always_greater_than_one" time="0.044" /><testcase classname="tests.properties.l8.test_prediction_snapshots_props" name="test_active_runner_set_hash_is_order_independent" time="0.069" /><testcase classname="tests.properties.l8.test_prediction_snapshots_props" name="test_active_runner_set_hash_changes_when_a_runner_is_removed" time="0.080" /><testcase classname="tests.properties.l8.test_prediction_snapshots_props" name="test_vintage_reason_matrix_only_accepts_the_declared_mapping" time="0.025" /><testcase classname="tests.properties.l8.test_predictor_metrics_props" name="test_coverage_never_exceeds_one" time="0.043" /><testcase classname="tests.properties.l8.test_predictor_metrics_props" name="test_coverage_monotone_in_evaluated" time="0.038" /><testcase classname="tests.properties.l8.test_predictor_metrics_props" name="test_digest_deterministic_across_repeated_calls" time="0.052" /><testcase classname="tests.properties.l8.test_predictor_metrics_props" name="test_log_score_worsens_as_winner_probability_falls" time="0.046" /><testcase classname="tests.properties.l8.test_predictor_metrics_props" name="test_same_race_different_kind_never_merged" time="0.034" /><testcase classname="tests.properties.l8.test_sample_size_props" name="test_n_required_is_non_increasing_in_delta" time="0.307" /><testcase classname="tests.properties.l8.test_sample_size_props" name="test_n_required_is_non_decreasing_in_sigma_d" time="0.226" /><testcase classname="tests.properties.l8.test_sample_size_props" name="test_n_required_is_non_decreasing_in_power" time="0.228" /><testcase classname="tests.properties.l8.test_sample_size_props" name="test_content_digest_is_deterministic_across_rebuilds" time="0.104" /><testcase classname="tests.properties.l8.test_sample_size_props" name="test_n_required_is_always_a_positive_integer" time="0.101" /><testcase classname="tests.properties.l8.test_trial_ledger_props" name="test_content_digest_is_deterministic_for_identical_field_values" time="0.091" /><testcase classname="tests.properties.l8.test_trial_ledger_props" name="test_content_digest_changes_when_alpha_budget_changes" time="0.070" /><testcase classname="tests.properties.l8.test_trial_ledger_props" name="test_prior_trial_count_is_strictly_monotone_by_registration_order" time="0.012" /><testcase classname="tests.properties.l8.test_trial_ledger_props" name="test_appending_later_registrations_never_changes_an_earlier_digest" time="0.055" /></testsuite></testsuites>