<?xml version="1.0" encoding="utf-8"?><testsuites name="pytest tests"><testsuite name="pytest" errors="0" failures="0" skipped="0" tests="18" time="136.224" timestamp="2026-07-25T00:15:04.473734+00:00" hostname="vm"><testcase classname="tests.unit.coherence.test_degeneracy_diagnostic" name="test_g0_is_exactly_the_production_axis" time="0.001" /><testcase classname="tests.unit.coherence.test_degeneracy_diagnostic" name="test_g1_nested_double_density" time="0.000" /><testcase classname="tests.unit.coherence.test_degeneracy_diagnostic" name="test_g2_half_cell_phase_shift" time="0.000" /><testcase classname="tests.unit.coherence.test_degeneracy_diagnostic" name="test_g3_double_density_phase_shift" time="0.000" /><testcase classname="tests.unit.coherence.test_degeneracy_diagnostic" name="test_harness_g0_reproduces_production_g0_baseline_exactly" time="65.825" /><testcase classname="tests.unit.coherence.test_degeneracy_diagnostic" name="test_amended_identify_refuses_the_disputed_fixture" time="45.041" /><testcase classname="tests.unit.coherence.test_degeneracy_diagnostic" name="test_harness_exposes_candidate_provenance" time="14.781" /><testcase classname="tests.unit.coherence.test_degeneracy_diagnostic" name="test_compare_lattices_stable_when_all_agree" time="0.000" /><testcase classname="tests.unit.coherence.test_degeneracy_diagnostic" name="test_compare_lattices_sensitive_on_count_or_pairing_change" time="0.000" /><testcase classname="tests.unit.coherence.test_degeneracy_diagnostic" name="test_decision_truth_table[facts0-AMENDMENT_DISCRETISATION_STABILITY_REQUIRED]" time="0.001" /><testcase classname="tests.unit.coherence.test_degeneracy_diagnostic" name="test_decision_truth_table[facts1-AMENDMENT_DISCRETISATION_STABILITY_REQUIRED]" time="0.000" /><testcase classname="tests.unit.coherence.test_degeneracy_diagnostic" name="test_decision_truth_table[facts2-AMENDMENT_VALLEY_DEGENERACY_REQUIRED]" time="0.000" /><testcase classname="tests.unit.coherence.test_degeneracy_diagnostic" name="test_decision_truth_table[facts3-AMENDMENT_VALLEY_DEGENERACY_REQUIRED]" time="0.000" /><testcase classname="tests.unit.coherence.test_degeneracy_diagnostic" name="test_decision_truth_table[facts4-REFERENCE_IMPLEMENTATION_DEFECT]" time="0.000" /><testcase classname="tests.unit.coherence.test_degeneracy_diagnostic" name="test_decision_truth_table[facts5-MATHEMATICAL_CONTRACT_UNRESOLVED]" time="0.000" /><testcase classname="tests.unit.coherence.test_degeneracy_diagnostic" name="test_decision_truth_table[facts6-SOLVER_PATH_NOT_ECONOMICAL]" time="0.000" /><testcase classname="tests.unit.coherence.test_degeneracy_diagnostic" name="test_harness_is_test_only" time="0.009" /><testcase classname="tests.unit.coherence.test_degeneracy_diagnostic" name="test_fixture_freeze_artifact_matches_g0_baseline" time="10.506" /></testsuite></testsuites>