<?xml version="1.0" encoding="utf-8"?><testsuites name="pytest tests"><testsuite name="pytest" errors="0" failures="0" skipped="0" tests="35" time="255.186" timestamp="2026-07-25T00:34:18.499171+00:00" hostname="vm"><testcase classname="tests.unit.coherence.test_discretisation_stability" name="test_scan_variant_vocabulary_frozen" time="0.001" /><testcase classname="tests.unit.coherence.test_discretisation_stability" name="test_no_g3_variant_registered" time="0.001" /><testcase classname="tests.unit.coherence.test_discretisation_stability" name="test_g0_axis_is_the_production_axis" time="0.000" /><testcase classname="tests.unit.coherence.test_discretisation_stability" name="test_variant_axes_reproduce_a2_frozen_rules_exactly" time="0.000" /><testcase classname="tests.unit.coherence.test_discretisation_stability" name="test_variant_axes_reproduce_a2_artifact_axes_exactly" time="0.002" /><testcase classname="tests.unit.coherence.test_discretisation_stability" name="test_g2_dedup_guard_boundary_and_duplicate_semantics" time="0.000" /><testcase classname="tests.unit.coherence.test_discretisation_stability" name="test_g2_interior_range_is_length_arithmetic_not_parity_trick" time="0.000" /><testcase classname="tests.unit.coherence.test_discretisation_stability" name="test_g2_cell_width_is_subtraction_not_modulo" time="0.000" /><testcase classname="tests.unit.coherence.test_discretisation_stability" name="test_variant_definitions_pin_the_registration" time="0.010" /><testcase classname="tests.unit.coherence.test_discretisation_stability" name="test_solve_on_axis_coarse_step_uses_cardinality_decrement_not_xor" time="2.947" /><testcase classname="tests.unit.coherence.test_discretisation_stability" name="test_variant_solve_snapshot_immutable_and_digested" time="0.001" /><testcase classname="tests.unit.coherence.test_discretisation_stability" name="test_10_5_root_count_disagreement_is_unstable" time="0.001" /><testcase classname="tests.unit.coherence.test_discretisation_stability" name="test_10_6_status_disagreement_and_no_root_mixture_are_unstable" time="0.000" /><testcase classname="tests.unit.coherence.test_discretisation_stability" name="test_10_7_location_mismatch_no_or_ambiguous_matching_is_unstable" time="0.001" /><testcase classname="tests.unit.coherence.test_discretisation_stability" name="test_count_complete_matchings_is_set_defined" time="0.000" /><testcase classname="tests.unit.coherence.test_discretisation_stability" name="test_10_8_boundary_flag_mismatch_is_unstable" time="0.000" /><testcase classname="tests.unit.coherence.test_discretisation_stability" name="test_10_9_mirror_relation_mismatch_is_unstable" time="0.000" /><testcase classname="tests.unit.coherence.test_discretisation_stability" name="test_all_non_identifiable_is_stable_refusal_agreement" time="0.000" /><testcase classname="tests.unit.coherence.test_discretisation_stability" name="test_all_no_root_is_stable" time="0.000" /><testcase classname="tests.unit.coherence.test_discretisation_stability" name="test_10_11_root_order_permutation_invariance" time="0.001" /><testcase classname="tests.unit.coherence.test_discretisation_stability" name="test_comparator_refuses_malformed_input_rather_than_hiding_it" time="0.000" /><testcase classname="tests.unit.coherence.test_discretisation_stability" name="test_decision_serialize_digest_and_frozen" time="0.001" /><testcase classname="tests.unit.coherence.test_discretisation_stability" name="test_matching_count_cap_and_length_mismatch_directions" time="0.000" /><testcase classname="tests.unit.coherence.test_discretisation_stability" name="test_comparator_refuses_surplus_snapshots_and_positional_calls" time="0.000" /><testcase classname="tests.unit.coherence.test_discretisation_stability" name="test_comparison_base_is_g0_for_status_and_mirror" time="0.000" /><testcase classname="tests.unit.coherence.test_discretisation_stability" name="test_all_refusal_shortcut_keys_on_exact_non_identifiable_not_ordering" time="0.000" /><testcase classname="tests.unit.coherence.test_discretisation_stability" name="test_status_comparison_is_value_equality_not_identity_or_ordering" time="0.001" /><testcase classname="tests.unit.coherence.test_discretisation_stability" name="test_pairwise_disagreements_are_exhaustive_and_direction_blind" time="0.001" /><testcase classname="tests.unit.coherence.test_discretisation_stability" name="test_10_1_a2_valley_refused_with_internal_reason" time="43.974" /><testcase classname="tests.unit.coherence.test_discretisation_stability" name="test_10_2_stable_unique_root_is_byte_identical_to_v2" time="55.827" /><testcase classname="tests.unit.coherence.test_discretisation_stability" name="test_10_3_stable_no_root_is_byte_identical_to_v2" time="56.392" /><testcase classname="tests.unit.coherence.test_discretisation_stability" name="test_10_4_stable_mirror_pair_is_byte_identical_to_v2" time="44.794" /><testcase classname="tests.unit.coherence.test_discretisation_stability" name="test_10_10_first_server_isolation_refuses_before_union" time="51.140" /><testcase classname="tests.unit.coherence.test_discretisation_stability" name="test_no_runtime_switch_and_unchanged_public_entrypoint" time="0.001" /><testcase classname="tests.unit.coherence.test_discretisation_stability" name="test_internal_reason_is_not_a_public_status" time="0.000" /></testsuite></testsuites>