<?xml version="1.0" encoding="utf-8"?><testsuites name="pytest tests"><testsuite name="pytest" errors="0" failures="0" skipped="0" tests="11" time="499.504" timestamp="2026-07-25T00:38:42.884431+00:00" hostname="vm"><testcase classname="tests.unit.coherence.test_solver" name="test_identify_recovers_asymmetric_truth_when_mirror_out_of_domain" time="58.730" /><testcase classname="tests.unit.coherence.test_solver" name="test_recovered_pa_preserves_truth_ordering" time="105.119" /><testcase classname="tests.unit.coherence.test_solver" name="test_near_certain_match_is_not_point_identified" time="51.290" /><testcase classname="tests.unit.coherence.test_solver" name="test_symmetric_match_is_mirror_degenerate" time="43.874" /><testcase classname="tests.unit.coherence.test_solver" name="test_unreachable_over_target_is_no_root" time="59.153" /><testcase classname="tests.unit.coherence.test_solver" name="test_flat_over_line_is_not_identified" time="56.623" /><testcase classname="tests.unit.coherence.test_solver" name="test_jacobian_degenerate_when_over_is_flat" time="0.033" /><testcase classname="tests.unit.coherence.test_solver" name="test_jacobian_nondegenerate_at_normal_point" time="0.041" /><testcase classname="tests.unit.coherence.test_solver" name="test_identify_is_deterministic" time="124.588" /><testcase classname="tests.unit.coherence.test_solver" name="test_bad_domain_refused" time="0.000" /><testcase classname="tests.unit.coherence.test_solver" name="test_bad_targets_refused" time="0.000" /></testsuite></testsuites>