<?xml version="1.0" encoding="utf-8"?><testsuites name="pytest tests"><testsuite name="pytest" errors="0" failures="0" skipped="0" tests="6" time="282.741" timestamp="2026-07-25T07:41:32.590178+00:00" hostname="vm"><testcase classname="tests.unit.coherence.test_solver" name="test_bad_domain_refused" time="0.001" /><testcase classname="tests.unit.coherence.test_solver" name="test_bad_targets_refused" time="0.000" /><testcase classname="tests.unit.coherence.test_solver" name="test_flat_over_line_is_not_identified" time="66.663" /><testcase classname="tests.unit.coherence.test_solver" name="test_identify_is_deterministic" time="148.168" /><testcase classname="tests.unit.coherence.test_solver" name="test_identify_recovers_asymmetric_truth_when_mirror_out_of_domain" time="67.819" /><testcase classname="tests.unit.coherence.test_solver" name="test_jacobian_degenerate_when_over_is_flat" time="0.037" /></testsuite></testsuites>