<?xml version="1.0" encoding="utf-8"?><testsuites name="pytest tests"><testsuite name="pytest" errors="0" failures="0" skipped="0" tests="3" time="375.859" timestamp="2026-07-25T07:04:34.613548+00:00" hostname="vm"><testcase classname="tests.unit.coherence.test_solver_golden" name="test_derived_targets_match_golden" time="0.593" /><testcase classname="tests.unit.coherence.test_solver_golden" name="test_identify_matches_golden" time="375.216" /><testcase classname="tests.unit.coherence.test_solver_golden" name="test_dedup_unit_fixtures_match_golden" time="0.002" /></testsuite></testsuites>