<?xml version="1.0" encoding="utf-8"?><testsuites name="pytest tests"><testsuite name="pytest" errors="0" failures="0" skipped="0" tests="80" time="9.729" timestamp="2026-07-25T06:44:31.698981+00:00" hostname="vm"><testcase classname="tests.unit.coherence.test_match_ref_bo3_fast" name="test_match_exact_vs_reference_bo3_fast[True-MatchFormat.BO3_AD_TB7_ALL_SETS]" time="1.345" /><testcase classname="tests.unit.coherence.test_match_ref_bo3_fast" name="test_match_exact_vs_reference_bo3_fast[True-MatchFormat.BO3_AD_TB10_FINAL_AT_6_6]" time="1.326" /><testcase classname="tests.unit.coherence.test_match_ref_bo3_fast" name="test_match_exact_vs_reference_bo3_fast[True-MatchFormat.BO3_AD_MATCH_TB10_REPLACES_DECIDER]" time="1.291" /><testcase classname="tests.unit.coherence.test_match_ref_bo3_fast" name="test_match_exact_vs_reference_bo3_fast[False-MatchFormat.BO3_AD_TB7_ALL_SETS]" time="1.333" /><testcase classname="tests.unit.coherence.test_match_ref_bo3_fast" name="test_match_exact_vs_reference_bo3_fast[False-MatchFormat.BO3_AD_TB10_FINAL_AT_6_6]" time="1.297" /><testcase classname="tests.unit.coherence.test_match_ref_bo3_fast" name="test_match_exact_vs_reference_bo3_fast[False-MatchFormat.BO3_AD_MATCH_TB10_REPLACES_DECIDER]" time="1.257" /><testcase classname="tests.unit.coherence.test_match_ref_bo3_fast" name="test_match_distribution_serves_first_is_keyword_only" time="0.001" /><testcase classname="tests.unit.coherence.test_normalization" name="test_tolerance_is_exactly_1e_9" time="0.000" /><testcase classname="tests.unit.coherence.test_normalization" name="test_exactly_one_passes" time="0.000" /><testcase classname="tests.unit.coherence.test_normalization" name="test_within_tolerance_passes" time="0.000" /><testcase classname="tests.unit.coherence.test_normalization" name="test_just_beyond_tolerance_refused" time="0.000" /><testcase classname="tests.unit.coherence.test_normalization" name="test_clearly_non_normalized_refused" time="0.000" /><testcase classname="tests.unit.coherence.test_normalization" name="test_nan_and_infinities_are_refused" time="0.000" /><testcase classname="tests.unit.coherence.test_normalization" name="test_nan_specifically_refused" time="0.000" /><testcase classname="tests.unit.coherence.test_pmf_direct" name="test_over_under_half_line_partitions_exactly" time="0.000" /><testcase classname="tests.unit.coherence.test_pmf_direct" name="test_over_under_integer_line_push" time="0.000" /><testcase classname="tests.unit.coherence.test_pmf_direct" name="test_over_monotone_decreasing_in_line" time="0.001" /><testcase classname="tests.unit.coherence.test_pmf_direct" name="test_handicap_half_line_no_push" time="0.000" /><testcase classname="tests.unit.coherence.test_pmf_direct" name="test_handicap_integer_line_push" time="0.000" /><testcase classname="tests.unit.coherence.test_pmf_direct" name="test_handicap_zero_line_is_sign_of_margin" time="0.000" /><testcase classname="tests.unit.coherence.test_pmf_direct" name="test_expectations" time="0.000" /><testcase classname="tests.unit.coherence.test_pmf_direct" name="test_bad_line_and_pmf_refused" time="0.000" /><testcase classname="tests.unit.coherence.test_pmf_direct" name="test_line_guard_refuses_line_whose_double_rounds_down" time="0.000" /><testcase classname="tests.unit.coherence.test_reachability" name="test_game_reachable_bounded_and_win_guard_tight_on_reachable" time="0.001" /><testcase classname="tests.unit.coherence.test_reachability" name="test_tiebreak_reachable_bounded_and_guard_tight[7]" time="0.001" /><testcase classname="tests.unit.coherence.test_reachability" name="test_tiebreak_reachable_bounded_and_guard_tight[10]" time="0.001" /><testcase classname="tests.unit.coherence.test_reachability" name="test_set_reachable_terminal_and_unreachable_sets" time="0.001" /><testcase classname="tests.unit.coherence.test_reachability" name="test_set_reachable_states_are_valid_prefixes" time="0.001" /><testcase classname="tests.unit.coherence.test_reference_independence" name="test_reference_imports_no_production_logic_module" time="0.006" /><testcase classname="tests.unit.coherence.test_reference_independence" name="test_reference_imports_only_data_from_formats" time="0.003" /><testcase classname="tests.unit.coherence.test_reference_independence" name="test_reference_source_references_no_production_logic_symbol" time="0.006" /><testcase classname="tests.unit.coherence.test_root_dedup" name="test_chebyshev_distance_exact" time="0.000" /><testcase classname="tests.unit.coherence.test_root_dedup" name="test_edge_boundary_is_strict_less_than" time="0.000" /><testcase classname="tests.unit.coherence.test_root_dedup" name="test_chain_refuses_identically_for_every_permutation[perm0]" time="0.001" /><testcase classname="tests.unit.coherence.test_root_dedup" name="test_chain_refuses_identically_for_every_permutation[perm1]" time="0.001" /><testcase classname="tests.unit.coherence.test_root_dedup" name="test_chain_refuses_identically_for_every_permutation[perm2]" time="0.001" /><testcase classname="tests.unit.coherence.test_root_dedup" name="test_chain_refuses_identically_for_every_permutation[perm3]" time="0.000" /><testcase classname="tests.unit.coherence.test_root_dedup" name="test_chain_refuses_identically_for_every_permutation[perm4]" time="0.000" /><testcase classname="tests.unit.coherence.test_root_dedup" name="test_chain_refuses_identically_for_every_permutation[perm5]" time="0.000" /><testcase classname="tests.unit.coherence.test_root_dedup" name="test_chain_serialization_identical_across_permutations" time="0.001" /><testcase classname="tests.unit.coherence.test_root_dedup" name="test_absolute_digest_pins" time="0.001" /><testcase classname="tests.unit.coherence.test_root_dedup" name="test_component_diameter_exactly_at_tolerance_refuses" time="0.000" /><testcase classname="tests.unit.coherence.test_root_dedup" name="test_valid_close_cluster_all_permutations[perm0]" time="0.001" /><testcase classname="tests.unit.coherence.test_root_dedup" name="test_valid_close_cluster_all_permutations[perm1]" time="0.001" /><testcase classname="tests.unit.coherence.test_root_dedup" name="test_valid_close_cluster_all_permutations[perm2]" time="0.001" /><testcase classname="tests.unit.coherence.test_root_dedup" name="test_valid_close_cluster_all_permutations[perm3]" time="0.001" /><testcase classname="tests.unit.coherence.test_root_dedup" name="test_valid_close_cluster_all_permutations[perm4]" time="0.001" /><testcase classname="tests.unit.coherence.test_root_dedup" name="test_valid_close_cluster_all_permutations[perm5]" time="0.001" /><testcase classname="tests.unit.coherence.test_root_dedup" name="test_distinct_roots_preserved_and_canonically_ordered" time="0.001" /><testcase classname="tests.unit.coherence.test_root_dedup" name="test_representative_lowest_residual_wins" time="0.000" /><testcase classname="tests.unit.coherence.test_root_dedup" name="test_representative_residual_tie_lower_p_a_then_p_b" time="0.000" /><testcase classname="tests.unit.coherence.test_root_dedup" name="test_representative_full_tie_first_server_then_fingerprint" time="0.001" /><testcase classname="tests.unit.coherence.test_root_dedup" name="test_representative_key_orientation" time="0.000" /><testcase classname="tests.unit.coherence.test_root_dedup" name="test_first_server_cluster_retains_both_assignments" time="0.001" /><testcase classname="tests.unit.coherence.test_root_dedup" name="test_mirror_roots_beyond_tolerance_stay_distinct" time="0.000" /><testcase classname="tests.unit.coherence.test_root_dedup" name="test_boundary_metadata_preserved_from_actual_candidates" time="0.000" /><testcase classname="tests.unit.coherence.test_root_dedup" name="test_idempotence_on_representatives" time="0.001" /><testcase classname="tests.unit.coherence.test_root_dedup" name="test_contracts_are_frozen_and_finite_only" time="0.000" /><testcase classname="tests.unit.coherence.test_root_dedup" name="test_component_and_diameter_seams" time="0.001" /><testcase classname="tests.unit.coherence.test_root_dedup" name="test_empty_input_yields_empty_result" time="0.000" /><testcase classname="tests.unit.coherence.test_root_dedup" name="test_solver_chain_candidates_refuse_as_non_identifiable" time="1.675" /><testcase classname="tests.unit.coherence.test_root_dedup_independent" name="test_reference_module_is_independent" time="0.002" /><testcase classname="tests.unit.coherence.test_root_dedup_independent" name="test_all_permutations_of_bounded_sets_agree" time="0.012" /><testcase classname="tests.unit.coherence.test_root_dedup_independent" name="test_randomized_deterministic_sets_agree" time="0.021" /><testcase classname="tests.unit.coherence.test_root_dedup_independent" name="test_two_ambiguous_chains_order_by_first_member_fingerprint" time="0.001" /><testcase classname="tests.unit.coherence.test_root_dedup_independent" name="test_two_valid_components_order_by_first_member_fingerprint" time="0.001" /><testcase classname="tests.unit.coherence.test_root_dedup_independent" name="test_mixed_chain_and_valid_components_agree" time="0.006" /><testcase classname="tests.unit.coherence.test_rootset" name="test_candidate_validation_refuses_nonfinite" time="0.000" /><testcase classname="tests.unit.coherence.test_rootset" name="test_candidate_is_frozen_and_value_equal" time="0.000" /><testcase classname="tests.unit.coherence.test_rootset" name="test_candidate_serialization_and_digest_bind_the_governing_fingerprint" time="0.000" /><testcase classname="tests.unit.coherence.test_rootset" name="test_direct_nearness_delegates_to_the_governing_rule" time="0.000" /><testcase classname="tests.unit.coherence.test_rootset" name="test_mirror_coordinates_exact" time="0.000" /><testcase classname="tests.unit.coherence.test_rootset" name="test_mirror_relation_cases" time="0.000" /><testcase classname="tests.unit.coherence.test_rootset" name="test_boundary_seam_matches_frozen_rule" time="0.000" /><testcase classname="tests.unit.coherence.test_rootset" name="test_per_solve_decision_table_is_exhaustive" time="0.000" /><testcase classname="tests.unit.coherence.test_rootset" name="test_overall_decision_table_is_exhaustive" time="0.000" /><testcase classname="tests.unit.coherence.test_rootset" name="test_root_set_valid_cluster_facts" time="0.000" /><testcase classname="tests.unit.coherence.test_rootset" name="test_root_set_ambiguous_chain_facts" time="0.001" /><testcase classname="tests.unit.coherence.test_rootset" name="test_root_set_serialization_digest_and_permutation_invariance" time="0.001" /><testcase classname="tests.unit.coherence.test_rootset" name="test_root_set_boundary_root_facts" time="0.000" /></testsuite></testsuites>