<?xml version="1.0" encoding="utf-8"?><testsuites name="pytest tests"><testsuite name="pytest" errors="0" failures="0" skipped="0" tests="300" time="15.688" timestamp="2026-07-25T00:05:51.972525+00:00" hostname="vm"><testcase classname="tests.unit.analytics.test_export_contract" name="test_module_has_no_forbidden_import_statements" time="0.014" /><testcase classname="tests.unit.analytics.test_export_contract" name="test_every_availability_x_eligibility_combination_is_constructible[True-eligibility0]" time="0.001" /><testcase classname="tests.unit.analytics.test_export_contract" name="test_every_availability_x_eligibility_combination_is_constructible[True-eligibility1]" time="0.001" /><testcase classname="tests.unit.analytics.test_export_contract" name="test_every_availability_x_eligibility_combination_is_constructible[True-eligibility2]" time="0.001" /><testcase classname="tests.unit.analytics.test_export_contract" name="test_every_availability_x_eligibility_combination_is_constructible[False-eligibility0]" time="0.001" /><testcase classname="tests.unit.analytics.test_export_contract" name="test_every_availability_x_eligibility_combination_is_constructible[False-eligibility1]" time="0.000" /><testcase classname="tests.unit.analytics.test_export_contract" name="test_every_availability_x_eligibility_combination_is_constructible[False-eligibility2]" time="0.001" /><testcase classname="tests.unit.analytics.test_export_contract" name="test_every_unavailable_variant_is_constructible[ForecastAvailability.UNAVAILABLE_NO_PREDICTION]" time="0.000" /><testcase classname="tests.unit.analytics.test_export_contract" name="test_every_unavailable_variant_is_constructible[ForecastAvailability.UNAVAILABLE_EXCLUDED]" time="0.000" /><testcase classname="tests.unit.analytics.test_export_contract" name="test_every_unavailable_variant_is_constructible[ForecastAvailability.WITHHELD_DATA_QUALITY]" time="0.000" /><testcase classname="tests.unit.analytics.test_export_contract" name="test_unavailable_forecast_refuses_available_variant" time="0.000" /><testcase classname="tests.unit.analytics.test_export_contract" name="test_unavailable_forecast_requires_non_empty_reason" time="0.000" /><testcase classname="tests.unit.analytics.test_export_contract" name="test_unavailable_forecast_carries_no_probability_or_odds_field" time="0.000" /><testcase classname="tests.unit.analytics.test_export_contract" name="test_recommendation_status_enum_has_exactly_one_member" time="0.000" /><testcase classname="tests.unit.analytics.test_export_contract" name="test_build_export_signature_has_no_recommendation_parameter" time="0.000" /><testcase classname="tests.unit.analytics.test_export_contract" name="test_build_unavailable_signature_has_no_recommendation_parameter" time="0.000" /><testcase classname="tests.unit.analytics.test_export_contract" name="test_exportable_prediction_constructor_has_no_recommendation_parameter_that_varies" time="0.000" /><testcase classname="tests.unit.analytics.test_export_contract" name="test_recommendation_status_field_refuses_any_other_value" time="0.000" /><testcase classname="tests.unit.analytics.test_export_contract" name="test_mapping_ineligible_licensing_is_always_ineligible_rights" time="0.000" /><testcase classname="tests.unit.analytics.test_export_contract" name="test_mapping_stale_rights_is_always_ineligible_stale_rights" time="0.000" /><testcase classname="tests.unit.analytics.test_export_contract" name="test_mapping_eligible_without_gate_is_internal_only" time="0.000" /><testcase classname="tests.unit.analytics.test_export_contract" name="test_mapping_eligible_with_gate_is_publication_eligible" time="0.000" /><testcase classname="tests.unit.analytics.test_export_contract" name="test_ineligible_prediction_is_still_constructible_and_evaluable" time="0.001" /><testcase classname="tests.unit.analytics.test_export_contract" name="test_no_forbidden_field_names_anywhere_in_the_contract_type_tree" time="0.000" /><testcase classname="tests.unit.analytics.test_export_contract" name="test_export_probabilities_and_fair_odds_mirror_the_snapshot_exactly" time="0.000" /><testcase classname="tests.unit.analytics.test_export_contract" name="test_fair_odds_never_appears_without_the_backing_probability" time="0.000" /><testcase classname="tests.unit.analytics.test_export_contract" name="test_constructing_an_export_never_mutates_the_snapshot" time="0.002" /><testcase classname="tests.unit.analytics.test_export_contract" name="test_display_decimal_returns_new_value_and_never_mutates_stored_decimal" time="0.000" /><testcase classname="tests.unit.analytics.test_export_contract" name="test_display_decimal_is_never_wired_into_build_export" time="0.000" /><testcase classname="tests.unit.analytics.test_export_contract" name="test_build_export_accepts_attribution_unavailable" time="0.001" /><testcase classname="tests.unit.analytics.test_export_contract" name="test_build_export_accepts_explanation_inputs_as_a_digest_reference" time="0.002" /><testcase classname="tests.unit.analytics.test_export_contract" name="test_build_export_refuses_an_explanation_for_a_different_prediction" time="0.001" /><testcase classname="tests.unit.analytics.test_export_contract" name="test_no_public_function_in_module_accepts_a_rank_or_disagreement_derived_recommendation" time="0.000" /><testcase classname="tests.unit.analytics.test_export_contract" name="test_internal_vocabulary_eligibility_is_refused_by_the_publication_mapping" time="0.000" /><testcase classname="tests.unit.assistant_v0.test_manual_input" name="test_valid_snapshot_constructs" time="0.001" /><testcase classname="tests.unit.assistant_v0.test_manual_input" name="test_snapshot_is_immutable" time="0.000" /><testcase classname="tests.unit.assistant_v0.test_manual_input" name="test_bad_source_refuses" time="0.000" /><testcase classname="tests.unit.assistant_v0.test_manual_input" name="test_bad_tour_refuses" time="0.000" /><testcase classname="tests.unit.assistant_v0.test_manual_input" name="test_off_ladder_price_refuses" time="0.000" /><testcase classname="tests.unit.assistant_v0.test_manual_input" name="test_float_price_refuses" time="0.000" /><testcase classname="tests.unit.assistant_v0.test_manual_input" name="test_negative_size_refuses" time="0.000" /><testcase classname="tests.unit.assistant_v0.test_manual_input" name="test_missing_timestamp_refuses" time="0.000" /><testcase classname="tests.unit.assistant_v0.test_manual_input" name="test_input_after_scheduled_start_refuses" time="0.000" /><testcase classname="tests.unit.assistant_v0.test_manual_input" name="test_unknown_market_status_refuses" time="0.000" /><testcase classname="tests.unit.assistant_v0.test_manual_input" name="test_suspended_and_in_play_are_recordable_valid_snapshots" time="0.000" /><testcase classname="tests.unit.assistant_v0.test_manual_input" name="test_content_digest_is_deterministic" time="0.000" /><testcase classname="tests.unit.assistant_v0.test_market_probability" name="test_two_sided_open_book_yields_probabilities_summing_to_one" time="0.000" /><testcase classname="tests.unit.assistant_v0.test_market_probability" name="test_probability_matches_governed_info_price" time="0.001" /><testcase classname="tests.unit.assistant_v0.test_market_probability" name="test_crossed_book_is_unavailable" time="0.000" /><testcase classname="tests.unit.assistant_v0.test_market_probability" name="test_suspended_market_is_unavailable" time="0.000" /><testcase classname="tests.unit.assistant_v0.test_market_probability" name="test_in_play_market_is_unavailable" time="0.000" /><testcase classname="tests.unit.assistant_v0.test_market_probability" name="test_quote_age_reported" time="0.000" /><testcase classname="tests.unit.assistant_v0.test_market_probability" name="test_implied_probability_interval_present" time="0.000" /><testcase classname="tests.unit.assistant_v0.test_market_probability" name="test_market_probability_is_deterministic" time="0.000" /><testcase classname="tests.unit.assistant_v0.test_output" name="test_output_has_no_bet_or_value_fields" time="0.001" /><testcase classname="tests.unit.assistant_v0.test_output" name="test_market_probability_is_the_final_probability" time="0.000" /><testcase classname="tests.unit.assistant_v0.test_output" name="test_f2_never_becomes_final_even_when_available" time="0.000" /><testcase classname="tests.unit.assistant_v0.test_output" name="test_status_market_only_when_no_f2" time="0.000" /><testcase classname="tests.unit.assistant_v0.test_output" name="test_fair_odds_are_labelled_and_derived_from_market" time="0.000" /><testcase classname="tests.unit.assistant_v0.test_output" name="test_model_market_disagreement_reported" time="0.000" /><testcase classname="tests.unit.assistant_v0.test_output" name="test_output_json_is_deterministic" time="0.001" /><testcase classname="tests.unit.assistant_v0.test_output" name="test_digests_present" time="0.000" /><testcase classname="tests.unit.assistant_v0.test_pipeline_cli_html" name="test_assemble_market_only_when_no_rating_lookup" time="0.000" /><testcase classname="tests.unit.assistant_v0.test_pipeline_cli_html" name="test_assemble_model_view_when_ratings_resolve" time="0.000" /><testcase classname="tests.unit.assistant_v0.test_pipeline_cli_html" name="test_assemble_identity_unresolved_keeps_market_only" time="0.000" /><testcase classname="tests.unit.assistant_v0.test_pipeline_cli_html" name="test_pipeline_to_pre_match_record_has_no_outcome" time="0.000" /><testcase classname="tests.unit.assistant_v0.test_pipeline_cli_html" name="test_cli_produces_deterministic_json" time="0.006" /><testcase classname="tests.unit.assistant_v0.test_pipeline_cli_html" name="test_html_report_has_banner_and_no_bet_language" time="0.001" /><testcase classname="tests.unit.assistant_v0.test_pipeline_cli_html" name="test_html_report_xmarket_audit_view_is_labelled_not_used_in_probability" time="0.001" /><testcase classname="tests.unit.assistant_v0.test_pipeline_cli_html" name="test_html_report_is_deterministic" time="0.001" /><testcase classname="tests.unit.assistant_v0.test_quarantine_and_audit_view" name="test_no_execution_or_xmarket_import_anywhere_in_package" time="0.010" /><testcase classname="tests.unit.assistant_v0.test_quarantine_and_audit_view" name="test_no_network_or_credential_imports_in_package" time="0.009" /><testcase classname="tests.unit.assistant_v0.test_quarantine_and_audit_view" name="test_xmarket_view_absent_artifact_returns_none" time="0.000" /><testcase classname="tests.unit.assistant_v0.test_quarantine_and_audit_view" name="test_xmarket_view_reads_frozen_artifact_as_data" time="0.001" /><testcase classname="tests.unit.assistant_v0.test_shadow_ledger" name="test_pre_match_record_has_no_outcome_field" time="0.000" /><testcase classname="tests.unit.assistant_v0.test_shadow_ledger" name="test_settlement_append_has_no_roi_or_pnl_field" time="0.000" /><testcase classname="tests.unit.assistant_v0.test_shadow_ledger" name="test_ledger_is_append_only_no_update_or_delete" time="0.000" /><testcase classname="tests.unit.assistant_v0.test_shadow_ledger" name="test_append_and_read_pre_match" time="0.001" /><testcase classname="tests.unit.assistant_v0.test_shadow_ledger" name="test_duplicate_pre_match_id_refuses" time="0.001" /><testcase classname="tests.unit.assistant_v0.test_shadow_ledger" name="test_settlement_for_unknown_record_refuses" time="0.001" /><testcase classname="tests.unit.assistant_v0.test_shadow_ledger" name="test_settlement_append_does_not_modify_original" time="0.001" /><testcase classname="tests.unit.assistant_v0.test_shadow_ledger" name="test_log_loss_and_brier_math" time="0.000" /><testcase classname="tests.unit.assistant_v0.test_shadow_ledger" name="test_persistence_roundtrip_is_deterministic" time="0.001" /><testcase classname="tests.unit.assistant_v0.test_status_reasons" name="test_exactly_the_five_allowed_statuses" time="0.000" /><testcase classname="tests.unit.assistant_v0.test_status_reasons" name="test_bet_family_statuses_are_unconstructible[SHADOW_CANDIDATE]" time="0.000" /><testcase classname="tests.unit.assistant_v0.test_status_reasons" name="test_bet_family_statuses_are_unconstructible[BET_CANDIDATE]" time="0.000" /><testcase classname="tests.unit.assistant_v0.test_status_reasons" name="test_bet_family_statuses_are_unconstructible[BET_AUTHORIZED]" time="0.000" /><testcase classname="tests.unit.assistant_v0.test_status_reasons" name="test_bet_family_statuses_are_unconstructible[PLACE_BET]" time="0.000" /><testcase classname="tests.unit.assistant_v0.test_status_reasons" name="test_bet_family_statuses_are_unconstructible[STAKE_RECOMMENDATION]" time="0.000" /><testcase classname="tests.unit.assistant_v0.test_status_reasons" name="test_economic_posture_is_always_no_bet_research_only" time="0.000" /><testcase classname="tests.unit.assistant_v0.test_status_reasons" name="test_status_mapping_priority" time="0.000" /><testcase classname="tests.unit.assistant_v0.test_status_reasons" name="test_reason_codes_present_and_neutral" time="0.000" /><testcase classname="tests.unit.assistant_v0.test_status_reasons" name="test_reason_registry_version_pinned" time="0.000" /><testcase classname="tests.unit.assistant_v0.test_v0_xmarket_diagnostic" name="test_diagnostic_banner_present" time="0.001" /><testcase classname="tests.unit.assistant_v0.test_v0_xmarket_diagnostic" name="test_diagnostic_does_not_show_latent_coherence_or_tip" time="0.001" /><testcase classname="tests.unit.assistant_v0.test_v0_xmarket_diagnostic" name="test_final_probability_unaffected_by_diagnostic" time="0.001" /><testcase classname="tests.unit.assistant_v0.test_v0_xmarket_diagnostic" name="test_diagnostic_is_optional_and_absent_by_default" time="0.001" /><testcase classname="tests.unit.assistant_v0.test_v0_xmarket_diagnostic" name="test_diagnostic_render_is_deterministic" time="0.001" /><testcase classname="tests.unit.evidence.test_stage2g_dp1_run_comparator" name="test_comparator_k_matches_the_frozen_per_tour_selection" time="0.386" /><testcase classname="tests.unit.evidence.test_stage2g_dp1_run_comparator" name="test_comparator_affine_vintage_matches_calibration_policy_v2" time="0.004" /><testcase classname="tests.unit.evidence.test_stage2g_dp1_run_comparator" name="test_script_asserts_the_comparator_at_runtime" time="0.094" /><testcase classname="tests.unit.evidence.test_stage2g_dp1_run_comparator" name="test_frozen_vintage_is_never_applied_to_historical_rows" time="0.113" /><testcase classname="tests.unit.evidence.test_stage2g_dp1_run_comparator" name="test_evidence_roles_are_declared_and_exhaustive" time="0.004" /><testcase classname="tests.unit.governance.test_analytics_import_boundary" name="test_analytics_modules_never_reach_trading_state[l5_decision]" time="6.689" /><testcase classname="tests.unit.governance.test_analytics_import_boundary" name="test_analytics_modules_never_reach_trading_state[l5b_risk]" time="1.470" /><testcase classname="tests.unit.governance.test_analytics_import_boundary" name="test_analytics_modules_never_reach_trading_state[l6_broker]" time="1.488" /><testcase classname="tests.unit.governance.test_analytics_import_boundary" name="test_analytics_modules_never_reach_trading_state[l7_settle]" time="1.426" /><testcase classname="tests.unit.governance.test_analytics_import_boundary" name="test_boundary_check_is_not_vacuous" time="0.001" /><testcase classname="tests.unit.governance.test_app_key" name="test_live_key_authorizes" time="0.000" /><testcase classname="tests.unit.governance.test_app_key" name="test_delayed_key_is_refused" time="0.000" /><testcase classname="tests.unit.governance.test_app_key" name="test_direct_construction_from_delayed_key_is_refused" time="0.000" /><testcase classname="tests.unit.governance.test_app_key" name="test_replace_with_delayed_key_is_refused" time="0.000" /><testcase classname="tests.unit.governance.test_budget_types" name="test_nominal_account_types_exist_and_pin_their_kind" time="0.000" /><testcase classname="tests.unit.governance.test_budget_types" name="test_kind_cannot_be_overridden_at_construction" time="0.000" /><testcase classname="tests.unit.governance.test_budget_types" name="test_wrong_nominal_type_in_field_is_refused_at_runtime" time="0.000" /><testcase classname="tests.unit.governance.test_budget_types" name="test_base_account_with_matching_kind_is_refused" time="0.000" /><testcase classname="tests.unit.governance.test_budget_types" name="test_of_and_debit_mint_nominal_types" time="0.000" /><testcase classname="tests.unit.governance.test_budgets" name="test_no_transfer_api_exists" time="0.000" /><testcase classname="tests.unit.governance.test_budgets" name="test_debit_reduces_only_named_account" time="0.000" /><testcase classname="tests.unit.governance.test_budgets" name="test_overdraw_is_refused" time="0.000" /><testcase classname="tests.unit.governance.test_budgets" name="test_non_positive_debit_is_refused" time="0.000" /><testcase classname="tests.unit.governance.test_budgets" name="test_mismatched_account_kind_is_refused" time="0.000" /><testcase classname="tests.unit.governance.test_budgets" name="test_negative_balance_is_refused_by_raw_constructor" time="0.000" /><testcase classname="tests.unit.governance.test_licensed_sources" name="test_research_only_source_passes" time="0.000" /><testcase classname="tests.unit.governance.test_licensed_sources" name="test_operational_candidate_source_fails" time="0.000" /><testcase classname="tests.unit.governance.test_licensed_sources" name="test_operational_permitted_but_missing_right_fails" time="0.000" /><testcase classname="tests.unit.governance.test_licensed_sources" name="test_fully_permitted_operational_source_passes" time="0.000" /><testcase classname="tests.unit.governance.test_licensed_sources" name="test_missing_operational_flag_is_refused" time="0.000" /><testcase classname="tests.unit.governance.test_licensed_sources" name="test_repo_registry_loads_and_is_clean" time="0.100" /><testcase classname="tests.unit.governance.test_output_rights" name="test_fully_permitted_single_source_is_publication_eligible" time="0.000" /><testcase classname="tests.unit.governance.test_output_rights" name="test_candidate_status_is_publication_ineligible_even_with_true_flags" time="0.000" /><testcase classname="tests.unit.governance.test_output_rights" name="test_missing_permission_key_fails_closed" time="0.000" /><testcase classname="tests.unit.governance.test_output_rights" name="test_none_valued_permission_fails_closed" time="0.000" /><testcase classname="tests.unit.governance.test_output_rights" name="test_public_dataset_without_explicit_grant_is_still_ineligible" time="0.000" /><testcase classname="tests.unit.governance.test_output_rights" name="test_internal_use_approved_source_can_still_be_publication_ineligible" time="0.000" /><testcase classname="tests.unit.governance.test_output_rights" name="test_publication_approved_source_without_internal_grant_is_internal_ineligible" time="0.000" /><testcase classname="tests.unit.governance.test_output_rights" name="test_one_unapproved_source_makes_whole_lineage_publication_ineligible" time="0.000" /><testcase classname="tests.unit.governance.test_output_rights" name="test_unapproved_source_does_not_touch_internal_research_eligibility_of_other_sources" time="0.000" /><testcase classname="tests.unit.governance.test_output_rights" name="test_all_sources_approved_lineage_is_eligible" time="0.000" /><testcase classname="tests.unit.governance.test_output_rights" name="test_lineage_is_an_explicit_input_list_never_shrunk_by_the_module" time="0.000" /><testcase classname="tests.unit.governance.test_output_rights" name="test_empty_lineage_fails_closed" time="0.000" /><testcase classname="tests.unit.governance.test_output_rights" name="test_unknown_source_id_fails_closed" time="0.000" /><testcase classname="tests.unit.governance.test_output_rights" name="test_stale_rights_review_date_fails_closed_and_is_distinguished" time="0.000" /><testcase classname="tests.unit.governance.test_output_rights" name="test_rights_review_date_exactly_as_of_is_stale_not_just_before" time="0.000" /><testcase classname="tests.unit.governance.test_output_rights" name="test_no_review_date_never_counts_as_stale" time="0.000" /><testcase classname="tests.unit.governance.test_output_rights" name="test_result_reports_registry_version" time="0.000" /><testcase classname="tests.unit.governance.test_output_rights" name="test_invalid_use_for_publication_check_raises" time="0.000" /><testcase classname="tests.unit.governance.test_output_rights" name="test_invalid_use_for_internal_check_raises" time="0.000" /><testcase classname="tests.unit.governance.test_output_rights" name="test_publication_eligibility_result_is_tagged_publication" time="0.000" /><testcase classname="tests.unit.governance.test_output_rights" name="test_internal_research_eligibility_result_is_tagged_internal" time="0.000" /><testcase classname="tests.unit.governance.test_output_rights" name="test_default_constructed_result_is_internal_fail_closed" time="0.000" /><testcase classname="tests.unit.governance.test_scraping_quarantine" name="test_real_repo_has_no_scraping_import_path" time="1.390" /><testcase classname="tests.unit.governance.test_scraping_quarantine" name="test_quarantine_would_catch_a_violation" time="0.003" /><testcase classname="tests.unit.governance.test_spec032_combination_registration.TestRegistrationDocument" name="test_registration_pins_frozen_fields" time="0.147" /><testcase classname="tests.unit.governance.test_spec032_combination_registration.TestRegisteredForm" name="test_probabilities_sum_to_one" time="0.001" /><testcase classname="tests.unit.governance.test_spec032_combination_registration.TestRegisteredForm" name="test_output_varies_with_alpha" time="0.000" /><testcase classname="tests.unit.governance.test_spec032_combination_registration.TestRegisteredForm" name="test_output_varies_with_beta" time="0.000" /><testcase classname="tests.unit.governance.test_spec032_combination_registration.TestRegisteredForm" name="test_monotone_in_fundamental_at_positive_alpha" time="0.000" /><testcase classname="tests.unit.governance.test_spec032_combination_registration.TestRegisteredForm" name="test_order_independent" time="0.000" /><testcase classname="tests.unit.governance.test_spec032_combination_registration.TestTypeSeparation" name="test_bare_float_market_refused" time="0.000" /><testcase classname="tests.unit.governance.test_spec032_combination_registration.TestTypeSeparation" name="test_out_of_range_fundamental_refused" time="0.000" /><testcase classname="tests.unit.l0.test_clock" name="test_new_process_domain_is_populated" time="0.002" /><testcase classname="tests.unit.l0.test_clock" name="test_now_carries_both_clocks" time="0.000" /><testcase classname="tests.unit.l0.test_clock" name="test_latency_uses_monotonic_difference" time="0.000" /><testcase classname="tests.unit.l0.test_clock" name="test_latency_ignores_wall_clock_backward_jump" time="0.000" /><testcase classname="tests.unit.l0.test_clock" name="test_latency_across_domains_raises" time="0.000" /><testcase classname="tests.unit.l0.test_l0_audit_gaps" name="test_order_from_frame_detects_corruption" time="0.001" /><testcase classname="tests.unit.l0.test_l0_audit_gaps" name="test_stream_clock_is_an_opaque_string_token" time="0.000" /><testcase classname="tests.unit.l0.test_l0_audit_gaps" name="test_every_append_fsyncs_the_file" time="0.031" /><testcase classname="tests.unit.l0.test_records" name="test_checksum_matches_payload" time="0.001" /><testcase classname="tests.unit.l0.test_records" name="test_market_frame_roundtrip_preserves_payload" time="0.001" /><testcase classname="tests.unit.l0.test_records" name="test_market_from_frame_detects_corruption" time="0.001" /><testcase classname="tests.unit.l0.test_records" name="test_order_frame_roundtrip" time="0.001" /><testcase classname="tests.unit.l0.test_records" name="test_api_send_frame_roundtrip" time="0.001" /><testcase classname="tests.unit.l0.test_records" name="test_api_response_frame_roundtrip_with_and_without_payload" time="0.001" /><testcase classname="tests.unit.l0.test_store" name="test_no_mutation_or_delete_api" time="0.000" /><testcase classname="tests.unit.l0.test_store" name="test_read_returns_written_in_order" time="0.012" /><testcase classname="tests.unit.l0.test_store" name="test_duplicates_are_preserved" time="0.010" /><testcase classname="tests.unit.l0.test_store" name="test_out_of_order_is_preserved" time="0.012" /><testcase classname="tests.unit.l0.test_store" name="test_payload_stored_verbatim_all_byte_values" time="0.007" /><testcase classname="tests.unit.l0.test_store" name="test_corrupt_header_is_rejected" time="0.002" /><testcase classname="tests.unit.l0.test_store" name="test_len_counts_records" time="0.010" /><testcase classname="tests.unit.l0.test_store" name="test_creation_fsyncs_directory" time="0.006" /><testcase classname="tests.unit.l1.test_canonical" name="test_canonical_decimal_has_no_scientific_notation" time="0.001" /><testcase classname="tests.unit.l1.test_canonical" name="test_canonical_bytes_are_deterministic" time="0.001" /><testcase classname="tests.unit.l1.test_canonical" name="test_ladder_hash_independent_of_input_level_order" time="0.001" /><testcase classname="tests.unit.l1.test_mcm_v1" name="test_image_sets_book_and_definition" time="0.001" /><testcase classname="tests.unit.l1.test_mcm_v1" name="test_delta_updates_and_size_zero_removes" time="0.001" /><testcase classname="tests.unit.l1.test_mcm_v1" name="test_image_replaces_whole_market_state" time="0.001" /><testcase classname="tests.unit.l1.test_mcm_v1" name="test_runner_removal_records_adjustment_factor" time="0.001" /><testcase classname="tests.unit.l1.test_mcm_v1" name="test_atb_atl_and_multiple_markets" time="0.001" /><testcase classname="tests.unit.l1.test_mcm_v1" name="test_non_market_ops_are_ignored" time="0.001" /><testcase classname="tests.unit.l1.test_source_pin" name="test_reducer_source_change_requires_a_version_bump" time="0.001" /><testcase classname="tests.unit.l1.test_source_pin" name="test_pinned_version_is_v1" time="0.000" /><testcase classname="tests.unit.l1.test_versioning" name="test_known_version_is_registered" time="0.000" /><testcase classname="tests.unit.l1.test_versioning" name="test_unknown_version_is_refused" time="0.001" /><testcase classname="tests.unit.l1.test_versioning" name="test_result_records_version_and_digests" time="0.001" /><testcase classname="tests.unit.l1.test_versioning" name="test_reducer_version_string_is_stable" time="0.001" /><testcase classname="tests.unit.l3.test_boundary_policy.TestPolicyIsExplicit" name="test_boundary_policy_is_required" time="0.001" /><testcase classname="tests.unit.l3.test_boundary_policy.TestScheduledStartFloorIsRacingExact" name="test_live_boundary_is_scheduled_start" time="0.001" /><testcase classname="tests.unit.l3.test_boundary_policy.TestScheduledStartFloorIsRacingExact" name="test_post_hoc_boundary_is_actual_off_when_known" time="0.001" /><testcase classname="tests.unit.l3.test_boundary_policy.TestScheduledStartFloorIsRacingExact" name="test_floor_requires_scheduled_start" time="0.001" /><testcase classname="tests.unit.l3.test_boundary_policy.TestScheduledStartFloorIsRacingExact" name="test_floor_refuses_observed_policy_fields" time="0.001" /><testcase classname="tests.unit.l3.test_boundary_policy.TestObservedMarketStateLive" name="test_live_boundary_is_decision_time" time="0.001" /><testcase classname="tests.unit.l3.test_boundary_policy.TestObservedMarketStateLive" name="test_live_requires_observed_pre_off_proof" time="0.001" /><testcase classname="tests.unit.l3.test_boundary_policy.TestObservedMarketStateLive" name="test_live_requires_decision_time" time="0.001" /><testcase classname="tests.unit.l3.test_boundary_policy.TestObservedMarketStateLive" name="test_scheduled_start_is_optional_under_observed_policy" time="0.001" /><testcase classname="tests.unit.l3.test_boundary_policy.TestObservedMarketStateLive" name="test_early_start_leakage_case_is_closed" time="0.000" /><testcase classname="tests.unit.l3.test_boundary_policy.TestObservedMarketStatePostHoc" name="test_post_hoc_boundary_is_recorded_pre_off_transition" time="0.000" /><testcase classname="tests.unit.l3.test_boundary_policy.TestObservedMarketStatePostHoc" name="test_post_hoc_requires_the_recorded_transition" time="0.001" /><testcase classname="tests.unit.l3.test_boundary_policy.TestObservedMarketStatePostHoc" name="test_post_hoc_refuses_live_proof_fields" time="0.001" /><testcase classname="tests.unit.l3.test_boundary_policy.TestAdapterDeclaresTheFact" name="test_events_can_start_early_is_required" time="0.000" /><testcase classname="tests.unit.l3.test_boundary_policy.TestAdapterDeclaresTheFact" name="test_policy_derives_from_the_fact_never_declared_separately" time="0.000" /><testcase classname="tests.unit.l3.test_boundary_policy.TestAdapterDeclaresTheFact" name="test_tennis_adapter_declares_early_starts" time="0.015" /><testcase classname="tests.unit.l3.test_build_context.TestModeIsExplicit" name="test_mode_is_required" time="0.001" /><testcase classname="tests.unit.l3.test_build_context.TestModeIsExplicit" name="test_context_is_frozen" time="0.002" /><testcase classname="tests.unit.l3.test_build_context.TestLiveMode" name="test_scheduled_off_is_always_available" time="0.001" /><testcase classname="tests.unit.l3.test_build_context.TestLiveMode" name="test_live_context_cannot_carry_actual_off" time="0.001" /><testcase classname="tests.unit.l3.test_build_context.TestLiveMode" name="test_actual_off_seconds_unavailable_even_without_actual_off_set" time="0.001" /><testcase classname="tests.unit.l3.test_build_context.TestPostHocMode" name="test_actual_off_seconds_available_in_post_hoc" time="0.001" /><testcase classname="tests.unit.l3.test_build_context.TestPostHocMode" name="test_post_hoc_without_actual_off_raises_value_error_not_leak" time="0.001" /><testcase classname="tests.unit.l3.test_feature_registry.TestFeatureDeclaration" name="test_live_captured_declared_declaration_constructs" time="0.000" /><testcase classname="tests.unit.l3.test_feature_registry.TestFeatureDeclaration" name="test_declaration_is_frozen" time="0.000" /><testcase classname="tests.unit.l3.test_feature_registry.TestFeatureDeclaration" name="test_provenance_mode_is_the_knowledge_time_enum" time="0.000" /><testcase classname="tests.unit.l3.test_feature_registry.TestFeatureDeclaration" name="test_backfilled_without_true_publication_time_rule_is_refused" time="0.000" /><testcase classname="tests.unit.l3.test_feature_registry.TestFeatureDeclaration" name="test_backfilled_with_blank_rule_is_refused" time="0.000" /><testcase classname="tests.unit.l3.test_feature_registry.TestFeatureDeclaration" name="test_backfilled_with_declared_rule_constructs" time="0.000" /><testcase classname="tests.unit.l3.test_feature_registry.TestFeatureDeclaration" name="test_live_captured_with_publication_rule_is_refused" time="0.000" /><testcase classname="tests.unit.l3.test_feature_registry.TestFeatureDeclaration" name="test_validated_without_gate_reference_is_refused" time="0.000" /><testcase classname="tests.unit.l3.test_feature_registry.TestFeatureDeclaration" name="test_validated_with_gate_reference_constructs" time="0.000" /><testcase classname="tests.unit.l3.test_feature_registry.TestFeatureDeclaration" name="test_declared_with_gate_reference_is_refused" time="0.000" /><testcase classname="tests.unit.l3.test_feature_registry.TestFeatureDeclaration" name="test_blank_required_text_is_refused[name]" time="0.001" /><testcase classname="tests.unit.l3.test_feature_registry.TestFeatureDeclaration" name="test_blank_required_text_is_refused[description]" time="0.001" /><testcase classname="tests.unit.l3.test_feature_registry.TestFeatureDeclaration" name="test_blank_required_text_is_refused[knowledge_time_semantics]" time="0.000" /><testcase classname="tests.unit.l3.test_feature_registry.TestFeatureDeclaration" name="test_blank_required_text_is_refused[source_id]" time="0.001" /><testcase classname="tests.unit.l3.test_feature_registry.TestFeatureDeclaration" name="test_blank_required_text_is_refused[deterministic_definition]" time="0.000" /><testcase classname="tests.unit.l3.test_feature_registry.TestFeatureDeclaration" name="test_blank_required_text_is_refused[version]" time="0.000" /><testcase classname="tests.unit.l3.test_feature_registry.TestFeatureDeclaration" name="test_wrong_enum_types_are_refused" time="0.000" /><testcase classname="tests.unit.l3.test_feature_registry.TestClosedVocabularies" name="test_licensing_status_members_are_exactly_the_closed_set" time="0.000" /><testcase classname="tests.unit.l3.test_feature_registry.TestClosedVocabularies" name="test_licensing_is_fail_closed" time="0.000" /><testcase classname="tests.unit.l3.test_feature_registry.TestClosedVocabularies" name="test_missing_data_behaviour_has_only_explicit_exclusion" time="0.000" /><testcase classname="tests.unit.l3.test_feature_registry.TestClosedVocabularies" name="test_evidence_status_members_are_exactly_declared_and_validated" time="0.000" /><testcase classname="tests.unit.l3.test_feature_registry.TestFeatureRegistry" name="test_register_and_retrieve" time="0.000" /><testcase classname="tests.unit.l3.test_feature_registry.TestFeatureRegistry" name="test_duplicate_name_and_version_is_refused" time="0.000" /><testcase classname="tests.unit.l3.test_feature_registry.TestFeatureRegistry" name="test_new_version_of_same_name_is_a_new_entry" time="0.000" /><testcase classname="tests.unit.l3.test_feature_registry.TestFeatureRegistry" name="test_unknown_feature_is_refused_not_defaulted" time="0.000" /><testcase classname="tests.unit.l3.test_feature_registry.TestFeatureRegistry" name="test_unknown_version_of_known_feature_is_refused" time="0.000" /><testcase classname="tests.unit.l3.test_feature_registry.TestFeatureRegistry" name="test_registry_has_no_mutation_or_delete_surface" time="0.000" /><testcase classname="tests.unit.l3.test_feature_registry.TestFeatureRegistry" name="test_error_taxonomy" time="0.000" /><testcase classname="tests.unit.l3.test_feature_registry.TestSportAgnosticDesign" name="test_football_match_odds_feature_declares_cleanly" time="0.000" /><testcase classname="tests.unit.l3.test_feature_registry.TestSportAgnosticDesign" name="test_binary_prediction_market_feature_declares_cleanly" time="0.000" /><testcase classname="tests.unit.l3.test_feature_registry.TestSportAgnosticDesign" name="test_module_mentions_no_sport" time="0.001" /><testcase classname="tests.unit.l3.test_feature_registry.TestNoNumericLiterals" name="test_module_contains_zero_numeric_literals" time="0.002" /><testcase classname="tests.unit.l3.test_feature_set.TestReproducibility" name="test_same_inputs_same_hash" time="0.001" /><testcase classname="tests.unit.l3.test_feature_set.TestReproducibility" name="test_hash_independent_of_feature_order" time="0.001" /><testcase classname="tests.unit.l3.test_feature_set.TestReproducibility" name="test_different_value_changes_hash" time="0.001" /><testcase classname="tests.unit.l3.test_feature_set.TestReproducibility" name="test_different_first_usable_time_changes_hash" time="0.001" /><testcase classname="tests.unit.l3.test_feature_set.TestReproducibility" name="test_decimal_value_hash_ignores_trailing_zero_representation" time="0.000" /><testcase classname="tests.unit.l3.test_feature_set.TestReproducibility" name="test_signed_zero_hashes_identically" time="0.000" /><testcase classname="tests.unit.l3.test_feature_set.TestReproducibility" name="test_hash_order_independent_with_duplicate_names" time="0.001" /><testcase classname="tests.unit.l3.test_feature_set.TestBuildGuards" name="test_build_rejects_reconciled_bsp_value" time="0.000" /><testcase classname="tests.unit.l3.test_feature_set.TestBuildGuards" name="test_build_rejects_unknowable_feature" time="0.000" /><testcase classname="tests.unit.l3.test_feature_set.TestBuildGuards" name="test_build_mode_enum_available" time="0.000" /><testcase classname="tests.unit.l3.test_feature_set.TestBuildGuards" name="test_feature_is_frozen" time="0.000" /><testcase classname="tests.unit.l3.test_knowledge_time.TestKnowableBeforeOff" name="test_first_usable_strictly_before_off_is_accepted" time="0.000" /><testcase classname="tests.unit.l3.test_knowledge_time.TestKnowableBeforeOff" name="test_first_usable_after_off_is_rejected" time="0.000" /><testcase classname="tests.unit.l3.test_knowledge_time.TestKnowableBeforeOff" name="test_first_usable_exactly_at_off_is_rejected" time="0.000" /><testcase classname="tests.unit.l3.test_knowledge_time.TestKnowableBeforeOff" name="test_naive_off_boundary_is_rejected" time="0.000" /><testcase classname="tests.unit.l3.test_knowledge_time.TestKnowableBeforeOff" name="test_rejection_is_error_not_warning" time="0.001" /><testcase classname="tests.unit.l3.test_knowledge_time.TestStampValidation" name="test_naive_stamp_is_rejected" time="0.000" /><testcase classname="tests.unit.l3.test_knowledge_time.TestStampValidation" name="test_optional_decision_and_correction_default_none" time="0.000" /><testcase classname="tests.unit.l3.test_knowledge_time.TestStampValidation" name="test_stamps_are_frozen" time="0.000" /><testcase classname="tests.unit.l3.test_knowledge_time.TestStampValidation" name="test_first_usable_before_ingestion_is_rejected" time="0.000" /><testcase classname="tests.unit.l3.test_knowledge_time.TestStampValidation" name="test_first_usable_before_publication_is_rejected" time="0.000" /><testcase classname="tests.unit.l3.test_knowledge_time.TestBackfillProvenance" name="test_backfilled_source_must_declare_true_publication_time" time="0.000" /><testcase classname="tests.unit.l3.test_knowledge_time.TestBackfillProvenance" name="test_backfilled_source_with_publication_time_is_valid" time="0.000" /><testcase classname="tests.unit.l3.test_knowledge_time.TestBackfillProvenance" name="test_live_source_needs_no_publication_time" time="0.000" /><testcase classname="tests.unit.l3.test_knowledge_time.TestBackfillProvenance" name="test_backfill_cannot_claim_knowability_before_true_publication" time="0.000" /><testcase classname="tests.unit.l3.test_knowledge_time.TestBackfillProvenance" name="test_backfill_published_after_off_is_rejected" time="0.000" /><testcase classname="tests.unit.l3.test_knowledge_time.TestBackfillProvenance" name="test_backfill_published_before_off_and_consistent_is_accepted" time="0.000" /><testcase classname="tests.unit.l3.test_leakage.TestStaticImportGraph" name="test_l3_features_cannot_reach_reconciled_bsp" time="1.398" /><testcase classname="tests.unit.l3.test_leakage.TestStaticImportGraph" name="test_the_guard_would_catch_a_real_import" time="0.002" /><testcase classname="tests.unit.l3.test_leakage.TestRuntimeAssertion" name="test_reconciled_bsp_value_is_detected" time="0.000" /><testcase classname="tests.unit.l3.test_leakage.TestRuntimeAssertion" name="test_plain_value_is_not_flagged" time="0.000" /><testcase classname="tests.unit.l3.test_leakage.TestRuntimeAssertion" name="test_assert_no_bsp_rejects_reconciled_bsp" time="0.000" /><testcase classname="tests.unit.l3.test_leakage.TestRuntimeAssertion" name="test_assert_no_bsp_passes_clean_value" time="0.000" /><testcase classname="tests.unit.l3.test_leakage.TestRuntimeAssertion" name="test_taint_marker_matches_grading_module" time="0.000" /><testcase classname="tests.unit.l3.test_structural_guards.TestConstructionIsSealed" name="test_direct_construction_without_context_is_rejected" time="0.000" /><testcase classname="tests.unit.l3.test_structural_guards.TestConstructionIsSealed" name="test_direct_construction_cannot_smuggle_a_post_off_feature" time="0.000" /><testcase classname="tests.unit.l3.test_structural_guards.TestConstructionIsSealed" name="test_model_validate_with_context_still_runs_the_leak_guard" time="0.000" /><testcase classname="tests.unit.l3.test_structural_guards.TestConstructionIsSealed" name="test_backfill_cross_check_is_structural" time="0.000" /><testcase classname="tests.unit.l3.test_structural_guards.TestBuildFeatureUsesTheContextBoundary" name="test_post_hoc_boundary_is_actual_off" time="0.001" /><testcase classname="tests.unit.l3.test_structural_guards.TestBuildFeatureUsesTheContextBoundary" name="test_post_hoc_without_actual_off_falls_back_to_scheduled_start" time="0.000" /><testcase classname="tests.unit.l3.test_structural_guards.TestBuildFeatureUsesTheContextBoundary" name="test_live_boundary_is_scheduled_start" time="0.001" /><testcase classname="tests.unit.l3.test_structural_guards.TestBuildFeatureUsesTheContextBoundary" name="test_float_value_is_rejected" time="0.000" /><testcase classname="tests.unit.l3.test_utc_normalization" name="test_equal_instants_hash_identically_across_offsets" time="0.001" /><testcase classname="tests.unit.l3.test_utc_normalization" name="test_stamps_are_stored_in_utc" time="0.000" /><testcase classname="tests.unit.l3.test_utc_normalization" name="test_source_publication_time_is_stored_in_utc" time="0.000" /><testcase classname="tests.unit.l3.test_utc_normalization" name="test_build_context_times_are_stored_in_utc" time="0.000" /><testcase classname="tests.unit.l3.test_utc_normalization" name="test_naive_datetimes_remain_rejected" time="0.001" /></testsuite></testsuites>