<?xml version="1.0" encoding="utf-8"?><testsuites name="pytest tests"><testsuite name="pytest" errors="0" failures="0" skipped="0" tests="378" time="0.672" timestamp="2026-07-25T00:06:27.774957+00:00" hostname="vm"><testcase classname="tests.unit.l4.test_conditional_logit" name="test_mle_recovers_log_three_exactly" time="0.002" /><testcase classname="tests.unit.l4.test_conditional_logit" name="test_log_likelihood_at_optimum_matches_closed_form" time="0.001" /><testcase classname="tests.unit.l4.test_conditional_logit" name="test_predicted_probabilities_match_empirical_frequencies" time="0.001" /><testcase classname="tests.unit.l4.test_conditional_logit" name="test_probabilities_sum_to_one_across_field_sizes" time="0.001" /><testcase classname="tests.unit.l4.test_conditional_logit" name="test_non_runners_are_dropped_and_prediction_renormalises" time="0.001" /><testcase classname="tests.unit.l4.test_conditional_logit" name="test_fit_ignores_non_runner_rows_entirely" time="0.001" /><testcase classname="tests.unit.l4.test_conditional_logit" name="test_fit_is_bit_deterministic" time="0.001" /><testcase classname="tests.unit.l4.test_conditional_logit" name="test_model_records_training_provenance" time="0.001" /><testcase classname="tests.unit.l4.test_conditional_logit" name="test_perfect_separation_raises" time="0.001" /><testcase classname="tests.unit.l4.test_conditional_logit" name="test_iteration_budget_exhaustion_raises" time="0.001" /><testcase classname="tests.unit.l4.test_conditional_logit" name="test_fit_requires_winners_on_every_race" time="0.000" /><testcase classname="tests.unit.l4.test_conditional_logit" name="test_fit_requires_nonempty_corpus" time="0.000" /><testcase classname="tests.unit.l4.test_conditional_logit" name="test_features_must_match_schema_exactly" time="0.000" /><testcase classname="tests.unit.l4.test_crossfit" name="test_first_day_is_excluded_and_later_days_get_oof_rows" time="0.002" /><testcase classname="tests.unit.l4.test_crossfit" name="test_provenance_is_strictly_time_respecting" time="0.002" /><testcase classname="tests.unit.l4.test_crossfit" name="test_day_two_model_trains_on_both_earlier_days" time="0.002" /><testcase classname="tests.unit.l4.test_crossfit" name="test_every_active_runner_of_an_oof_race_is_covered" time="0.001" /><testcase classname="tests.unit.l4.test_crossfit" name="test_universe_accounting_is_exact" time="0.002" /><testcase classname="tests.unit.l4.test_crossfit" name="test_deployment_model_uses_the_full_window" time="0.002" /><testcase classname="tests.unit.l4.test_crossfit" name="test_cross_fit_is_deterministic_and_input_order_invariant" time="0.003" /><testcase classname="tests.unit.l4.test_crossfit" name="test_fit_failure_day_is_excluded_with_reason_but_still_trains_later_models" time="0.002" /><testcase classname="tests.unit.l4.test_crossfit" name="test_oof_fundamental_requires_open_unit_interval" time="0.000" /><testcase classname="tests.unit.l4.test_crossfit" name="test_assert_out_of_fold_catches_contaminated_rows" time="0.001" /><testcase classname="tests.unit.l4.test_crossfit" name="test_excluded_race_records_are_frozen_values" time="0.000" /><testcase classname="tests.unit.l4.test_crossfit.TestFoldOrderFollowsChronologyNotIdentity" name="test_lexicographically_reversed_cluster_ids_fold_by_chronology" time="0.001" /><testcase classname="tests.unit.l4.test_crossfit_orchestrator.TestOrchestratorIsModelIndependent" name="test_non_logit_family_flows_through_with_orchestrator_owned_provenance" time="0.001" /><testcase classname="tests.unit.l4.test_crossfit_orchestrator.TestOrchestratorIsModelIndependent" name="test_fold_fit_refusal_is_an_explicit_exclusion" time="0.000" /><testcase classname="tests.unit.l4.test_crossfit_orchestrator.TestOrchestratorIsModelIndependent" name="test_full_window_refusal_propagates_as_the_typed_refusal" time="0.001" /><testcase classname="tests.unit.l4.test_crossfit_orchestrator.TestOrchestratorIsModelIndependent" name="test_conditional_logit_is_one_family_implementation" time="0.001" /><testcase classname="tests.unit.l4.test_crossfit_score_threshold" name="test_default_none_is_byte_identical_to_existing_behaviour" time="0.001" /><testcase classname="tests.unit.l4.test_crossfit_score_threshold" name="test_threshold_excludes_warmup_folds_with_typed_reason_and_keeps_accounting" time="0.001" /><testcase classname="tests.unit.l4.test_crossfit_score_threshold" name="test_scored_folds_still_train_on_the_full_prior_history" time="0.001" /><testcase classname="tests.unit.l4.test_distribution" name="test_requires_at_least_two_samples_in_open_interval" time="0.000" /><testcase classname="tests.unit.l4.test_distribution" name="test_samples_are_stored_sorted" time="0.000" /><testcase classname="tests.unit.l4.test_distribution" name="test_conservative_lower_bound_is_the_lower_order_statistic" time="0.000" /><testcase classname="tests.unit.l4.test_distribution" name="test_quantile_must_be_in_open_unit_interval" time="0.000" /><testcase classname="tests.unit.l4.test_distribution" name="test_cannot_be_coerced_to_a_point_estimate" time="0.000" /><testcase classname="tests.unit.l4.test_horizon" name="test_label_requires_nonempty_trimmed_text" time="0.000" /><testcase classname="tests.unit.l4.test_horizon" name="test_scoring_refuses_a_horizon_mismatch" time="0.001" /><testcase classname="tests.unit.l4.test_horizon" name="test_require_horizon_match_message_names_both_labels" time="0.000" /><testcase classname="tests.unit.l4.test_manifest" name="test_carries_all_section_6_12_fields" time="0.000" /><testcase classname="tests.unit.l4.test_manifest" name="test_container_digest_reuses_the_platform_environment_digest" time="0.000" /><testcase classname="tests.unit.l4.test_manifest" name="test_fits_are_deterministic_so_random_seeds_default_empty" time="0.000" /><testcase classname="tests.unit.l4.test_manifest" name="test_digest_is_deterministic_and_gate_compatible" time="0.001" /><testcase classname="tests.unit.l4.test_manifest" name="test_digest_changes_with_any_field" time="0.000" /><testcase classname="tests.unit.l4.test_objectives" name="test_registry_contains_only_grouped_softmax_mle" time="0.000" /><testcase classname="tests.unit.l4.test_objectives" name="test_no_ranking_objective_exists_in_the_package_api" time="0.001" /><testcase classname="tests.unit.l4.test_objectives" name="test_race_log_score_is_negative_log_winner_probability" time="0.000" /><testcase classname="tests.unit.l4.test_objectives" name="test_race_brier_matches_hand_computation" time="0.000" /><testcase classname="tests.unit.l4.test_objectives" name="test_proper_scores_reject_a_winner_outside_the_race" time="0.000" /><testcase classname="tests.unit.l4.test_probability_outputs" name="test_fundamental_probability_requires_open_unit_interval" time="0.000" /><testcase classname="tests.unit.l4.test_probability_outputs" name="test_market_probability_requires_open_unit_interval" time="0.000" /><testcase classname="tests.unit.l4.test_probability_outputs" name="test_combined_probability_requires_open_unit_interval" time="0.000" /><testcase classname="tests.unit.l4.test_probability_outputs" name="test_fundamental_probability_requires_nonempty_model_digest" time="0.000" /><testcase classname="tests.unit.l4.test_probability_outputs" name="test_combined_probability_requires_nonempty_model_digest" time="0.000" /><testcase classname="tests.unit.l4.test_probability_outputs" name="test_market_probability_requires_nonempty_price_version" time="0.000" /><testcase classname="tests.unit.l4.test_probability_outputs" name="test_market_probability_is_never_labelled_a_model_prediction" time="0.000" /><testcase classname="tests.unit.l4.test_probability_outputs" name="test_fundamental_and_combined_expose_model_digest_not_price_version" time="0.000" /><testcase classname="tests.unit.l4.test_probability_outputs" name="test_wrapper_types_reject_cross_construction_in_runner_probabilities" time="0.000" /><testcase classname="tests.unit.l4.test_probability_outputs" name="test_combined_cannot_occupy_the_market_info_slot" time="0.000" /><testcase classname="tests.unit.l4.test_probability_outputs" name="test_fundamental_cannot_occupy_the_combined_slot" time="0.000" /><testcase classname="tests.unit.l4.test_probability_outputs" name="test_coinciding_values_across_kinds_are_allowed_but_not_aliased" time="0.000" /><testcase classname="tests.unit.l4.test_probability_outputs" name="test_missing_kind_requires_a_nonempty_reason" time="0.000" /><testcase classname="tests.unit.l4.test_probability_outputs" name="test_present_kind_must_not_also_carry_a_missing_reason" time="0.000" /><testcase classname="tests.unit.l4.test_probability_outputs" name="test_accessor_raises_missing_probability_error_with_reason" time="0.000" /><testcase classname="tests.unit.l4.test_probability_outputs" name="test_missing_fundamental_never_returns_market_or_combined_values" time="0.000" /><testcase classname="tests.unit.l4.test_probability_outputs" name="test_race_normalisation_holds_within_tolerance" time="0.000" /><testcase classname="tests.unit.l4.test_probability_outputs" name="test_race_normalisation_fails_outside_tolerance" time="0.000" /><testcase classname="tests.unit.l4.test_probability_outputs" name="test_partial_presence_of_a_kind_is_refused" time="0.000" /><testcase classname="tests.unit.l4.test_probability_outputs" name="test_race_requires_at_least_one_runner_and_unique_runner_ids" time="0.000" /><testcase classname="tests.unit.l4.test_probability_outputs" name="test_build_fundamental_probabilities_wraps_stage_one_style_predictions" time="0.000" /><testcase classname="tests.unit.l4.test_probability_outputs" name="test_build_market_probabilities_wraps_marketinfoprice_never_labels_it_a_model" time="0.000" /><testcase classname="tests.unit.l4.test_probability_outputs" name="test_build_combined_probabilities_wraps_stage_two_style_predictions" time="0.000" /><testcase classname="tests.unit.l4.test_probability_outputs" name="test_assemble_race_probability_outputs_end_to_end" time="0.000" /><testcase classname="tests.unit.l4.test_probability_outputs" name="test_assemble_refuses_a_partial_map_for_a_present_kind" time="0.000" /><testcase classname="tests.unit.l4.test_probability_outputs" name="test_assemble_requires_a_reason_when_a_kind_is_absent" time="0.000" /><testcase classname="tests.unit.l4.test_races" name="test_schema_requires_sorted_unique_nonempty_names" time="0.000" /><testcase classname="tests.unit.l4.test_races" name="test_schema_hash_is_deterministic_and_name_sensitive" time="0.000" /><testcase classname="tests.unit.l4.test_races" name="test_race_requires_two_active_runners" time="0.000" /><testcase classname="tests.unit.l4.test_races" name="test_race_refuses_duplicate_runner_ids" time="0.000" /><testcase classname="tests.unit.l4.test_races" name="test_winner_must_be_an_active_runner" time="0.000" /><testcase classname="tests.unit.l4.test_races" name="test_winner_is_optional_for_scoring_races" time="0.000" /><testcase classname="tests.unit.l4.test_races" name="test_float_features_are_refused_at_the_boundary" time="0.000" /><testcase classname="tests.unit.l4.test_races" name="test_non_finite_decimal_features_are_refused" time="0.000" /><testcase classname="tests.unit.l4.test_races" name="test_active_runners_excludes_non_runners" time="0.000" /><testcase classname="tests.unit.l4.test_stage_two" name="test_alpha_and_beta_recover_their_closed_form_optima" time="0.001" /><testcase classname="tests.unit.l4.test_stage_two" name="test_sign_separation_between_alpha_and_beta" time="0.001" /><testcase classname="tests.unit.l4.test_stage_two" name="test_collinear_inputs_are_refused" time="0.001" /><testcase classname="tests.unit.l4.test_stage_two" name="test_training_reverifies_out_of_fold_at_consumption" time="0.001" /><testcase classname="tests.unit.l4.test_stage_two" name="test_bare_floats_cannot_enter_training" time="0.001" /><testcase classname="tests.unit.l4.test_stage_two" name="test_races_missing_inputs_are_excluded_with_reasons" time="0.001" /><testcase classname="tests.unit.l4.test_stage_two" name="test_fit_requires_winners" time="0.000" /><testcase classname="tests.unit.l4.test_stage_two" name="test_combine_is_a_pure_normalised_softmax" time="0.000" /><testcase classname="tests.unit.l4.test_stage_two" name="test_combine_refuses_mismatched_runner_sets" time="0.000" /><testcase classname="tests.unit.l4.test_stage_two" name="test_combine_refuses_out_of_range_fundamentals" time="0.000" /><testcase classname="tests.unit.l4.test_stage_two" name="test_predict_combined_enforces_the_horizon_door" time="0.001" /><testcase classname="tests.unit.l4.test_stage_two" name="test_model_records_lineage" time="0.002" /><testcase classname="tests.unit.l5.test_ev.TestFormula" name="test_known_value" time="0.001" /><testcase classname="tests.unit.l5.test_ev.TestFormula" name="test_zero_commission" time="0.000" /><testcase classname="tests.unit.l5.test_ev.TestFormula" name="test_result_is_decimal_never_float" time="0.000" /><testcase classname="tests.unit.l5.test_ev.TestFormula" name="test_break_even_probability" time="0.000" /><testcase classname="tests.unit.l5.test_ev.TestUsesOddsExecOnly" name="test_close_price_rejected_as_odds" time="0.000" /><testcase classname="tests.unit.l5.test_ev.TestUsesOddsExecOnly" name="test_market_info_price_rejected_as_odds" time="0.000" /><testcase classname="tests.unit.l5.test_ev.TestUsesOddsExecOnly" name="test_bare_probability_rejected_as_win_probability" time="0.000" /><testcase classname="tests.unit.l5.test_ev.TestInputValidation" name="test_probability_bounds[bad0]" time="0.000" /><testcase classname="tests.unit.l5.test_ev.TestInputValidation" name="test_probability_bounds[bad1]" time="0.000" /><testcase classname="tests.unit.l5.test_ev.TestInputValidation" name="test_commission_bounds[bad0]" time="0.000" /><testcase classname="tests.unit.l5.test_ev.TestInputValidation" name="test_commission_bounds[bad1]" time="0.000" /><testcase classname="tests.unit.l5.test_execution.TestTakerV1Invariants" name="test_convenience_builder_sets_the_policy" time="0.000" /><testcase classname="tests.unit.l5.test_execution.TestTakerV1Invariants" name="test_min_fill_below_stake_rejected" time="0.000" /><testcase classname="tests.unit.l5.test_execution.TestTakerV1Invariants" name="test_min_fill_above_stake_rejected" time="0.000" /><testcase classname="tests.unit.l5.test_execution.TestTakerV1Invariants" name="test_non_lapse_persistence_rejected" time="0.000" /><testcase classname="tests.unit.l5.test_execution.TestTakerV1Invariants" name="test_non_fok_time_in_force_rejected" time="0.000" /><testcase classname="tests.unit.l5.test_execution.TestTakerV1Invariants" name="test_lay_side_rejected_in_v1" time="0.000" /><testcase classname="tests.unit.l5.test_execution.TestTakerV1Invariants" name="test_non_positive_stake_rejected" time="0.000" /><testcase classname="tests.unit.l5.test_execution.TestTakerV1Invariants" name="test_invalid_worst_acceptable_tick_rejected" time="0.000" /><testcase classname="tests.unit.l5.test_execution.TestTakerV1Invariants" name="test_negative_market_version_rejected" time="0.000" /><testcase classname="tests.unit.l5.test_execution.TestTakerV1Invariants" name="test_non_positive_selection_id_rejected[0]" time="0.000" /><testcase classname="tests.unit.l5.test_execution.TestTakerV1Invariants" name="test_non_positive_selection_id_rejected[-3]" time="0.000" /><testcase classname="tests.unit.l5.test_execution.TestTakerV1Invariants" name="test_market_version_required" time="0.000" /><testcase classname="tests.unit.l5.test_execution.TestTakerV1Invariants" name="test_frozen" time="0.000" /><testcase classname="tests.unit.l5.test_execution.TestTakerV1Invariants" name="test_no_passive_persistence_is_ever_valid" time="0.000" /><testcase classname="tests.unit.l5.test_ladder.TestLadderShape" name="test_ladder_has_350_ticks" time="0.000" /><testcase classname="tests.unit.l5.test_ladder.TestLadderShape" name="test_endpoints" time="0.000" /><testcase classname="tests.unit.l5.test_ladder.TestLadderShape" name="test_strictly_increasing" time="0.000" /><testcase classname="tests.unit.l5.test_ladder.TestLadderShape" name="test_all_prices_are_decimal_never_float" time="0.000" /><testcase classname="tests.unit.l5.test_ladder.TestBandSteps" name="test_adjacent_step[low0-nxt0-step0]" time="0.001" /><testcase classname="tests.unit.l5.test_ladder.TestBandSteps" name="test_adjacent_step[low1-nxt1-step1]" time="0.000" /><testcase classname="tests.unit.l5.test_ladder.TestBandSteps" name="test_adjacent_step[low2-nxt2-step2]" time="0.000" /><testcase classname="tests.unit.l5.test_ladder.TestBandSteps" name="test_adjacent_step[low3-nxt3-step3]" time="0.000" /><testcase classname="tests.unit.l5.test_ladder.TestBandSteps" name="test_adjacent_step[low4-nxt4-step4]" time="0.000" /><testcase classname="tests.unit.l5.test_ladder.TestBandSteps" name="test_adjacent_step[low5-nxt5-step5]" time="0.000" /><testcase classname="tests.unit.l5.test_ladder.TestBandSteps" name="test_adjacent_step[low6-nxt6-step6]" time="0.000" /><testcase classname="tests.unit.l5.test_ladder.TestBandSteps" name="test_adjacent_step[low7-nxt7-step7]" time="0.001" /><testcase classname="tests.unit.l5.test_ladder.TestBandSteps" name="test_adjacent_step[low8-nxt8-step8]" time="0.000" /><testcase classname="tests.unit.l5.test_ladder.TestBandSteps" name="test_adjacent_step[low9-nxt9-step9]" time="0.000" /><testcase classname="tests.unit.l5.test_ladder.TestBandSteps" name="test_adjacent_step[low10-nxt10-step10]" time="0.000" /><testcase classname="tests.unit.l5.test_ladder.TestBandSteps" name="test_adjacent_step[low11-nxt11-step11]" time="0.000" /><testcase classname="tests.unit.l5.test_ladder.TestBandSteps" name="test_adjacent_step[low12-nxt12-step12]" time="0.000" /><testcase classname="tests.unit.l5.test_ladder.TestPriceOf" name="test_known_indices" time="0.000" /><testcase classname="tests.unit.l5.test_ladder.TestPriceOf" name="test_out_of_range_raises" time="0.000" /><testcase classname="tests.unit.l5.test_ladder.TestPriceOf" name="test_float_index_rejected" time="0.000" /><testcase classname="tests.unit.l5.test_ladder.TestPriceOf" name="test_bool_index_rejected" time="0.000" /><testcase classname="tests.unit.l5.test_ladder.TestIndexOf" name="test_maps_price_to_index" time="0.001" /><testcase classname="tests.unit.l5.test_ladder.TestIndexOf" name="test_representation_independent" time="0.000" /><testcase classname="tests.unit.l5.test_ladder.TestIndexOf" name="test_price_off_ladder_raises" time="0.000" /><testcase classname="tests.unit.l5.test_ladder.TestIndexOf" name="test_float_price_rejected" time="0.000" /><testcase classname="tests.unit.l5.test_ladder.TestPredicates" name="test_is_valid_index" time="0.000" /><testcase classname="tests.unit.l5.test_ladder.TestPredicates" name="test_is_on_ladder" time="0.000" /><testcase classname="tests.unit.l5.test_ladder_exhaustive" name="test_ladder_has_exactly_350_ticks" time="0.000" /><testcase classname="tests.unit.l5.test_ladder_exhaustive" name="test_every_tick_round_trips_exactly" time="0.000" /><testcase classname="tests.unit.l5.test_ladder_exhaustive" name="test_every_adjacent_pair_is_strictly_increasing" time="0.001" /><testcase classname="tests.unit.l5.test_ladder_exhaustive" name="test_band_boundaries_are_exact" time="0.000" /><testcase classname="tests.unit.l5.test_one_runner.TestSelection" name="test_highest_conservative_ev_chosen" time="0.000" /><testcase classname="tests.unit.l5.test_one_runner.TestSelection" name="test_deterministic_tie_break_lowest_selection_id" time="0.000" /><testcase classname="tests.unit.l5.test_one_runner.TestSelection" name="test_selection_is_order_independent" time="0.000" /><testcase classname="tests.unit.l5.test_one_runner.TestSelection" name="test_single_candidate" time="0.000" /><testcase classname="tests.unit.l5.test_one_runner.TestSelection" name="test_empty_candidates_rejected" time="0.000" /><testcase classname="tests.unit.l5.test_one_runner.TestSelection" name="test_candidates_must_share_market" time="0.000" /><testcase classname="tests.unit.l5.test_one_runner.TestSelection" name="test_duplicate_selection_rejected" time="0.000" /><testcase classname="tests.unit.l5.test_one_runner.TestSelection" name="test_non_positive_selection_id_rejected[0]" time="0.000" /><testcase classname="tests.unit.l5.test_one_runner.TestSelection" name="test_non_positive_selection_id_rejected[-1]" time="0.000" /><testcase classname="tests.unit.l5.test_one_runner.TestLedgerRefusesSecondPosition" name="test_second_position_same_market_refused" time="0.000" /><testcase classname="tests.unit.l5.test_one_runner.TestLedgerRefusesSecondPosition" name="test_different_markets_allowed" time="0.000" /><testcase classname="tests.unit.l5.test_one_runner.TestLedgerRefusesSecondPosition" name="test_re_committing_same_selection_still_refused" time="0.000" /><testcase classname="tests.unit.l5.test_one_runner.TestLedgerRefusesSecondPosition" name="test_commit_rejects_non_positive_selection_id[0]" time="0.000" /><testcase classname="tests.unit.l5.test_one_runner.TestLedgerRefusesSecondPosition" name="test_commit_rejects_non_positive_selection_id[-1]" time="0.000" /><testcase classname="tests.unit.l5.test_price_contract_shims" name="test_shim_contains_only_reexports[l5_decision/prices.py]" time="0.001" /><testcase classname="tests.unit.l5.test_price_contract_shims" name="test_shim_contains_only_reexports[l5_decision/ladder.py]" time="0.001" /><testcase classname="tests.unit.l5.test_price_contract_shims" name="test_shim_classes_are_identical_objects" time="0.000" /><testcase classname="tests.unit.l5.test_price_contract_shims" name="test_authoritative_types_are_defined_in_price_contracts" time="0.000" /><testcase classname="tests.unit.l5.test_prices.TestDistinctTypes" name="test_the_three_types_are_unrelated" time="0.000" /><testcase classname="tests.unit.l5.test_prices.TestDistinctTypes" name="test_same_price_different_type_are_not_equal" time="0.000" /><testcase classname="tests.unit.l5.test_prices.TestOddsExec" name="test_decimal_odds_from_ladder" time="0.000" /><testcase classname="tests.unit.l5.test_prices.TestOddsExec" name="test_invalid_tick_index_rejected" time="0.000" /><testcase classname="tests.unit.l5.test_prices.TestOddsExec" name="test_off_ladder_decimal_rejected" time="0.000" /><testcase classname="tests.unit.l5.test_prices.TestOddsExec" name="test_frozen" time="0.000" /><testcase classname="tests.unit.l5.test_prices.TestMarketInfoPrice" name="test_valid_probability" time="0.000" /><testcase classname="tests.unit.l5.test_prices.TestMarketInfoPrice" name="test_probability_bounds[bad0]" time="0.000" /><testcase classname="tests.unit.l5.test_prices.TestMarketInfoPrice" name="test_probability_bounds[bad1]" time="0.000" /><testcase classname="tests.unit.l5.test_prices.TestMarketInfoPrice" name="test_probability_bounds[bad2]" time="0.000" /><testcase classname="tests.unit.l5.test_prices.TestMarketInfoPrice" name="test_probability_bounds[bad3]" time="0.000" /><testcase classname="tests.unit.l5.test_prices.TestClosePrice" name="test_off_ladder_reconciled_benchmark_is_representable" time="0.000" /><testcase classname="tests.unit.l5.test_prices.TestClosePrice" name="test_on_ladder_value_also_representable" time="0.000" /><testcase classname="tests.unit.l5.test_prices.TestClosePrice" name="test_out_of_venue_range_rejected[bad0]" time="0.000" /><testcase classname="tests.unit.l5.test_prices.TestClosePrice" name="test_out_of_venue_range_rejected[bad1]" time="0.000" /><testcase classname="tests.unit.l5.test_prices.TestClosePrice" name="test_out_of_venue_range_rejected[bad2]" time="0.000" /><testcase classname="tests.unit.l5.test_prices.TestClosePrice" name="test_out_of_venue_range_rejected[bad3]" time="0.000" /><testcase classname="tests.unit.l5.test_prices.TestClosePrice" name="test_empty_benchmark_identity_rejected[]" time="0.000" /><testcase classname="tests.unit.l5.test_prices.TestClosePrice" name="test_empty_benchmark_identity_rejected[   ]" time="0.000" /><testcase classname="tests.unit.l5.test_prices.TestClosePrice" name="test_no_tick_index_surface_exists" time="0.000" /><testcase classname="tests.unit.l6.test_idempotency" name="test_duplicate_ref_identical_fields_returns_same_object" time="0.001" /><testcase classname="tests.unit.l6.test_idempotency" name="test_duplicate_ref_identical_fields_adds_no_exposure" time="0.000" /><testcase classname="tests.unit.l6.test_idempotency" name="test_differing_fields_duplicate_returns_existing_unchanged" time="0.000" /><testcase classname="tests.unit.l6.test_idempotency" name="test_differing_fields_duplicate_adds_no_exposure_regardless_of_size" time="0.000" /><testcase classname="tests.unit.l6.test_idempotency" name="test_differing_fields_duplicate_records_anomaly" time="0.000" /><testcase classname="tests.unit.l6.test_idempotency" name="test_duplicate_replay_reflects_current_lifecycle_state_not_stale_created" time="0.000" /><testcase classname="tests.unit.l6.test_idempotency" name="test_update_unknown_ref_raises_keyerror" time="0.000" /><testcase classname="tests.unit.l6.test_idempotency" name="test_second_distinct_ref_same_market_refused" time="0.000" /><testcase classname="tests.unit.l6.test_idempotency" name="test_second_distinct_ref_same_market_same_selection_also_refused" time="0.000" /><testcase classname="tests.unit.l6.test_idempotency" name="test_rejected_reservation_attempt_creates_no_second_order" time="0.000" /><testcase classname="tests.unit.l6.test_idempotency" name="test_reservation_released_after_settlement" time="0.000" /><testcase classname="tests.unit.l6.test_idempotency" name="test_duplicate_of_reservation_holder_still_short_circuits" time="0.000" /><testcase classname="tests.unit.l6.test_idempotency" name="test_unknown_flagged_order_blocks_all_further_placement" time="0.000" /><testcase classname="tests.unit.l6.test_idempotency" name="test_unknown_flag_blocks_even_a_pure_duplicate_replay" time="0.000" /><testcase classname="tests.unit.l6.test_idempotency" name="test_lay_side_refused_for_a_new_ref" time="0.000" /><testcase classname="tests.unit.l6.test_idempotency" name="test_non_lapse_persistence_refused_for_a_new_ref" time="0.000" /><testcase classname="tests.unit.l6.test_idempotency" name="test_invalid_tick_refused_for_a_new_ref[-1]" time="0.000" /><testcase classname="tests.unit.l6.test_idempotency" name="test_invalid_tick_refused_for_a_new_ref[100000]" time="0.000" /><testcase classname="tests.unit.l6.test_idempotency" name="test_float_stake_refused_typeerror_for_a_new_ref" time="0.000" /><testcase classname="tests.unit.l6.test_idempotency" name="test_decimal_stake_refused_typeerror_for_a_new_ref" time="0.000" /><testcase classname="tests.unit.l6.test_idempotency" name="test_potential_exposure_counts_full_stake_while_live" time="0.000" /><testcase classname="tests.unit.l6.test_idempotency" name="test_matched_exposure_reflects_partial_match" time="0.000" /><testcase classname="tests.unit.l6.test_idempotency" name="test_voided_order_excluded_from_matched_exposure" time="0.000" /><testcase classname="tests.unit.l6.test_order_state_machine" name="test_exhaustive_transition_matrix[CREATED-CREATED]" time="0.000" /><testcase classname="tests.unit.l6.test_order_state_machine" name="test_exhaustive_transition_matrix[CREATED-SUBMITTED]" time="0.000" /><testcase classname="tests.unit.l6.test_order_state_machine" name="test_exhaustive_transition_matrix[CREATED-ACKNOWLEDGED]" time="0.000" /><testcase classname="tests.unit.l6.test_order_state_machine" name="test_exhaustive_transition_matrix[CREATED-EXECUTABLE]" time="0.001" /><testcase classname="tests.unit.l6.test_order_state_machine" name="test_exhaustive_transition_matrix[CREATED-PARTIALLY_MATCHED]" time="0.000" /><testcase classname="tests.unit.l6.test_order_state_machine" name="test_exhaustive_transition_matrix[CREATED-MATCHED]" time="0.001" /><testcase classname="tests.unit.l6.test_order_state_machine" name="test_exhaustive_transition_matrix[CREATED-CANCELLED]" time="0.001" /><testcase classname="tests.unit.l6.test_order_state_machine" name="test_exhaustive_transition_matrix[CREATED-LAPSED]" time="0.001" /><testcase classname="tests.unit.l6.test_order_state_machine" name="test_exhaustive_transition_matrix[CREATED-VOIDED]" time="0.000" /><testcase classname="tests.unit.l6.test_order_state_machine" name="test_exhaustive_transition_matrix[CREATED-SETTLED]" time="0.000" /><testcase classname="tests.unit.l6.test_order_state_machine" name="test_exhaustive_transition_matrix[CREATED-RESETTLED]" time="0.000" /><testcase classname="tests.unit.l6.test_order_state_machine" name="test_exhaustive_transition_matrix[SUBMITTED-CREATED]" time="0.000" /><testcase classname="tests.unit.l6.test_order_state_machine" name="test_exhaustive_transition_matrix[SUBMITTED-SUBMITTED]" time="0.000" /><testcase classname="tests.unit.l6.test_order_state_machine" name="test_exhaustive_transition_matrix[SUBMITTED-ACKNOWLEDGED]" time="0.000" /><testcase classname="tests.unit.l6.test_order_state_machine" name="test_exhaustive_transition_matrix[SUBMITTED-EXECUTABLE]" time="0.000" /><testcase classname="tests.unit.l6.test_order_state_machine" name="test_exhaustive_transition_matrix[SUBMITTED-PARTIALLY_MATCHED]" time="0.000" /><testcase classname="tests.unit.l6.test_order_state_machine" name="test_exhaustive_transition_matrix[SUBMITTED-MATCHED]" time="0.001" /><testcase classname="tests.unit.l6.test_order_state_machine" name="test_exhaustive_transition_matrix[SUBMITTED-CANCELLED]" time="0.001" /><testcase classname="tests.unit.l6.test_order_state_machine" name="test_exhaustive_transition_matrix[SUBMITTED-LAPSED]" time="0.001" /><testcase classname="tests.unit.l6.test_order_state_machine" name="test_exhaustive_transition_matrix[SUBMITTED-VOIDED]" time="0.000" /><testcase classname="tests.unit.l6.test_order_state_machine" name="test_exhaustive_transition_matrix[SUBMITTED-SETTLED]" time="0.000" /><testcase classname="tests.unit.l6.test_order_state_machine" name="test_exhaustive_transition_matrix[SUBMITTED-RESETTLED]" time="0.000" /><testcase classname="tests.unit.l6.test_order_state_machine" name="test_exhaustive_transition_matrix[ACKNOWLEDGED-CREATED]" time="0.000" /><testcase classname="tests.unit.l6.test_order_state_machine" name="test_exhaustive_transition_matrix[ACKNOWLEDGED-SUBMITTED]" time="0.000" /><testcase classname="tests.unit.l6.test_order_state_machine" name="test_exhaustive_transition_matrix[ACKNOWLEDGED-ACKNOWLEDGED]" time="0.000" /><testcase classname="tests.unit.l6.test_order_state_machine" name="test_exhaustive_transition_matrix[ACKNOWLEDGED-EXECUTABLE]" time="0.000" /><testcase classname="tests.unit.l6.test_order_state_machine" name="test_exhaustive_transition_matrix[ACKNOWLEDGED-PARTIALLY_MATCHED]" time="0.000" /><testcase classname="tests.unit.l6.test_order_state_machine" name="test_exhaustive_transition_matrix[ACKNOWLEDGED-MATCHED]" time="0.001" /><testcase classname="tests.unit.l6.test_order_state_machine" name="test_exhaustive_transition_matrix[ACKNOWLEDGED-CANCELLED]" time="0.000" /><testcase classname="tests.unit.l6.test_order_state_machine" name="test_exhaustive_transition_matrix[ACKNOWLEDGED-LAPSED]" time="0.001" /><testcase classname="tests.unit.l6.test_order_state_machine" name="test_exhaustive_transition_matrix[ACKNOWLEDGED-VOIDED]" time="0.001" /><testcase classname="tests.unit.l6.test_order_state_machine" name="test_exhaustive_transition_matrix[ACKNOWLEDGED-SETTLED]" time="0.001" /><testcase classname="tests.unit.l6.test_order_state_machine" name="test_exhaustive_transition_matrix[ACKNOWLEDGED-RESETTLED]" time="0.000" /><testcase classname="tests.unit.l6.test_order_state_machine" name="test_exhaustive_transition_matrix[EXECUTABLE-CREATED]" time="0.000" /><testcase classname="tests.unit.l6.test_order_state_machine" name="test_exhaustive_transition_matrix[EXECUTABLE-SUBMITTED]" time="0.000" /><testcase classname="tests.unit.l6.test_order_state_machine" name="test_exhaustive_transition_matrix[EXECUTABLE-ACKNOWLEDGED]" time="0.000" /><testcase classname="tests.unit.l6.test_order_state_machine" name="test_exhaustive_transition_matrix[EXECUTABLE-EXECUTABLE]" time="0.001" /><testcase classname="tests.unit.l6.test_order_state_machine" name="test_exhaustive_transition_matrix[EXECUTABLE-PARTIALLY_MATCHED]" time="0.001" /><testcase classname="tests.unit.l6.test_order_state_machine" name="test_exhaustive_transition_matrix[EXECUTABLE-MATCHED]" time="0.000" /><testcase classname="tests.unit.l6.test_order_state_machine" name="test_exhaustive_transition_matrix[EXECUTABLE-CANCELLED]" time="0.001" /><testcase classname="tests.unit.l6.test_order_state_machine" name="test_exhaustive_transition_matrix[EXECUTABLE-LAPSED]" time="0.000" /><testcase classname="tests.unit.l6.test_order_state_machine" name="test_exhaustive_transition_matrix[EXECUTABLE-VOIDED]" time="0.000" /><testcase classname="tests.unit.l6.test_order_state_machine" name="test_exhaustive_transition_matrix[EXECUTABLE-SETTLED]" time="0.000" /><testcase classname="tests.unit.l6.test_order_state_machine" name="test_exhaustive_transition_matrix[EXECUTABLE-RESETTLED]" time="0.001" /><testcase classname="tests.unit.l6.test_order_state_machine" name="test_exhaustive_transition_matrix[PARTIALLY_MATCHED-CREATED]" time="0.001" /><testcase classname="tests.unit.l6.test_order_state_machine" name="test_exhaustive_transition_matrix[PARTIALLY_MATCHED-SUBMITTED]" time="0.001" /><testcase classname="tests.unit.l6.test_order_state_machine" name="test_exhaustive_transition_matrix[PARTIALLY_MATCHED-ACKNOWLEDGED]" time="0.001" /><testcase classname="tests.unit.l6.test_order_state_machine" name="test_exhaustive_transition_matrix[PARTIALLY_MATCHED-EXECUTABLE]" time="0.000" /><testcase classname="tests.unit.l6.test_order_state_machine" name="test_exhaustive_transition_matrix[PARTIALLY_MATCHED-PARTIALLY_MATCHED]" time="0.000" /><testcase classname="tests.unit.l6.test_order_state_machine" name="test_exhaustive_transition_matrix[PARTIALLY_MATCHED-MATCHED]" time="0.001" /><testcase classname="tests.unit.l6.test_order_state_machine" name="test_exhaustive_transition_matrix[PARTIALLY_MATCHED-CANCELLED]" time="0.000" /><testcase classname="tests.unit.l6.test_order_state_machine" name="test_exhaustive_transition_matrix[PARTIALLY_MATCHED-LAPSED]" time="0.000" /><testcase classname="tests.unit.l6.test_order_state_machine" name="test_exhaustive_transition_matrix[PARTIALLY_MATCHED-VOIDED]" time="0.000" /><testcase classname="tests.unit.l6.test_order_state_machine" name="test_exhaustive_transition_matrix[PARTIALLY_MATCHED-SETTLED]" time="0.000" /><testcase classname="tests.unit.l6.test_order_state_machine" name="test_exhaustive_transition_matrix[PARTIALLY_MATCHED-RESETTLED]" time="0.001" /><testcase classname="tests.unit.l6.test_order_state_machine" name="test_exhaustive_transition_matrix[MATCHED-CREATED]" time="0.000" /><testcase classname="tests.unit.l6.test_order_state_machine" name="test_exhaustive_transition_matrix[MATCHED-SUBMITTED]" time="0.001" /><testcase classname="tests.unit.l6.test_order_state_machine" name="test_exhaustive_transition_matrix[MATCHED-ACKNOWLEDGED]" time="0.000" /><testcase classname="tests.unit.l6.test_order_state_machine" name="test_exhaustive_transition_matrix[MATCHED-EXECUTABLE]" time="0.000" /><testcase classname="tests.unit.l6.test_order_state_machine" name="test_exhaustive_transition_matrix[MATCHED-PARTIALLY_MATCHED]" time="0.001" /><testcase classname="tests.unit.l6.test_order_state_machine" name="test_exhaustive_transition_matrix[MATCHED-MATCHED]" time="0.001" /><testcase classname="tests.unit.l6.test_order_state_machine" name="test_exhaustive_transition_matrix[MATCHED-CANCELLED]" time="0.001" /><testcase classname="tests.unit.l6.test_order_state_machine" name="test_exhaustive_transition_matrix[MATCHED-LAPSED]" time="0.000" /><testcase classname="tests.unit.l6.test_order_state_machine" name="test_exhaustive_transition_matrix[MATCHED-VOIDED]" time="0.001" /><testcase classname="tests.unit.l6.test_order_state_machine" name="test_exhaustive_transition_matrix[MATCHED-SETTLED]" time="0.000" /><testcase classname="tests.unit.l6.test_order_state_machine" name="test_exhaustive_transition_matrix[MATCHED-RESETTLED]" time="0.001" /><testcase classname="tests.unit.l6.test_order_state_machine" name="test_exhaustive_transition_matrix[CANCELLED-CREATED]" time="0.001" /><testcase classname="tests.unit.l6.test_order_state_machine" name="test_exhaustive_transition_matrix[CANCELLED-SUBMITTED]" time="0.001" /><testcase classname="tests.unit.l6.test_order_state_machine" name="test_exhaustive_transition_matrix[CANCELLED-ACKNOWLEDGED]" time="0.000" /><testcase classname="tests.unit.l6.test_order_state_machine" name="test_exhaustive_transition_matrix[CANCELLED-EXECUTABLE]" time="0.001" /><testcase classname="tests.unit.l6.test_order_state_machine" name="test_exhaustive_transition_matrix[CANCELLED-PARTIALLY_MATCHED]" time="0.000" /><testcase classname="tests.unit.l6.test_order_state_machine" name="test_exhaustive_transition_matrix[CANCELLED-MATCHED]" time="0.000" /><testcase classname="tests.unit.l6.test_order_state_machine" name="test_exhaustive_transition_matrix[CANCELLED-CANCELLED]" time="0.000" /><testcase classname="tests.unit.l6.test_order_state_machine" name="test_exhaustive_transition_matrix[CANCELLED-LAPSED]" time="0.001" /><testcase classname="tests.unit.l6.test_order_state_machine" name="test_exhaustive_transition_matrix[CANCELLED-VOIDED]" time="0.000" /><testcase classname="tests.unit.l6.test_order_state_machine" name="test_exhaustive_transition_matrix[CANCELLED-SETTLED]" time="0.000" /><testcase classname="tests.unit.l6.test_order_state_machine" name="test_exhaustive_transition_matrix[CANCELLED-RESETTLED]" time="0.001" /><testcase classname="tests.unit.l6.test_order_state_machine" name="test_exhaustive_transition_matrix[LAPSED-CREATED]" time="0.001" /><testcase classname="tests.unit.l6.test_order_state_machine" name="test_exhaustive_transition_matrix[LAPSED-SUBMITTED]" time="0.001" /><testcase classname="tests.unit.l6.test_order_state_machine" name="test_exhaustive_transition_matrix[LAPSED-ACKNOWLEDGED]" time="0.001" /><testcase classname="tests.unit.l6.test_order_state_machine" name="test_exhaustive_transition_matrix[LAPSED-EXECUTABLE]" time="0.000" /><testcase classname="tests.unit.l6.test_order_state_machine" name="test_exhaustive_transition_matrix[LAPSED-PARTIALLY_MATCHED]" time="0.000" /><testcase classname="tests.unit.l6.test_order_state_machine" name="test_exhaustive_transition_matrix[LAPSED-MATCHED]" time="0.000" /><testcase classname="tests.unit.l6.test_order_state_machine" name="test_exhaustive_transition_matrix[LAPSED-CANCELLED]" time="0.001" /><testcase classname="tests.unit.l6.test_order_state_machine" name="test_exhaustive_transition_matrix[LAPSED-LAPSED]" time="0.000" /><testcase classname="tests.unit.l6.test_order_state_machine" name="test_exhaustive_transition_matrix[LAPSED-VOIDED]" time="0.001" /><testcase classname="tests.unit.l6.test_order_state_machine" name="test_exhaustive_transition_matrix[LAPSED-SETTLED]" time="0.001" /><testcase classname="tests.unit.l6.test_order_state_machine" name="test_exhaustive_transition_matrix[LAPSED-RESETTLED]" time="0.000" /><testcase classname="tests.unit.l6.test_order_state_machine" name="test_exhaustive_transition_matrix[VOIDED-CREATED]" time="0.001" /><testcase classname="tests.unit.l6.test_order_state_machine" name="test_exhaustive_transition_matrix[VOIDED-SUBMITTED]" time="0.001" /><testcase classname="tests.unit.l6.test_order_state_machine" name="test_exhaustive_transition_matrix[VOIDED-ACKNOWLEDGED]" time="0.001" /><testcase classname="tests.unit.l6.test_order_state_machine" name="test_exhaustive_transition_matrix[VOIDED-EXECUTABLE]" time="0.000" /><testcase classname="tests.unit.l6.test_order_state_machine" name="test_exhaustive_transition_matrix[VOIDED-PARTIALLY_MATCHED]" time="0.001" /><testcase classname="tests.unit.l6.test_order_state_machine" name="test_exhaustive_transition_matrix[VOIDED-MATCHED]" time="0.000" /><testcase classname="tests.unit.l6.test_order_state_machine" name="test_exhaustive_transition_matrix[VOIDED-CANCELLED]" time="0.000" /><testcase classname="tests.unit.l6.test_order_state_machine" name="test_exhaustive_transition_matrix[VOIDED-LAPSED]" time="0.001" /><testcase classname="tests.unit.l6.test_order_state_machine" name="test_exhaustive_transition_matrix[VOIDED-VOIDED]" time="0.001" /><testcase classname="tests.unit.l6.test_order_state_machine" name="test_exhaustive_transition_matrix[VOIDED-SETTLED]" time="0.000" /><testcase classname="tests.unit.l6.test_order_state_machine" name="test_exhaustive_transition_matrix[VOIDED-RESETTLED]" time="0.000" /><testcase classname="tests.unit.l6.test_order_state_machine" name="test_exhaustive_transition_matrix[SETTLED-CREATED]" time="0.000" /><testcase classname="tests.unit.l6.test_order_state_machine" name="test_exhaustive_transition_matrix[SETTLED-SUBMITTED]" time="0.001" /><testcase classname="tests.unit.l6.test_order_state_machine" name="test_exhaustive_transition_matrix[SETTLED-ACKNOWLEDGED]" time="0.001" /><testcase classname="tests.unit.l6.test_order_state_machine" name="test_exhaustive_transition_matrix[SETTLED-EXECUTABLE]" time="0.000" /><testcase classname="tests.unit.l6.test_order_state_machine" name="test_exhaustive_transition_matrix[SETTLED-PARTIALLY_MATCHED]" time="0.000" /><testcase classname="tests.unit.l6.test_order_state_machine" name="test_exhaustive_transition_matrix[SETTLED-MATCHED]" time="0.000" /><testcase classname="tests.unit.l6.test_order_state_machine" name="test_exhaustive_transition_matrix[SETTLED-CANCELLED]" time="0.000" /><testcase classname="tests.unit.l6.test_order_state_machine" name="test_exhaustive_transition_matrix[SETTLED-LAPSED]" time="0.000" /><testcase classname="tests.unit.l6.test_order_state_machine" name="test_exhaustive_transition_matrix[SETTLED-VOIDED]" time="0.001" /><testcase classname="tests.unit.l6.test_order_state_machine" name="test_exhaustive_transition_matrix[SETTLED-SETTLED]" time="0.000" /><testcase classname="tests.unit.l6.test_order_state_machine" name="test_exhaustive_transition_matrix[SETTLED-RESETTLED]" time="0.000" /><testcase classname="tests.unit.l6.test_order_state_machine" name="test_exhaustive_transition_matrix[RESETTLED-CREATED]" time="0.001" /><testcase classname="tests.unit.l6.test_order_state_machine" name="test_exhaustive_transition_matrix[RESETTLED-SUBMITTED]" time="0.000" /><testcase classname="tests.unit.l6.test_order_state_machine" name="test_exhaustive_transition_matrix[RESETTLED-ACKNOWLEDGED]" time="0.001" /><testcase classname="tests.unit.l6.test_order_state_machine" name="test_exhaustive_transition_matrix[RESETTLED-EXECUTABLE]" time="0.001" /><testcase classname="tests.unit.l6.test_order_state_machine" name="test_exhaustive_transition_matrix[RESETTLED-PARTIALLY_MATCHED]" time="0.000" /><testcase classname="tests.unit.l6.test_order_state_machine" name="test_exhaustive_transition_matrix[RESETTLED-MATCHED]" time="0.000" /><testcase classname="tests.unit.l6.test_order_state_machine" name="test_exhaustive_transition_matrix[RESETTLED-CANCELLED]" time="0.001" /><testcase classname="tests.unit.l6.test_order_state_machine" name="test_exhaustive_transition_matrix[RESETTLED-LAPSED]" time="0.000" /><testcase classname="tests.unit.l6.test_order_state_machine" name="test_exhaustive_transition_matrix[RESETTLED-VOIDED]" time="0.000" /><testcase classname="tests.unit.l6.test_order_state_machine" name="test_exhaustive_transition_matrix[RESETTLED-SETTLED]" time="0.001" /><testcase classname="tests.unit.l6.test_order_state_machine" name="test_exhaustive_transition_matrix[RESETTLED-RESETTLED]" time="0.000" /><testcase classname="tests.unit.l6.test_order_state_machine" name="test_legal_transitions_table_matches_spec_text" time="0.000" /><testcase classname="tests.unit.l6.test_order_state_machine" name="test_settled_is_absorbing_except_resettled" time="0.000" /><testcase classname="tests.unit.l6.test_order_state_machine" name="test_resettled_is_a_pure_self_loop" time="0.000" /><testcase classname="tests.unit.l6.test_order_state_machine" name="test_partially_matched_requires_matched_strictly_between_zero_and_stake" time="0.000" /><testcase classname="tests.unit.l6.test_order_state_machine" name="test_matched_requires_matched_equals_stake" time="0.000" /><testcase classname="tests.unit.l6.test_order_state_machine" name="test_matched_cannot_exceed_stake_at_construction" time="0.000" /><testcase classname="tests.unit.l6.test_order_state_machine" name="test_matched_stake_minor_must_be_non_negative" time="0.000" /><testcase classname="tests.unit.l6.test_order_state_machine" name="test_transition_rejects_a_matched_decrease" time="0.000" /><testcase classname="tests.unit.l6.test_order_state_machine" name="test_cancel_after_partial_match_preserves_matched_portion" time="0.000" /><testcase classname="tests.unit.l6.test_order_state_machine" name="test_lapse_after_partial_match_preserves_matched_portion" time="0.000" /><testcase classname="tests.unit.l6.test_order_state_machine" name="test_transition_rejects_non_int_matched" time="0.000" /><testcase classname="tests.unit.l6.test_order_state_machine" name="test_lay_side_refused_at_construction" time="0.000" /><testcase classname="tests.unit.l6.test_order_state_machine" name="test_non_lapse_persistence_refused[PERSIST]" time="0.001" /><testcase classname="tests.unit.l6.test_order_state_machine" name="test_non_lapse_persistence_refused[MARKET_ON_CLOSE]" time="0.000" /><testcase classname="tests.unit.l6.test_order_state_machine" name="test_float_decimal_bool_stake_refused_typeerror[100.5]" time="0.000" /><testcase classname="tests.unit.l6.test_order_state_machine" name="test_float_decimal_bool_stake_refused_typeerror[bad_stake1]" time="0.000" /><testcase classname="tests.unit.l6.test_order_state_machine" name="test_float_decimal_bool_stake_refused_typeerror[True]" time="0.000" /><testcase classname="tests.unit.l6.test_order_state_machine" name="test_non_positive_stake_refused_valueerror[0]" time="0.000" /><testcase classname="tests.unit.l6.test_order_state_machine" name="test_non_positive_stake_refused_valueerror[-1]" time="0.000" /><testcase classname="tests.unit.l6.test_order_state_machine" name="test_invalid_price_tick_refused[-1]" time="0.000" /><testcase classname="tests.unit.l6.test_order_state_machine" name="test_invalid_price_tick_refused[999999]" time="0.000" /><testcase classname="tests.unit.l6.test_order_state_machine" name="test_non_positive_selection_id_refused[0]" time="0.000" /><testcase classname="tests.unit.l6.test_order_state_machine" name="test_non_positive_selection_id_refused[-1]" time="0.000" /><testcase classname="tests.unit.l6.test_order_state_machine" name="test_non_positive_market_version_refused[0]" time="0.000" /><testcase classname="tests.unit.l6.test_order_state_machine" name="test_non_positive_market_version_refused[-1]" time="0.000" /><testcase classname="tests.unit.l6.test_order_state_machine" name="test_empty_customer_order_ref_refused" time="0.000" /><testcase classname="tests.unit.l6.test_order_state_machine" name="test_partially_matched_is_flagged_a_taker_v1_incident" time="0.000" /><testcase classname="tests.unit.l6.test_order_state_machine" name="test_only_partially_matched_is_a_taker_v1_incident[OrderState.CREATED]" time="0.000" /><testcase classname="tests.unit.l6.test_order_state_machine" name="test_only_partially_matched_is_a_taker_v1_incident[OrderState.SUBMITTED]" time="0.000" /><testcase classname="tests.unit.l6.test_order_state_machine" name="test_only_partially_matched_is_a_taker_v1_incident[OrderState.ACKNOWLEDGED]" time="0.000" /><testcase classname="tests.unit.l6.test_order_state_machine" name="test_only_partially_matched_is_a_taker_v1_incident[OrderState.EXECUTABLE]" time="0.000" /><testcase classname="tests.unit.l6.test_order_state_machine" name="test_only_partially_matched_is_a_taker_v1_incident[OrderState.MATCHED]" time="0.000" /><testcase classname="tests.unit.l6.test_order_state_machine" name="test_only_partially_matched_is_a_taker_v1_incident[OrderState.CANCELLED]" time="0.001" /><testcase classname="tests.unit.l6.test_order_state_machine" name="test_only_partially_matched_is_a_taker_v1_incident[OrderState.LAPSED]" time="0.000" /><testcase classname="tests.unit.l6.test_order_state_machine" name="test_only_partially_matched_is_a_taker_v1_incident[OrderState.VOIDED]" time="0.000" /><testcase classname="tests.unit.l6.test_order_state_machine" name="test_only_partially_matched_is_a_taker_v1_incident[OrderState.SETTLED]" time="0.000" /><testcase classname="tests.unit.l6.test_order_state_machine" name="test_only_partially_matched_is_a_taker_v1_incident[OrderState.RESETTLED]" time="0.000" /><testcase classname="tests.unit.l6.test_order_state_machine" name="test_marked_unknown_preserves_state_and_history" time="0.000" /><testcase classname="tests.unit.l6.test_order_state_machine" name="test_transition_record_rejects_naive_datetime" time="0.000" /><testcase classname="tests.unit.l6.test_order_state_machine" name="test_transition_record_rejects_non_utc_offset" time="0.000" /><testcase classname="tests.unit.l6.test_order_state_machine" name="test_transition_record_rejects_empty_reason" time="0.000" /><testcase classname="tests.unit.l6.test_order_state_machine" name="test_transition_record_rejects_non_int_monotonic[1.5]" time="0.000" /><testcase classname="tests.unit.l6.test_order_state_machine" name="test_transition_record_rejects_non_int_monotonic[True]" time="0.000" /></testsuite></testsuites>