<?xml version="1.0" encoding="utf-8"?><testsuites name="pytest tests"><testsuite name="pytest" errors="0" failures="0" skipped="0" tests="311" time="8.339" timestamp="2026-07-25T06:42:33.068676+00:00" hostname="vm"><testcase classname="tests.unit.l6.test_reservation_release.TestReleaseRow" name="test_confirmed_terminal_zero_fill_fok_lapse_releases" time="0.001" /><testcase classname="tests.unit.l6.test_reservation_release.TestReleaseRow" name="test_confirmed_zero_fill_cancel_releases" time="0.001" /><testcase classname="tests.unit.l6.test_reservation_release.TestRetainRows" name="test_non_release_rows_retain[states0-0]" time="0.001" /><testcase classname="tests.unit.l6.test_reservation_release.TestRetainRows" name="test_non_release_rows_retain[states1-250]" time="0.001" /><testcase classname="tests.unit.l6.test_reservation_release.TestRetainRows" name="test_non_release_rows_retain[states2-0]" time="0.001" /><testcase classname="tests.unit.l6.test_reservation_release.TestRetainRows" name="test_non_release_rows_retain[states3-0]" time="0.001" /><testcase classname="tests.unit.l6.test_reservation_release.TestRetainRows" name="test_non_release_rows_retain[states4-0]" time="0.001" /><testcase classname="tests.unit.l6.test_reservation_release.TestRetainRows" name="test_reconciliation_ambiguity_retains_even_terminal_zero_fill" time="0.000" /><testcase classname="tests.unit.l6.test_reservation_release.TestRetainRows" name="test_settlement_horizon_release_unchanged" time="0.000" /><testcase classname="tests.unit.l6.test_reservation_release.TestDerivedNotStored" name="test_reservation_state_is_derived_from_immutable_order_records" time="0.000" /><testcase classname="tests.unit.l6.test_reservation_release.TestMutationHardening" name="test_runtime_built_equal_market_id_is_still_reserved" time="0.000" /><testcase classname="tests.unit.l6.test_reservation_release.TestMutationHardening" name="test_same_length_field_mutation_without_transition_is_refused" time="0.000" /><testcase classname="tests.unit.l6.test_reservation_release.TestMutationHardening" name="test_diverged_history_is_refused_with_the_typed_error" time="0.000" /><testcase classname="tests.unit.l6.test_retry_governor.TestAllFourConditionsRequired" name="test_approval_requires_every_condition" time="0.008" /><testcase classname="tests.unit.l6.test_retry_governor.TestAllFourConditionsRequired" name="test_unconfirmed_exposure_refuses_regardless_of_everything_else" time="0.004" /><testcase classname="tests.unit.l6.test_retry_governor.TestAllFourConditionsRequired" name="test_identical_digest_pair_never_triggers_twice" time="0.005" /><testcase classname="tests.unit.l6.test_retry_governor.TestAllFourConditionsRequired" name="test_time_passage_alone_is_not_material_change" time="0.005" /><testcase classname="tests.unit.l6.test_retry_governor.TestAllFourConditionsRequired" name="test_cooldown_not_elapsed_refuses_even_with_changed_state" time="0.005" /><testcase classname="tests.unit.l6.test_retry_governor.TestAllFourConditionsRequired" name="test_changed_state_after_cooldown_is_approved_then_budget_exhausts" time="0.007" /><testcase classname="tests.unit.l6.test_retry_governor.TestAllFourConditionsRequired" name="test_budget_is_per_market" time="0.007" /><testcase classname="tests.unit.l6.test_retry_governor.TestAllFourConditionsRequired" name="test_wall_clock_going_backwards_fails_closed" time="0.005" /><testcase classname="tests.unit.l6.test_retry_governor.TestRestartSemantics" name="test_budget_and_digests_persist_across_restart" time="0.006" /><testcase classname="tests.unit.l6.test_retry_governor.TestRestartSemantics" name="test_cooldown_across_restart_uses_wall_clock_from_the_log" time="0.005" /><testcase classname="tests.unit.l6.test_retry_governor.TestRestartSemantics" name="test_restart_requires_reconciliation_before_any_retry" time="0.004" /><testcase classname="tests.unit.l6.test_retry_governor.TestGovernedConstants" name="test_cooldown_and_budget_are_mandatory_and_positive" time="0.009" /><testcase classname="tests.unit.l6.test_retry_governor.TestGovernedConstants" name="test_record_attempt_refuses_unreconciled_and_naive_time" time="0.004" /><testcase classname="tests.unit.l6.test_retry_governor.TestMutationHardening" name="test_well_after_cooldown_is_approved" time="0.006" /><testcase classname="tests.unit.l6.test_retry_governor.TestMutationHardening" name="test_same_instant_retry_refuses_as_cooldown_not_clock" time="0.006" /><testcase classname="tests.unit.l6.test_retry_governor.TestMutationHardening" name="test_negative_governed_constants_refused[-1]" time="0.009" /><testcase classname="tests.unit.l6.test_retry_governor.TestMutationHardening" name="test_negative_governed_constants_refused[-300]" time="0.007" /><testcase classname="tests.unit.l6.test_retry_governor.TestMutationHardening" name="test_attempts_beyond_budget_still_refuse" time="0.008" /><testcase classname="tests.unit.l6.test_retry_governor.TestMutationHardening" name="test_rebuild_takes_the_latest_attempt_time_from_an_out_of_order_log" time="0.006" /><testcase classname="tests.unit.l6.test_retry_governor.TestMutationHardening" name="test_in_process_earlier_record_does_not_regress_the_anchor" time="0.007" /><testcase classname="tests.unit.l6.test_retry_governor.TestMutationHardening" name="test_foreign_record_types_in_the_log_are_skipped_not_fatal" time="0.007" /><testcase classname="tests.unit.l6.test_retry_governor.TestMutationHardening" name="test_retry_decision_is_frozen" time="0.004" /><testcase classname="tests.unit.l6.test_retry_governor.TestMutationHardeningRoundTwo" name="test_foreign_record_type_smaller_than_attempt_is_also_skipped" time="0.005" /><testcase classname="tests.unit.l6.test_retry_governor.TestMutationHardeningRoundTwo" name="test_in_order_attempts_advance_the_anchor" time="0.006" /><testcase classname="tests.unit.l6.test_retry_governor.TestMutationHardeningRoundTwo" name="test_in_order_attempts_advance_the_anchor_across_restart" time="0.006" /><testcase classname="tests.unit.l6.test_retry_governor.TestMutationHardeningRoundTwo" name="test_minimal_governed_constants_are_accepted" time="0.003" /><testcase classname="tests.unit.l6.test_retry_governor.TestMutationHardeningRoundTwo" name="test_fresh_market_with_budget_one_is_approved" time="0.004" /><testcase classname="tests.unit.l6.test_retry_governor.TestLogRecordIdentity" name="test_log_record_key_order_is_irrelevant_to_rebuild" time="0.006" /><testcase classname="tests.unit.l7.test_ledger" name="test_duplicate_ack_is_idempotent" time="0.001" /><testcase classname="tests.unit.l7.test_ledger" name="test_conflicting_same_version_raises" time="0.001" /><testcase classname="tests.unit.l7.test_ledger" name="test_resettlement_supersedes" time="0.001" /><testcase classname="tests.unit.l7.test_ledger" name="test_new_version_without_flag_raises" time="0.001" /><testcase classname="tests.unit.l7.test_ledger" name="test_stale_version_raises" time="0.001" /><testcase classname="tests.unit.l7.test_ledger_edges" name="test_duplicate_of_resettlement_is_idempotent" time="0.001" /><testcase classname="tests.unit.l7.test_ledger_edges" name="test_conflicting_duplicate_at_resettled_version_is_refused" time="0.001" /><testcase classname="tests.unit.l7.test_ledger_edges" name="test_stale_original_version_is_refused_after_resettlement" time="0.001" /><testcase classname="tests.unit.l7.test_ledger_edges" name="test_second_resettlement_supersedes_again" time="0.001" /><testcase classname="tests.unit.l7.test_mutation_killers" name="test_public_annotations_resolve" time="0.002" /><testcase classname="tests.unit.l7.test_mutation_killers" name="test_matched_odds_of_exactly_one_is_rejected" time="0.000" /><testcase classname="tests.unit.l7.test_mutation_killers" name="test_matched_odds_below_one_is_rejected" time="0.000" /><testcase classname="tests.unit.l7.test_mutation_killers" name="test_zero_stake_is_permitted_and_negative_is_rejected" time="0.000" /><testcase classname="tests.unit.l7.test_mutation_killers" name="test_outcome_types_are_frozen" time="0.001" /><testcase classname="tests.unit.l7.test_mutation_killers" name="test_unknown_runner_result_raises_at_pnl_level" time="0.000" /><testcase classname="tests.unit.l7.test_mutation_killers" name="test_duplicate_ack_returns_the_stored_object_itself" time="0.001" /><testcase classname="tests.unit.l7.test_mutation_killers" name="test_settle_market_default_flags" time="0.000" /><testcase classname="tests.unit.l7.test_mutation_killers" name="test_scenario_matrix_compares_runner_ids_by_value" time="0.001" /><testcase classname="tests.unit.l7.test_mutation_killers" name="test_commission_on_smallest_positive_net" time="0.001" /><testcase classname="tests.unit.l7.test_mutation_killers.TestPolicySeamStructuralContracts" name="test_settlement_policy_protocol_members_are_properties" time="0.001" /><testcase classname="tests.unit.l7.test_mutation_killers.TestPolicySeamStructuralContracts" name="test_settle_parameters_are_keyword_only_on_all_policies" time="0.001" /><testcase classname="tests.unit.l7.test_mutation_killers.TestPolicySeamStructuralContracts" name="test_policies_are_frozen_dataclasses_with_value_equality" time="0.001" /><testcase classname="tests.unit.l7.test_mutation_killers.TestTennisCaseIdentityChecks" name="test_forged_equal_outcome_is_not_treated_as_completed" time="0.000" /><testcase classname="tests.unit.l7.test_mutation_killers.TestTennisCaseIdentityChecks" name="test_forged_equal_outcome_with_winner_still_refused" time="0.000" /><testcase classname="tests.unit.l7.test_pnl" name="test_winner_simple" time="0.000" /><testcase classname="tests.unit.l7.test_pnl" name="test_loser" time="0.001" /><testcase classname="tests.unit.l7.test_pnl" name="test_void_market_is_zero" time="0.001" /><testcase classname="tests.unit.l7.test_pnl" name="test_removed_runner_is_zero" time="0.000" /><testcase classname="tests.unit.l7.test_pnl" name="test_reduction_factor_reduces_winnings" time="0.000" /><testcase classname="tests.unit.l7.test_pnl" name="test_dead_heat_two_way" time="0.001" /><testcase classname="tests.unit.l7.test_pnl" name="test_rounding_half_up_to_minor_units" time="0.001" /><testcase classname="tests.unit.l7.test_pnl_edges" name="test_two_reduction_factors_combine_multiplicatively" time="0.000" /><testcase classname="tests.unit.l7.test_pnl_edges" name="test_empty_reduction_factors_leave_odds_unchanged" time="0.001" /><testcase classname="tests.unit.l7.test_pnl_edges" name="test_dead_heat_combined_with_reduction_factor" time="0.001" /><testcase classname="tests.unit.l7.test_pnl_edges" name="test_three_way_dead_heat" time="0.001" /><testcase classname="tests.unit.l7.test_pnl_edges" name="test_rounding_is_half_up_not_bankers" time="0.001" /><testcase classname="tests.unit.l7.test_pnl_edges" name="test_abandoned_market_position_is_zero" time="0.000" /><testcase classname="tests.unit.l7.test_pnl_edges" name="test_dead_heat_count_below_one_is_rejected" time="0.001" /><testcase classname="tests.unit.l7.test_settlement" name="test_no_per_order_commission_field" time="0.000" /><testcase classname="tests.unit.l7.test_settlement" name="test_winning_market_applies_commission_on_net" time="0.001" /><testcase classname="tests.unit.l7.test_settlement" name="test_losing_market_charges_no_commission" time="0.002" /><testcase classname="tests.unit.l7.test_settlement" name="test_transaction_charges_subtracted" time="0.000" /><testcase classname="tests.unit.l7.test_settlement" name="test_multiple_orders_on_one_runner_sum" time="0.001" /><testcase classname="tests.unit.l7.test_settlement" name="test_void_market_is_all_zero" time="0.000" /><testcase classname="tests.unit.l7.test_settlement" name="test_unknown_status_blocks_settlement" time="0.001" /><testcase classname="tests.unit.l7.test_settlement" name="test_unknown_runner_status_blocks_settlement" time="0.001" /><testcase classname="tests.unit.l7.test_settlement" name="test_void_market_still_incurs_transaction_charges" time="0.000" /><testcase classname="tests.unit.l7.test_settlement" name="test_settlement_is_hashable" time="0.000" /><testcase classname="tests.unit.l7.test_settlement" name="test_scenario_matrix_present" time="0.001" /><testcase classname="tests.unit.l7.test_settlement_edges" name="test_multi_runner_commission_is_on_net_not_per_order" time="0.001" /><testcase classname="tests.unit.l7.test_settlement_edges" name="test_multi_runner_exact_zero_net_charges_no_commission" time="0.001" /><testcase classname="tests.unit.l7.test_settlement_edges" name="test_multi_runner_negative_net_charges_no_commission" time="0.001" /><testcase classname="tests.unit.l7.test_settlement_edges" name="test_multi_runner_scenario_matrix_covers_every_competitor" time="0.001" /><testcase classname="tests.unit.l7.test_settlement_edges" name="test_scenario_matrix_excludes_removed_runner_and_zeroes_its_position" time="0.001" /><testcase classname="tests.unit.l7.test_settlement_edges" name="test_abandoned_market_is_all_zero_but_still_incurs_charges" time="0.000" /><testcase classname="tests.unit.l7.test_settlement_edges" name="test_position_on_runner_absent_from_outcome_blocks_settlement" time="0.000" /><testcase classname="tests.unit.l7.test_settlement_edges" name="test_multiple_orders_one_runner_different_odds" time="0.001" /><testcase classname="tests.unit.l7.test_settlement_edges" name="test_matched_position_field_whitelist" time="0.000" /><testcase classname="tests.unit.l7.test_settlement_edges" name="test_market_settlement_field_whitelist_matches_spec_080" time="0.000" /><testcase classname="tests.unit.l7.test_settlement_policy_seam" name="test_racing_policy_result_is_identical_to_direct_settle_market" time="0.001" /><testcase classname="tests.unit.l7.test_settlement_policy_seam" name="test_racing_policy_void_market_is_identical_to_direct_settle_market" time="0.001" /><testcase classname="tests.unit.l7.test_settlement_policy_seam" name="test_racing_policy_propagates_settlement_blocked_unchanged" time="0.001" /><testcase classname="tests.unit.l7.test_settlement_policy_seam" name="test_racing_policy_identity" time="0.000" /><testcase classname="tests.unit.l7.test_settlement_policy_seam" name="test_tennis_policy_refuses_every_settlement" time="0.001" /><testcase classname="tests.unit.l7.test_settlement_policy_seam" name="test_tennis_policy_refusal_cites_spec_084" time="0.001" /><testcase classname="tests.unit.l7.test_settlement_policy_seam" name="test_both_policies_satisfy_the_runtime_checkable_protocol" time="0.001" /><testcase classname="tests.unit.l7.test_settlement_policy_seam" name="test_default_registry_contains_exactly_racing_and_tennis" time="0.000" /><testcase classname="tests.unit.l7.test_settlement_policy_seam" name="test_registry_refuses_duplicates_and_unknown_sport" time="0.001" /><testcase classname="tests.unit.l7.test_settlement_policy_seam" name="test_registry_has_no_mutation_api" time="0.001" /><testcase classname="tests.unit.l7.test_settlement_policy_seam" name="test_racing_settlement_paths_and_enums_are_unmoved" time="0.001" /><testcase classname="tests.unit.l7.test_tennis_settlement_contracts.TestEnumClosure" name="test_exactly_nine_members" time="0.001" /><testcase classname="tests.unit.l7.test_tennis_settlement_contracts.TestEnumClosure" name="test_exact_member_set" time="0.001" /><testcase classname="tests.unit.l7.test_tennis_settlement_contracts.TestWinnerMandatoryIffCompleted" name="test_completed_without_winner_is_refused" time="0.001" /><testcase classname="tests.unit.l7.test_tennis_settlement_contracts.TestWinnerMandatoryIffCompleted" name="test_completed_with_winner_is_accepted" time="0.000" /><testcase classname="tests.unit.l7.test_tennis_settlement_contracts.TestWinnerMandatoryIffCompleted" name="test_non_completed_with_winner_is_refused[TennisMatchOutcome.CANCELLED]" time="0.001" /><testcase classname="tests.unit.l7.test_tennis_settlement_contracts.TestWinnerMandatoryIffCompleted" name="test_non_completed_with_winner_is_refused[TennisMatchOutcome.DISQUALIFICATION]" time="0.001" /><testcase classname="tests.unit.l7.test_tennis_settlement_contracts.TestWinnerMandatoryIffCompleted" name="test_non_completed_with_winner_is_refused[TennisMatchOutcome.POSTPONED]" time="0.001" /><testcase classname="tests.unit.l7.test_tennis_settlement_contracts.TestWinnerMandatoryIffCompleted" name="test_non_completed_with_winner_is_refused[TennisMatchOutcome.PRE_MATCH_WITHDRAWAL]" time="0.001" /><testcase classname="tests.unit.l7.test_tennis_settlement_contracts.TestWinnerMandatoryIffCompleted" name="test_non_completed_with_winner_is_refused[TennisMatchOutcome.RETIRED_AFTER_SET1_COMPLETE]" time="0.001" /><testcase classname="tests.unit.l7.test_tennis_settlement_contracts.TestWinnerMandatoryIffCompleted" name="test_non_completed_with_winner_is_refused[TennisMatchOutcome.RETIRED_BEFORE_SET1_COMPLETE]" time="0.001" /><testcase classname="tests.unit.l7.test_tennis_settlement_contracts.TestWinnerMandatoryIffCompleted" name="test_non_completed_with_winner_is_refused[TennisMatchOutcome.SURFACE_CHANGED]" time="0.001" /><testcase classname="tests.unit.l7.test_tennis_settlement_contracts.TestWinnerMandatoryIffCompleted" name="test_non_completed_with_winner_is_refused[TennisMatchOutcome.WALKOVER_BEFORE_PLAY]" time="0.001" /><testcase classname="tests.unit.l7.test_tennis_settlement_contracts.TestWinnerMandatoryIffCompleted" name="test_non_completed_without_winner_is_accepted[TennisMatchOutcome.CANCELLED]" time="0.001" /><testcase classname="tests.unit.l7.test_tennis_settlement_contracts.TestWinnerMandatoryIffCompleted" name="test_non_completed_without_winner_is_accepted[TennisMatchOutcome.DISQUALIFICATION]" time="0.001" /><testcase classname="tests.unit.l7.test_tennis_settlement_contracts.TestWinnerMandatoryIffCompleted" name="test_non_completed_without_winner_is_accepted[TennisMatchOutcome.POSTPONED]" time="0.001" /><testcase classname="tests.unit.l7.test_tennis_settlement_contracts.TestWinnerMandatoryIffCompleted" name="test_non_completed_without_winner_is_accepted[TennisMatchOutcome.PRE_MATCH_WITHDRAWAL]" time="0.001" /><testcase classname="tests.unit.l7.test_tennis_settlement_contracts.TestWinnerMandatoryIffCompleted" name="test_non_completed_without_winner_is_accepted[TennisMatchOutcome.RETIRED_AFTER_SET1_COMPLETE]" time="0.001" /><testcase classname="tests.unit.l7.test_tennis_settlement_contracts.TestWinnerMandatoryIffCompleted" name="test_non_completed_without_winner_is_accepted[TennisMatchOutcome.RETIRED_BEFORE_SET1_COMPLETE]" time="0.001" /><testcase classname="tests.unit.l7.test_tennis_settlement_contracts.TestWinnerMandatoryIffCompleted" name="test_non_completed_without_winner_is_accepted[TennisMatchOutcome.SURFACE_CHANGED]" time="0.001" /><testcase classname="tests.unit.l7.test_tennis_settlement_contracts.TestWinnerMandatoryIffCompleted" name="test_non_completed_without_winner_is_accepted[TennisMatchOutcome.WALKOVER_BEFORE_PLAY]" time="0.001" /><testcase classname="tests.unit.l7.test_tennis_settlement_contracts.TestFrozen" name="test_case_is_frozen" time="0.000" /><testcase classname="tests.unit.l7.test_tennis_settlement_contracts.TestSettlementIsPolicyPending" name="test_every_outcome_raises_naming_itself[TennisMatchOutcome.CANCELLED]" time="0.001" /><testcase classname="tests.unit.l7.test_tennis_settlement_contracts.TestSettlementIsPolicyPending" name="test_every_outcome_raises_naming_itself[TennisMatchOutcome.COMPLETED]" time="0.001" /><testcase classname="tests.unit.l7.test_tennis_settlement_contracts.TestSettlementIsPolicyPending" name="test_every_outcome_raises_naming_itself[TennisMatchOutcome.DISQUALIFICATION]" time="0.001" /><testcase classname="tests.unit.l7.test_tennis_settlement_contracts.TestSettlementIsPolicyPending" name="test_every_outcome_raises_naming_itself[TennisMatchOutcome.POSTPONED]" time="0.001" /><testcase classname="tests.unit.l7.test_tennis_settlement_contracts.TestSettlementIsPolicyPending" name="test_every_outcome_raises_naming_itself[TennisMatchOutcome.PRE_MATCH_WITHDRAWAL]" time="0.001" /><testcase classname="tests.unit.l7.test_tennis_settlement_contracts.TestSettlementIsPolicyPending" name="test_every_outcome_raises_naming_itself[TennisMatchOutcome.RETIRED_AFTER_SET1_COMPLETE]" time="0.001" /><testcase classname="tests.unit.l7.test_tennis_settlement_contracts.TestSettlementIsPolicyPending" name="test_every_outcome_raises_naming_itself[TennisMatchOutcome.RETIRED_BEFORE_SET1_COMPLETE]" time="0.001" /><testcase classname="tests.unit.l7.test_tennis_settlement_contracts.TestSettlementIsPolicyPending" name="test_every_outcome_raises_naming_itself[TennisMatchOutcome.SURFACE_CHANGED]" time="0.001" /><testcase classname="tests.unit.l7.test_tennis_settlement_contracts.TestSettlementIsPolicyPending" name="test_every_outcome_raises_naming_itself[TennisMatchOutcome.WALKOVER_BEFORE_PLAY]" time="0.001" /><testcase classname="tests.unit.l7.test_tennis_settlement_contracts.TestSettlementIsPolicyPending" name="test_completed_happy_path_also_refused" time="0.001" /><testcase classname="tests.unit.l7.test_tennis_settlement_contracts.TestSettlementIsPolicyPending" name="test_error_cites_spec_and_research_ticket" time="0.000" /><testcase classname="tests.unit.l7.test_tennis_settlement_contracts.TestPolicyMatrixTemplate" name="test_covers_every_outcome" time="0.001" /><testcase classname="tests.unit.l7.test_tennis_settlement_contracts.TestPolicyMatrixTemplate" name="test_every_outcome_has_all_five_dimensions" time="0.000" /><testcase classname="tests.unit.l7.test_tennis_settlement_contracts.TestPolicyMatrixTemplate" name="test_every_cell_is_pending" time="0.000" /><testcase classname="tests.unit.l7.test_tennis_settlement_contracts.TestNoRacingImport" name="test_module_does_not_import_racing_settlement" time="0.002" /><testcase classname="tests.unit.l7.test_tennis_settlement_contracts.TestNoEscapeHatches" name="test_module_source_has_no_banned_tokens" time="0.003" /><testcase classname="tests.unit.l8.test_calibration" name="test_wilson_interval_hand_fixture_8_of_10_95pct" time="0.001" /><testcase classname="tests.unit.l8.test_calibration" name="test_wilson_interval_rejects_non_positive_total" time="0.000" /><testcase classname="tests.unit.l8.test_calibration" name="test_wilson_interval_rejects_successes_out_of_range" time="0.000" /><testcase classname="tests.unit.l8.test_calibration" name="test_wilson_interval_rejects_bad_confidence_level[bad0]" time="0.001" /><testcase classname="tests.unit.l8.test_calibration" name="test_wilson_interval_rejects_bad_confidence_level[bad1]" time="0.001" /><testcase classname="tests.unit.l8.test_calibration" name="test_wilson_interval_rejects_bad_confidence_level[bad2]" time="0.001" /><testcase classname="tests.unit.l8.test_calibration" name="test_wilson_interval_rejects_bad_confidence_level[bad3]" time="0.001" /><testcase classname="tests.unit.l8.test_calibration" name="test_reliability_curve_omits_zero_count_bands" time="0.001" /><testcase classname="tests.unit.l8.test_calibration" name="test_reliability_curve_ci_matches_wilson_for_known_band" time="0.001" /><testcase classname="tests.unit.l8.test_calibration" name="test_adaptive_bins_gap_free_partition_with_counts" time="0.001" /><testcase classname="tests.unit.l8.test_calibration" name="test_adaptive_bins_refuses_n_bins_below_two" time="0.001" /><testcase classname="tests.unit.l8.test_calibration" name="test_adaptive_bins_refuses_insufficient_distinct_values" time="0.001" /><testcase classname="tests.unit.l8.test_calibration" name="test_adaptive_bins_refuses_empty_race_set" time="0.000" /><testcase classname="tests.unit.l8.test_calibration" name="test_calibration_by_cohort_refuses_unlabelled_race" time="0.001" /><testcase classname="tests.unit.l8.test_calibration" name="test_calibration_by_cohort_partitions_by_label" time="0.001" /><testcase classname="tests.unit.l8.test_calibration" name="test_temperature_scaling_identity_at_t_equals_1" time="0.001" /><testcase classname="tests.unit.l8.test_calibration" name="test_temperature_scaling_sums_to_one" time="0.001" /><testcase classname="tests.unit.l8.test_calibration" name="test_temperature_scaling_flattens_when_t_greater_than_one" time="0.001" /><testcase classname="tests.unit.l8.test_calibration" name="test_temperature_scaling_rejects_unknown_method" time="0.001" /><testcase classname="tests.unit.l8.test_calibration" name="test_temperature_scaling_rejects_non_positive_temperature[bad_t0]" time="0.001" /><testcase classname="tests.unit.l8.test_calibration" name="test_temperature_scaling_rejects_non_positive_temperature[bad_t1]" time="0.001" /><testcase classname="tests.unit.l8.test_calibration" name="test_temperature_scaling_rejects_probabilities_not_summing_to_one" time="0.000" /><testcase classname="tests.unit.l8.test_calibration" name="test_temperature_scaling_rejects_empty_race" time="0.000" /><testcase classname="tests.unit.l8.test_calibration" name="test_posthoc_calibrator_rejects_empty_method_id" time="0.000" /><testcase classname="tests.unit.l8.test_calibration" name="test_posthoc_calibrator_rejects_version_below_one" time="0.000" /><testcase classname="tests.unit.l8.test_calibration" name="test_expected_calibration_error_is_a_diagnostic_value" time="0.001" /><testcase classname="tests.unit.l8.test_calibration" name="test_expected_calibration_error_refuses_empty_curve" time="0.001" /><testcase classname="tests.unit.l8.test_calibration" name="test_ece_diagnostic_has_no_ordering_dunder_defined_on_the_class_itself[__lt__]" time="0.001" /><testcase classname="tests.unit.l8.test_calibration" name="test_ece_diagnostic_has_no_ordering_dunder_defined_on_the_class_itself[__le__]" time="0.001" /><testcase classname="tests.unit.l8.test_calibration" name="test_ece_diagnostic_has_no_ordering_dunder_defined_on_the_class_itself[__gt__]" time="0.001" /><testcase classname="tests.unit.l8.test_calibration" name="test_ece_diagnostic_has_no_ordering_dunder_defined_on_the_class_itself[__ge__]" time="0.001" /><testcase classname="tests.unit.l8.test_calibration" name="test_ece_diagnostic_comparison_raises_type_error" time="0.001" /><testcase classname="tests.unit.l8.test_calibration" name="test_reliability_curve_digest_is_deterministic" time="0.001" /><testcase classname="tests.unit.l8.test_calibration" name="test_calibration_error_is_a_value_error_subclass" time="0.000" /><testcase classname="tests.unit.l8.test_calibration" name="test_interval_kind_is_a_single_member_descriptive_enum" time="0.000" /><testcase classname="tests.unit.l8.test_calibration" name="test_every_curve_point_is_marked_descriptive_wilson" time="0.001" /><testcase classname="tests.unit.l8.test_calibration" name="test_interval_kind_is_a_mandatory_field" time="0.001" /><testcase classname="tests.unit.l8.test_cli" name="test_pass_exits_zero_and_prints_canonical_json" time="0.008" /><testcase classname="tests.unit.l8.test_cli" name="test_continue_exits_one" time="0.007" /><testcase classname="tests.unit.l8.test_cli" name="test_fail_harm_exits_two" time="0.007" /><testcase classname="tests.unit.l8.test_cli" name="test_fail_futility_exits_three" time="0.007" /><testcase classname="tests.unit.l8.test_cli" name="test_stale_fact_fails_harm_via_the_cli" time="0.006" /><testcase classname="tests.unit.l8.test_cli" name="test_malformed_manifest_is_exit_four" time="0.007" /><testcase classname="tests.unit.l8.test_cli" name="test_missing_experiment_file_is_exit_four" time="0.005" /><testcase classname="tests.unit.l8.test_cli" name="test_experiment_id_mismatch_is_exit_four" time="0.005" /><testcase classname="tests.unit.l8.test_cli" name="test_unparseable_spec_is_exit_four" time="0.004" /><testcase classname="tests.unit.l8.test_cli" name="test_as_of_is_echoed_and_respected" time="0.007" /><testcase classname="tests.unit.l8.test_cli" name="test_byte_identical_output_for_identical_inputs" time="0.011" /><testcase classname="tests.unit.l8.test_clv" name="test_clv_bps_hand_fixture_positive_when_taken_longer_than_close" time="0.001" /><testcase classname="tests.unit.l8.test_clv" name="test_clv_bps_hand_fixture_negative_when_taken_shorter_than_close" time="0.001" /><testcase classname="tests.unit.l8.test_clv" name="test_clv_bps_zero_when_taken_equals_close" time="0.001" /><testcase classname="tests.unit.l8.test_clv" name="test_odds_ratio_secondary_field_exact" time="0.000" /><testcase classname="tests.unit.l8.test_clv" name="test_closing_benchmark_has_exactly_two_members" time="0.001" /><testcase classname="tests.unit.l8.test_clv" name="test_closing_price_rejects_odds_not_greater_than_one" time="0.001" /><testcase classname="tests.unit.l8.test_clv" name="test_closing_price_rejects_float_odds" time="0.001" /><testcase classname="tests.unit.l8.test_clv" name="test_bsp_rejects_a_window" time="0.001" /><testcase classname="tests.unit.l8.test_clv" name="test_wap_requires_both_window_fields" time="0.001" /><testcase classname="tests.unit.l8.test_clv" name="test_wap_window_start_must_be_positive" time="0.000" /><testcase classname="tests.unit.l8.test_clv" name="test_wap_window_end_must_be_non_negative" time="0.001" /><testcase classname="tests.unit.l8.test_clv" name="test_wap_window_start_must_exceed_end" time="0.000" /><testcase classname="tests.unit.l8.test_clv" name="test_wap_window_valid_case_constructs" time="0.000" /><testcase classname="tests.unit.l8.test_clv" name="test_wap_window_fields_reject_non_int" time="0.000" /><testcase classname="tests.unit.l8.test_clv" name="test_realised_fill_clv_requires_positive_matched_stake" time="0.001" /><testcase classname="tests.unit.l8.test_clv" name="test_realised_fill_clv_requires_int_stake_not_float" time="0.001" /><testcase classname="tests.unit.l8.test_clv" name="test_realised_fill_clv_constructs_with_positive_stake" time="0.001" /><testcase classname="tests.unit.l8.test_clv" name="test_execution_policy_value_computes_realised_minus_intended" time="0.001" /><testcase classname="tests.unit.l8.test_clv" name="test_execution_policy_value_rejects_mismatched_order_ref" time="0.000" /><testcase classname="tests.unit.l8.test_clv" name="test_execution_policy_value_rejects_mismatched_benchmark_kind" time="0.001" /><testcase classname="tests.unit.l8.test_clv" name="test_execution_policy_value_rejects_same_benchmark_kind_different_observation" time="0.001" /><testcase classname="tests.unit.l8.test_clv" name="test_execution_policy_value_rejects_different_wap_windows" time="0.001" /><testcase classname="tests.unit.l8.test_clv" name="test_unfilled_order_requires_nonempty_ref" time="0.001" /><testcase classname="tests.unit.l8.test_clv" name="test_unfilled_order_constructs_for_every_outcome[UnfilledOutcome.LAPSED]" time="0.001" /><testcase classname="tests.unit.l8.test_clv" name="test_unfilled_order_constructs_for_every_outcome[UnfilledOutcome.CANCELLED]" time="0.001" /><testcase classname="tests.unit.l8.test_clv" name="test_unfilled_order_constructs_for_every_outcome[UnfilledOutcome.EXPIRED_UNMATCHED]" time="0.001" /><testcase classname="tests.unit.l8.test_clv" name="test_unfilled_outcome_has_no_catch_all_member" time="0.000" /><testcase classname="tests.unit.l8.test_clv" name="test_realised_fill_clvs_preserves_unfilled_with_honest_counts" time="0.001" /><testcase classname="tests.unit.l8.test_clv" name="test_realised_fill_clvs_empty_inputs_produce_zero_counts" time="0.000" /><testcase classname="tests.unit.l8.test_clv" name="test_realised_fill_clvs_rejects_duplicate_order_ref_among_fills" time="0.001" /><testcase classname="tests.unit.l8.test_clv" name="test_realised_fill_clvs_rejects_duplicate_order_ref_among_unfilled" time="0.001" /><testcase classname="tests.unit.l8.test_clv" name="test_realised_fill_clvs_rejects_order_ref_in_both_fills_and_unfilled" time="0.000" /><testcase classname="tests.unit.l8.test_clv" name="test_clv_batch_direct_construction_validates_counts" time="0.001" /><testcase classname="tests.unit.l8.test_clv" name="test_content_digest_deterministic_for_identical_values" time="0.001" /><testcase classname="tests.unit.l8.test_clv" name="test_content_digest_differs_for_different_values" time="0.001" /><testcase classname="tests.unit.l8.test_clv" name="test_no_public_callable_accepts_a_hypothetical_price_parameter" time="0.001" /><testcase classname="tests.unit.l8.test_clv" name="test_module_source_has_no_hypothetical_price_identifier" time="0.001" /><testcase classname="tests.unit.l8.test_clv" name="test_no_public_name_uses_target_or_label_vocabulary" time="0.000" /><testcase classname="tests.unit.l8.test_clv" name="test_clv_module_never_reaches_trading_or_pricing_state[l4_pricing]" time="1.520" /><testcase classname="tests.unit.l8.test_clv" name="test_clv_module_never_reaches_trading_or_pricing_state[l5_decision]" time="1.563" /><testcase classname="tests.unit.l8.test_clv" name="test_clv_module_never_reaches_trading_or_pricing_state[l5b_risk]" time="1.417" /><testcase classname="tests.unit.l8.test_clv" name="test_clv_module_never_reaches_trading_or_pricing_state[l6_broker]" time="1.476" /><testcase classname="tests.unit.l8.test_clv" name="test_clv_module_never_reaches_trading_or_pricing_state[l7_settle]" time="1.431" /><testcase classname="tests.unit.l8.test_clv.TestClvSignDeadbandBoundaries" name="test_deadband_constant_is_exactly_half_the_quantum" time="0.000" /><testcase classname="tests.unit.l8.test_clv.TestClvSignDeadbandBoundaries" name="test_just_below_negative_boundary_is_negative" time="0.000" /><testcase classname="tests.unit.l8.test_clv.TestClvSignDeadbandBoundaries" name="test_exactly_at_negative_boundary_is_negative" time="0.000" /><testcase classname="tests.unit.l8.test_clv.TestClvSignDeadbandBoundaries" name="test_inside_deadband_is_neutral_never_coerced" time="0.000" /><testcase classname="tests.unit.l8.test_clv.TestClvSignDeadbandBoundaries" name="test_exact_zero_is_zero" time="0.000" /><testcase classname="tests.unit.l8.test_clv.TestClvSignDeadbandBoundaries" name="test_exactly_at_positive_boundary_is_positive" time="0.000" /><testcase classname="tests.unit.l8.test_clv.TestClvSignDeadbandBoundaries" name="test_just_above_positive_boundary_is_positive" time="0.000" /><testcase classname="tests.unit.l8.test_clv.TestClvSignDeadbandBoundaries" name="test_raw_value_is_stored_computation_unchanged_by_deadband" time="0.000" /><testcase classname="tests.unit.l8.test_clv.TestClvSignDeadbandBoundaries" name="test_reporting_value_still_matches_documented_quantization" time="0.000" /><testcase classname="tests.unit.l8.test_evaluator" name="test_checklist_all_true_passes" time="0.000" /><testcase classname="tests.unit.l8.test_evaluator" name="test_missing_attestation_is_continue_not_a_violation" time="0.000" /><testcase classname="tests.unit.l8.test_evaluator" name="test_false_harm_item_fails_harm" time="0.000" /><testcase classname="tests.unit.l8.test_evaluator" name="test_false_futility_item_fails_futility" time="0.000" /><testcase classname="tests.unit.l8.test_evaluator" name="test_false_continue_item_is_continue" time="0.000" /><testcase classname="tests.unit.l8.test_evaluator" name="test_harm_dominates_futility_when_both_items_are_false" time="0.000" /><testcase classname="tests.unit.l8.test_evaluator" name="test_unknown_attestation_id_is_an_evaluator_error" time="0.000" /><testcase classname="tests.unit.l8.test_evaluator" name="test_efficacy_crossed_passes" time="0.000" /><testcase classname="tests.unit.l8.test_evaluator" name="test_lower_bound_equal_to_minimum_effect_is_not_a_pass" time="0.000" /><testcase classname="tests.unit.l8.test_evaluator" name="test_upper_bound_below_harm_threshold_fails_harm" time="0.000" /><testcase classname="tests.unit.l8.test_evaluator" name="test_upper_bound_equal_to_harm_threshold_is_not_harm" time="0.000" /><testcase classname="tests.unit.l8.test_evaluator" name="test_loss_budget_breach_fails_harm_despite_efficacy" time="0.000" /><testcase classname="tests.unit.l8.test_evaluator" name="test_missing_evidence_is_continue" time="0.000" /><testcase classname="tests.unit.l8.test_evaluator" name="test_false_precondition_uses_its_declared_flavour" time="0.000" /><testcase classname="tests.unit.l8.test_evaluator" name="test_missing_precondition_blocks_pass" time="0.000" /><testcase classname="tests.unit.l8.test_evaluator" name="test_max_n_reached_without_efficacy_fails_futility" time="0.000" /><testcase classname="tests.unit.l8.test_evaluator" name="test_max_n_reached_with_efficacy_still_passes" time="0.000" /><testcase classname="tests.unit.l8.test_evaluator" name="test_evidence_gate_without_preregistration_is_an_evaluator_error" time="0.000" /><testcase classname="tests.unit.l8.test_evaluator" name="test_multiplicity_boundary_is_exact_at_equality" time="0.000" /><testcase classname="tests.unit.l8.test_evaluator" name="test_multiplicity_exceeded_blocks_pass" time="0.000" /><testcase classname="tests.unit.l8.test_evaluator" name="test_stale_fact_fails_harm_despite_overwhelming_efficacy" time="0.000" /><testcase classname="tests.unit.l8.test_evaluator" name="test_misconfigured_fact_fails_harm" time="0.000" /><testcase classname="tests.unit.l8.test_evaluator" name="test_unpopulated_required_fact_is_continue" time="0.000" /><testcase classname="tests.unit.l8.test_evaluator" name="test_unpopulated_unrelated_fact_does_not_block" time="0.001" /><testcase classname="tests.unit.l8.test_evaluator" name="test_viable_payback_passes" time="0.000" /><testcase classname="tests.unit.l8.test_evaluator" name="test_payback_boundary_equality_is_viable" time="0.000" /><testcase classname="tests.unit.l8.test_evaluator" name="test_payback_just_over_the_horizon_fails_futility" time="0.000" /><testcase classname="tests.unit.l8.test_evaluator" name="test_recurring_costs_swallowing_the_contribution_fails_futility" time="0.000" /><testcase classname="tests.unit.l8.test_evaluator" name="test_missing_computed_inputs_is_continue" time="0.000" /><testcase classname="tests.unit.l8.test_evaluator" name="test_incomplete_computed_inputs_is_continue" time="0.000" /><testcase classname="tests.unit.l8.test_evaluator" name="test_hand_attesting_a_computed_item_is_an_evaluator_error" time="0.000" /><testcase classname="tests.unit.l8.test_evaluator" name="test_malformed_data_manifest_is_an_error_never_a_verdict[]" time="0.001" /><testcase classname="tests.unit.l8.test_evaluator" name="test_malformed_data_manifest_is_an_error_never_a_verdict[deadbeef]" time="0.001" /><testcase classname="tests.unit.l8.test_evaluator" name="test_malformed_data_manifest_is_an_error_never_a_verdict[sha256:111111111111111111111111111111111111111111111111111111111111111]" time="0.000" /><testcase classname="tests.unit.l8.test_evaluator" name="test_malformed_data_manifest_is_an_error_never_a_verdict[sha256:GGGGGGGGGGGGGGGGGGGGGGGGGGGGGGGGGGGGGGGGGGGGGGGGGGGGGGGGGGGGGGGG]" time="0.000" /><testcase classname="tests.unit.l8.test_evaluator" name="test_malformed_data_manifest_is_an_error_never_a_verdict[sha256:AAAAAAAAAAAAAAAAAAAAAAAAAAAAAAAAAAAAAAAAAAAAAAAAAAAAAAAAAAAAAAAA]" time="0.000" /><testcase classname="tests.unit.l8.test_evaluator" name="test_malformed_data_manifest_is_an_error_never_a_verdict[md5:1111111111111111111111111111111111111111111111111111111111111111]" time="0.000" /><testcase classname="tests.unit.l8.test_evaluator" name="test_malformed_data_manifest_is_an_error_never_a_verdict[ sha256:1111111111111111111111111111111111111111111111111111111111111111]" time="0.000" /><testcase classname="tests.unit.l8.test_evaluator" name="test_malformed_model_manifest_is_an_error_never_a_verdict" time="0.000" /><testcase classname="tests.unit.l8.test_evaluator" name="test_unknown_gate_in_the_record_is_an_error" time="0.000" /><testcase classname="tests.unit.l8.test_evaluator" name="test_result_embeds_the_full_binding" time="0.000" /><testcase classname="tests.unit.l8.test_experiment" name="test_loads_a_full_record_with_exact_numbers" time="0.004" /><testcase classname="tests.unit.l8.test_experiment" name="test_float_leaves_are_refused[minimum_economic_effect: &quot;0.005&quot;]" time="0.003" /><testcase classname="tests.unit.l8.test_experiment" name="test_float_leaves_are_refused[harm_threshold: &quot;-0.010&quot;]" time="0.003" /><testcase classname="tests.unit.l8.test_experiment" name="test_float_leaves_are_refused[alpha_budget: &quot;0.05&quot;]" time="0.003" /><testcase classname="tests.unit.l8.test_experiment" name="test_float_leaves_are_refused[confidence_level: &quot;0.99&quot;]" time="0.003" /><testcase classname="tests.unit.l8.test_experiment" name="test_float_leaves_are_refused[lower_bound: &quot;0.007&quot;]" time="0.003" /><testcase classname="tests.unit.l8.test_experiment" name="test_float_leaves_are_refused[upper_bound: &quot;0.020&quot;]" time="0.003" /><testcase classname="tests.unit.l8.test_experiment" name="test_float_computed_input_is_refused" time="0.003" /><testcase classname="tests.unit.l8.test_experiment" name="test_missing_experiment_id_is_refused" time="0.003" /><testcase classname="tests.unit.l8.test_experiment" name="test_missing_gate_is_refused" time="0.003" /><testcase classname="tests.unit.l8.test_experiment" name="test_negative_prior_trials_is_refused" time="0.003" /><testcase classname="tests.unit.l8.test_experiment" name="test_confidence_level_outside_open_unit_interval_is_refused[&quot;0&quot;]" time="0.003" /><testcase classname="tests.unit.l8.test_experiment" name="test_confidence_level_outside_open_unit_interval_is_refused[&quot;1&quot;]" time="0.003" /><testcase classname="tests.unit.l8.test_experiment" name="test_confidence_level_outside_open_unit_interval_is_refused[&quot;1.5&quot;]" time="0.003" /><testcase classname="tests.unit.l8.test_experiment" name="test_confidence_level_outside_open_unit_interval_is_refused[&quot;-0.1&quot;]" time="0.003" /><testcase classname="tests.unit.l8.test_experiment" name="test_nonpositive_alpha_budget_is_refused" time="0.003" /><testcase classname="tests.unit.l8.test_experiment" name="test_max_n_below_one_is_refused" time="0.003" /><testcase classname="tests.unit.l8.test_experiment" name="test_negative_evidence_n_is_refused" time="0.003" /><testcase classname="tests.unit.l8.test_experiment" name="test_bounds_out_of_order_are_refused" time="0.003" /><testcase classname="tests.unit.l8.test_experiment" name="test_non_boolean_attestation_is_refused" time="0.003" /><testcase classname="tests.unit.l8.test_experiment" name="test_non_boolean_loss_budget_flag_is_refused" time="0.003" /><testcase classname="tests.unit.l8.test_experiment" name="test_record_without_evidence_or_preregistration_still_loads" time="0.002" /></testsuite></testsuites>