<?xml version="1.0" encoding="utf-8"?><testsuites name="pytest tests"><testsuite name="pytest" errors="0" failures="0" skipped="0" tests="330" time="16.521" timestamp="2026-07-25T06:42:52.825069+00:00" hostname="vm"><testcase classname="tests.unit.sport_tennis.test_elo_and_null_families.TestEloEquation" name="test_equal_ratings_is_exactly_half" time="0.001" /><testcase classname="tests.unit.sport_tennis.test_elo_and_null_families.TestEloEquation" name="test_known_gap_matches_the_registered_equation" time="0.000" /><testcase classname="tests.unit.sport_tennis.test_elo_and_null_families.TestEloEquation" name="test_cold_start_uses_governed_initial_rating" time="0.000" /><testcase classname="tests.unit.sport_tennis.test_elo_and_null_families.TestSameDayBatching" name="test_row_permutation_within_a_date_is_invariant" time="0.001" /><testcase classname="tests.unit.sport_tennis.test_elo_and_null_families.TestSameDayBatching" name="test_same_day_result_never_informs_same_day_prediction" time="0.001" /><testcase classname="tests.unit.sport_tennis.test_elo_and_null_families.TestSameDayBatching" name="test_unlabelled_training_race_refuses" time="0.001" /><testcase classname="tests.unit.sport_tennis.test_elo_and_null_families.TestFamilyConformance" name="test_both_families_satisfy_the_seam" time="0.000" /><testcase classname="tests.unit.sport_tennis.test_elo_and_null_families.TestFamilyConformance" name="test_null_is_uniform_and_identity_blind" time="0.001" /><testcase classname="tests.unit.sport_tennis.test_elo_and_null_families.TestHarnessLeakage" name="test_null_through_the_real_orchestrator_no_special_path" time="0.001" /><testcase classname="tests.unit.sport_tennis.test_elo_and_null_families.TestHarnessLeakage" name="test_input_row_order_cannot_create_information" time="0.002" /><testcase classname="tests.unit.sport_tennis.test_elo_and_null_families.TestHarnessLeakage" name="test_a_family_ignoring_its_inputs_is_detected_by_the_metric" time="0.001" /><testcase classname="tests.unit.sport_tennis.test_elo_and_null_families.TestHarnessLeakage" name="test_repeated_runs_are_byte_identical" time="0.003" /><testcase classname="tests.unit.sport_tennis.test_glicko2_family.TestFrozenConstants" name="test_exact_frozen_values" time="0.000" /><testcase classname="tests.unit.sport_tennis.test_glicko2_family.TestFrozenConstants" name="test_family_takes_no_tuning_parameter" time="0.000" /><testcase classname="tests.unit.sport_tennis.test_glicko2_family.TestFrozenConstants" name="test_initial_state_is_the_scaled_prior" time="0.001" /><testcase classname="tests.unit.sport_tennis.test_glicko2_family.TestFrozenConstants" name="test_family_conforms_to_the_stage_one_seam" time="0.000" /><testcase classname="tests.unit.sport_tennis.test_glicko2_family.TestGlickmanWorkedExample" name="test_updated_rating_matches_the_paper" time="0.000" /><testcase classname="tests.unit.sport_tennis.test_glicko2_family.TestGlickmanWorkedExample" name="test_updated_deviation_matches_the_paper" time="0.001" /><testcase classname="tests.unit.sport_tennis.test_glicko2_family.TestGlickmanWorkedExample" name="test_updated_volatility_matches_the_paper" time="0.000" /><testcase classname="tests.unit.sport_tennis.test_glicko2_family.TestInactivity" name="test_single_step_formula_exact" time="0.000" /><testcase classname="tests.unit.sport_tennis.test_glicko2_family.TestInactivity" name="test_inactivity_never_reduces_phi" time="0.000" /><testcase classname="tests.unit.sport_tennis.test_glicko2_family.TestVolatilityIterationSeam" name="test_iteration_allowed_boundary" time="0.000" /><testcase classname="tests.unit.sport_tennis.test_glicko2_family.TestVolatilityIterationSeam" name="test_converged_boundary_exact" time="0.000" /><testcase classname="tests.unit.sport_tennis.test_glicko2_family.TestVolatilityIterationSeam" name="test_exhausted_iteration_raises_typed_refusal" time="0.000" /><testcase classname="tests.unit.sport_tennis.test_glicko2_family.TestVolatilityIterationSeam" name="test_convergence_error_is_a_fit_refusal" time="0.000" /><testcase classname="tests.unit.sport_tennis.test_glicko2_family.TestFitSeam" name="test_fit_refuses_non_two_player" time="0.001" /><testcase classname="tests.unit.sport_tennis.test_glicko2_family.TestFitSeam" name="test_fit_refuses_unlabelled_race" time="0.001" /><testcase classname="tests.unit.sport_tennis.test_glicko2_family.TestFitSeam" name="test_predict_refuses_foreign_artefact" time="0.000" /><testcase classname="tests.unit.sport_tennis.test_glicko2_family.TestFitSeam" name="test_predict_two_sided_and_coherent" time="0.003" /><testcase classname="tests.unit.sport_tennis.test_glicko2_family.TestFitSeam" name="test_winner_direction" time="0.001" /><testcase classname="tests.unit.sport_tennis.test_glicko2_family.TestFitSeam" name="test_same_day_batch_start_of_day_states" time="0.001" /><testcase classname="tests.unit.sport_tennis.test_glicko2_family.TestFitSeam" name="test_inactivity_widens_uncertainty_between_fit_and_predict" time="0.001" /><testcase classname="tests.unit.sport_tennis.test_glicko2_family.TestFitSeam" name="test_unseen_players_get_exactly_half" time="0.000" /><testcase classname="tests.unit.sport_tennis.test_glicko2_family.TestVolatilityRootCondition" name="test_returned_volatility_zeroes_the_true_f[0.5-1.2-0.3-0.06]" time="0.001" /><testcase classname="tests.unit.sport_tennis.test_glicko2_family.TestVolatilityRootCondition" name="test_returned_volatility_zeroes_the_true_f[1.5-0.8-1.2-0.06]" time="0.001" /><testcase classname="tests.unit.sport_tennis.test_glicko2_family.TestVolatilityRootCondition" name="test_returned_volatility_zeroes_the_true_f[0.2-0.5-0.6-0.1]" time="0.001" /><testcase classname="tests.unit.sport_tennis.test_glicko2_family.TestVolatilityRootCondition" name="test_returned_volatility_zeroes_the_true_f[2.0-4.0-2.0-0.03]" time="0.001" /><testcase classname="tests.unit.sport_tennis.test_glicko2_family.TestVolatilityRootCondition" name="test_returned_volatility_zeroes_the_true_f[1.1547-1.7785--0.4834-0.06]" time="0.001" /><testcase classname="tests.unit.sport_tennis.test_glicko2_family.TestVolatilityRootCondition" name="test_returned_volatility_zeroes_the_true_f[0.9-1.0-1.3-0.2]" time="0.001" /><testcase classname="tests.unit.sport_tennis.test_glicko2_family.TestVolatilityRootCondition" name="test_returned_volatility_zeroes_the_true_f[0.5-0.4-0.9-0.3]" time="0.001" /><testcase classname="tests.unit.sport_tennis.test_glicko2_family.TestVolatilityRootCondition" name="test_returned_volatility_zeroes_the_true_f[0.3-0.2-1.1-0.05]" time="0.001" /><testcase classname="tests.unit.sport_tennis.test_glicko2_family.TestVolatilityRootCondition" name="test_iteration_cap_constant_pinned" time="0.000" /><testcase classname="tests.unit.sport_tennis.test_glicko2_family.TestExactPredictionReconstruction" name="test_predict_equals_manual_reconstruction[1]" time="0.001" /><testcase classname="tests.unit.sport_tennis.test_glicko2_family.TestExactPredictionReconstruction" name="test_predict_equals_manual_reconstruction[2]" time="0.001" /><testcase classname="tests.unit.sport_tennis.test_glicko2_family.TestExactPredictionReconstruction" name="test_predict_equals_manual_reconstruction[3]" time="0.001" /><testcase classname="tests.unit.sport_tennis.test_glicko2_family.TestExactPredictionReconstruction" name="test_predict_equals_manual_reconstruction[11]" time="0.001" /><testcase classname="tests.unit.sport_tennis.test_glicko2_family.TestExactPredictionReconstruction" name="test_predict_equals_manual_reconstruction[40]" time="0.001" /><testcase classname="tests.unit.sport_tennis.test_glicko2_family.TestExactPredictionReconstruction" name="test_winner_identity_not_used_for_score" time="0.000" /><testcase classname="tests.unit.sport_tennis.test_glicko2_family.TestIndependentRatePlayerWitness" name="test_rate_player_matches_reference[case0]" time="0.001" /><testcase classname="tests.unit.sport_tennis.test_glicko2_family.TestIndependentRatePlayerWitness" name="test_rate_player_matches_reference[case1]" time="0.001" /><testcase classname="tests.unit.sport_tennis.test_glicko2_family.TestIndependentRatePlayerWitness" name="test_rate_player_matches_reference[case2]" time="0.001" /><testcase classname="tests.unit.sport_tennis.test_glicko2_family.TestStructuralContracts" name="test_player_state_is_frozen" time="0.000" /><testcase classname="tests.unit.sport_tennis.test_glicko2_family.TestStructuralContracts" name="test_fitted_artefact_is_frozen" time="0.000" /><testcase classname="tests.unit.sport_tennis.test_glicko2_family.TestStructuralContracts" name="test_seam_parameters_are_keyword_only" time="0.000" /><testcase classname="tests.unit.sport_tennis.test_glicko2_family.TestStructuralContracts" name="test_predict_refuses_three_active_with_the_typed_message" time="0.001" /><testcase classname="tests.unit.sport_tennis.test_glicko2_family.TestVolatilityGoldenGrid" name="test_exact_bitwise_pin[0.05-0.1-0.02-0.01-0.009999393289421026]" time="0.001" /><testcase classname="tests.unit.sport_tennis.test_glicko2_family.TestVolatilityGoldenGrid" name="test_exact_bitwise_pin[0.05-0.1-1.5-0.01-0.010012790291663744]" time="0.001" /><testcase classname="tests.unit.sport_tennis.test_glicko2_family.TestVolatilityGoldenGrid" name="test_exact_bitwise_pin[2.0148-50.0-0.1-0.06-0.05999975033975754]" time="0.001" /><testcase classname="tests.unit.sport_tennis.test_glicko2_family.TestVolatilityGoldenGrid" name="test_exact_bitwise_pin[0.1727-1.7785--0.4834-0.06-0.05999351169008403]" time="0.001" /><testcase classname="tests.unit.sport_tennis.test_glicko2_family.TestVolatilityGoldenGrid" name="test_exact_bitwise_pin[1.0-0.5-2.5-0.06-0.060028375534275126]" time="0.001" /><testcase classname="tests.unit.sport_tennis.test_glicko2_family.TestVolatilityGoldenGrid" name="test_exact_bitwise_pin[0.5-0.4-0.9-0.3-0.3002156262253414]" time="0.001" /><testcase classname="tests.unit.sport_tennis.test_glicko2_family.TestVolatilityGoldenGrid" name="test_exact_bitwise_pin[3.0-10.0-0.5-1.0-0.996936714724098]" time="0.001" /><testcase classname="tests.unit.sport_tennis.test_glicko2_family.TestVolatilityGoldenGrid" name="test_exact_bitwise_pin[0.02-0.05-0.0-0.06-0.05975243473796183]" time="0.001" /><testcase classname="tests.unit.sport_tennis.test_glicko2_family.TestVolatilityGoldenGrid" name="test_exact_bitwise_pin[1.5-2.0--2.1-0.8-0.7993600303613275]" time="0.001" /><testcase classname="tests.unit.sport_tennis.test_glicko2_family.TestVolatilityGoldenGrid" name="test_exact_bitwise_pin[0.8-0.6-1.1832159566199232-0.06-0.06000136531614448]" time="0.001" /><testcase classname="tests.unit.sport_tennis.test_glicko2_family.TestVolatilityGoldenGrid" name="test_exact_bitwise_pin[5.0-30.0-4.0-19.0-18.0511825754742]" time="0.001" /><testcase classname="tests.unit.sport_tennis.test_glicko2_family.TestVolatilityGoldenGrid" name="test_exact_bitwise_pin[0.3-0.2-1.05-0.05-0.050074234028394726]" time="0.001" /><testcase classname="tests.unit.sport_tennis.test_glicko2_family.TestInitialBracketSeam" name="test_b_branch_exact" time="0.000" /><testcase classname="tests.unit.sport_tennis.test_glicko2_family.TestInitialBracketSeam" name="test_k_branch_exact" time="0.000" /><testcase classname="tests.unit.sport_tennis.test_glicko2_family.TestInitialBracketSeam" name="test_exact_equality_takes_the_k_branch" time="0.000" /><testcase classname="tests.unit.sport_tennis.test_glicko2_family.TestInitialBracketSeam" name="test_k_search_body_is_structurally_unreachable" time="0.001" /><testcase classname="tests.unit.sport_tennis.test_glicko2_family.TestInitialBracketRegisteredTau" name="test_registered_tau_accepted" time="0.000" /><testcase classname="tests.unit.sport_tennis.test_glicko2_family.TestInitialBracketRegisteredTau" name="test_non_registered_tau_refused" time="0.000" /><testcase classname="tests.unit.sport_tennis.test_glicko2_family.TestIllinoisSignPredicate" name="test_opposite_signs_bracket_the_root" time="0.000" /><testcase classname="tests.unit.sport_tennis.test_glicko2_family.TestIllinoisSignPredicate" name="test_same_signs_do_not_bracket" time="0.000" /><testcase classname="tests.unit.sport_tennis.test_glicko2_family.TestIllinoisSignPredicate" name="test_zero_touch_counts_as_bracket_both_positions" time="0.000" /><testcase classname="tests.unit.sport_tennis.test_glicko2_family.TestIllinoisSignPredicate" name="test_predicate_never_divides" time="0.000" /><testcase classname="tests.unit.sport_tennis.test_glicko2_family.TestVolatilityIterationBudgetSeam" name="test_cap_equal_to_exact_count_permits_convergence" time="0.000" /><testcase classname="tests.unit.sport_tennis.test_glicko2_family.TestVolatilityIterationBudgetSeam" name="test_cap_below_exact_count_refuses" time="0.000" /><testcase classname="tests.unit.sport_tennis.test_glicko2_family.TestVolatilityIterationBudgetSeam" name="test_cap_above_exact_count_still_converges_identically" time="0.000" /><testcase classname="tests.unit.sport_tennis.test_glicko2_family.TestVolatilityIterationBudgetSeam" name="test_forced_non_convergence_reaches_typed_refusal" time="0.001" /><testcase classname="tests.unit.sport_tennis.test_glicko2_family.TestVolatilityIterationBudgetSeam" name="test_registered_default_cap_pinned" time="0.000" /><testcase classname="tests.unit.sport_tennis.test_glicko2_family.TestInactivityAdvanceModulo" name="test_advance_step_count_uses_subtraction_not_modulo" time="0.000" /><testcase classname="tests.unit.sport_tennis.test_glicko2_family.TestInactivityAdvanceModulo" name="test_widely_separated_ordinals_differ" time="0.000" /><testcase classname="tests.unit.sport_tennis.test_glicko2_family.TestRegisteredTauObjectIdentity" name="test_distinct_equal_tau_object_accepted" time="0.000" /><testcase classname="tests.unit.sport_tennis.test_glicko2_family.TestTypeCheckingRuntimeImport" name="test_type_only_import_not_executed_at_runtime" time="0.050" /><testcase classname="tests.unit.sport_tennis.test_identity_bridge.TestNormalization" name="test_deterministic_and_versioned" time="0.000" /><testcase classname="tests.unit.sport_tennis.test_identity_bridge.TestNormalization" name="test_case_and_space_insensitive" time="0.001" /><testcase classname="tests.unit.sport_tennis.test_identity_bridge.TestHappyPath" name="test_simple_surname_initial_resolves" time="0.000" /><testcase classname="tests.unit.sport_tennis.test_identity_bridge.TestHappyPath" name="test_multiword_surname_resolves" time="0.000" /><testcase classname="tests.unit.sport_tennis.test_identity_bridge.TestHappyPath" name="test_hyphenated_and_multi_initial" time="0.000" /><testcase classname="tests.unit.sport_tennis.test_identity_bridge.TestHappyPath" name="test_namespaces_distinct_same_name_both_tours" time="0.000" /><testcase classname="tests.unit.sport_tennis.test_identity_bridge.TestRefusals" name="test_td_homonym_two_raw_names_same_key_refused" time="0.001" /><testcase classname="tests.unit.sport_tennis.test_identity_bridge.TestRefusals" name="test_unmatched_players_land_in_unresolved_not_dropped" time="0.001" /><testcase classname="tests.unit.sport_tennis.test_identity_bridge.TestRefusals" name="test_td_identity_without_betfair_match_is_not_an_error" time="0.000" /><testcase classname="tests.unit.sport_tennis.test_identity_bridge.TestDeterminism" name="test_order_independent" time="0.000" /><testcase classname="tests.unit.sport_tennis.test_identity_bridge.TestCorrections" name="test_corrections_are_append_only_and_provenanced" time="0.000" /><testcase classname="tests.unit.sport_tennis.test_identity_bridge.TestCorrections" name="test_correction_for_unknown_identity_refused" time="0.000" /><testcase classname="tests.unit.sport_tennis.test_identity_bridge.TestCorrectionLedger" name="test_loads_the_frozen_governed_ledger_empty" time="0.015" /><testcase classname="tests.unit.sport_tennis.test_identity_bridge.TestCorrectionLedger" name="test_applying_loaded_ledger_is_a_noop_when_empty" time="0.015" /><testcase classname="tests.unit.sport_tennis.test_market_yardstick.TestCommitOnce" name="test_commits_at_first_stable_crossing_inside_lead" time="0.001" /><testcase classname="tests.unit.sport_tennis.test_market_yardstick.TestCommitOnce" name="test_revision_during_dwell_resets_dwell" time="0.000" /><testcase classname="tests.unit.sport_tennis.test_market_yardstick.TestCommitOnce" name="test_commit_once_holds_through_later_revisions" time="0.000" /><testcase classname="tests.unit.sport_tennis.test_market_yardstick.TestCommitOnce" name="test_suspended_at_candidate_defers_to_reopen" time="0.000" /><testcase classname="tests.unit.sport_tennis.test_market_yardstick.TestCommitOnce" name="test_never_inside_lead_refuses" time="0.000" /><testcase classname="tests.unit.sport_tennis.test_market_yardstick.TestCommitOnce" name="test_no_two_sided_book_at_commit_refuses" time="0.000" /><testcase classname="tests.unit.sport_tennis.test_market_yardstick.TestCommitOnce" name="test_deterministic_and_input_order_independent_of_trailing_events" time="0.000" /><testcase classname="tests.unit.sport_tennis.test_market_yardstick.TestMarketProbabilities" name="test_normalized_two_player_probabilities" time="0.000" /><testcase classname="tests.unit.sport_tennis.test_market_yardstick.TestMarketProbabilities" name="test_two_selections_required" time="0.000" /><testcase classname="tests.unit.sport_tennis.test_market_yardstick" name="test_frozen_constants" time="0.000" /><testcase classname="tests.unit.sport_tennis.test_mutation_equivalence_pins.TestClassAPep563ArchitecturePin" name="test_modules_use_postponed_evaluation" time="0.001" /><testcase classname="tests.unit.sport_tennis.test_mutation_equivalence_pins.TestClassAPep563ArchitecturePin" name="test_no_runtime_annotation_consumer_in_repo" time="0.112" /><testcase classname="tests.unit.sport_tennis.test_mutation_equivalence_pins.TestClassAPep563ArchitecturePin" name="test_dp1_modules_define_no_pydantic_models" time="0.001" /><testcase classname="tests.unit.sport_tennis.test_mutation_equivalence_pins.TestClassDRaceInvariantPin" name="test_race_refuses_fewer_than_two_active" time="0.001" /><testcase classname="tests.unit.sport_tennis.test_mutation_equivalence_pins.TestClassDRaceInvariantPin" name="test_race_refuses_zero_runners" time="0.000" /><testcase classname="tests.unit.sport_tennis.test_mutation_equivalence_pins.TestClassDRaceInvariantPin" name="test_winner_must_be_an_active_runner" time="0.000" /><testcase classname="tests.unit.sport_tennis.test_surface_elo_family" name="test_seam_conformance_and_equal_start_is_half" time="0.001" /><testcase classname="tests.unit.sport_tennis.test_surface_elo_family" name="test_surface_conditioning_beats_global_where_ability_is_surface_specific" time="0.001" /><testcase classname="tests.unit.sport_tennis.test_surface_elo_family" name="test_unknown_surface_uses_global_fallback_prediction" time="0.001" /><testcase classname="tests.unit.sport_tennis.test_surface_elo_family" name="test_same_day_row_permutation_invariant" time="0.000" /><testcase classname="tests.unit.sport_tennis.test_surface_elo_family" name="test_deterministic_reruns" time="0.001" /><testcase classname="tests.unit.sport_tennis.test_surface_elo_family" name="test_surface_codes_are_the_registered_set" time="0.000" /><testcase classname="tests.unit.tools.test_check_facts_freshness" name="test_unpopulated_ok" time="0.004" /><testcase classname="tests.unit.tools.test_check_facts_freshness" name="test_stale_fails" time="0.002" /><testcase classname="tests.unit.tools.test_check_facts_freshness" name="test_fresh_ok" time="0.002" /><testcase classname="tests.unit.tools.test_check_facts_freshness" name="test_value_without_recheck_fails" time="0.002" /><testcase classname="tests.unit.tools.test_check_facts_freshness" name="test_real_registry_is_fresh" time="0.005" /><testcase classname="tests.unit.tools.test_check_facts_freshness" name="test_check_registry_pure" time="0.000" /><testcase classname="tests.unit.tools.test_check_import_quarantine" name="test_clean_tree_ok" time="0.002" /><testcase classname="tests.unit.tools.test_check_import_quarantine" name="test_direct_forbidden_import_detected" time="0.002" /><testcase classname="tests.unit.tools.test_check_import_quarantine" name="test_from_research_import_scraping_detected" time="0.002" /><testcase classname="tests.unit.tools.test_check_import_quarantine" name="test_transitive_forbidden_detected" time="0.002" /><testcase classname="tests.unit.tools.test_check_import_quarantine" name="test_main_returns_codes" time="0.004" /><testcase classname="tests.unit.tools.test_check_licensed_sources" name="test_candidate_only_registry_passes" time="0.002" /><testcase classname="tests.unit.tools.test_check_licensed_sources" name="test_operational_without_rights_fails" time="0.002" /><testcase classname="tests.unit.tools.test_check_licensed_sources" name="test_operational_with_full_rights_passes" time="0.002" /><testcase classname="tests.unit.tools.test_check_licensed_sources" name="test_missing_registry_fails_closed" time="0.001" /><testcase classname="tests.unit.tools.test_check_licensed_sources" name="test_real_repo_registry_passes" time="0.010" /><testcase classname="tests.unit.tools.test_check_spec_coverage" name="test_find_spec_markers_variants" time="0.001" /><testcase classname="tests.unit.tools.test_check_spec_coverage" name="test_active_id_without_test_fails" time="0.002" /><testcase classname="tests.unit.tools.test_check_spec_coverage" name="test_active_id_with_property_marker_passes" time="0.002" /><testcase classname="tests.unit.tools.test_check_spec_coverage" name="test_unknown_marker_id_fails" time="0.002" /><testcase classname="tests.unit.tools.test_check_spec_coverage" name="test_money_requires_property_test" time="0.002" /><testcase classname="tests.unit.tools.test_check_spec_coverage" name="test_causal_declarations_incomplete_fails" time="0.002" /><testcase classname="tests.unit.tools.test_check_spec_coverage" name="test_structural_money_without_declarations_ok" time="0.002" /><testcase classname="tests.unit.tools.test_check_spec_coverage" name="test_planned_id_not_enforced" time="0.002" /><testcase classname="tests.unit.tools.test_check_spec_coverage" name="test_verification_loss_skips_without_base" time="0.005" /><testcase classname="tests.unit.tools.test_check_spec_coverage" name="test_skipped_marker_not_counted" time="0.000" /><testcase classname="tests.unit.tools.test_check_spec_coverage" name="test_module_skipped_marker_not_counted" time="0.000" /><testcase classname="tests.unit.tools.test_check_spec_coverage" name="test_skipped_active_id_fails_coverage" time="0.002" /><testcase classname="tests.unit.tools.test_check_spec_coverage" name="test_verification_loss_active_money_downgrade" time="0.000" /><testcase classname="tests.unit.tools.test_check_spec_coverage" name="test_verification_loss_planned_money_downgrade" time="0.000" /><testcase classname="tests.unit.tools.test_check_spec_coverage" name="test_verification_loss_active_deletion" time="0.000" /><testcase classname="tests.unit.tools.test_check_spec_coverage" name="test_verification_loss_clean" time="0.000" /><testcase classname="tests.unit.tools.test_emit_traceability" name="test_render_contains_ids_and_criticality" time="0.000" /><testcase classname="tests.unit.tools.test_emit_traceability" name="test_main_runs_on_real_manifest" time="0.669" /><testcase classname="tests.unit.tools.test_ingest_historical" name="test_provenance_live_refused" time="0.003" /><testcase classname="tests.unit.tools.test_ingest_historical" name="test_run_ingest_rejects_provenance_other_than_backfilled" time="0.002" /><testcase classname="tests.unit.tools.test_ingest_historical" name="test_missing_file_in_source_dir_refuses_whole_run" time="0.002" /><testcase classname="tests.unit.tools.test_ingest_historical" name="test_wrong_digest_refuses_whole_run" time="0.002" /><testcase classname="tests.unit.tools.test_ingest_historical" name="test_extra_unmanifested_file_refuses_whole_run" time="0.002" /><testcase classname="tests.unit.tools.test_ingest_historical" name="test_manifest_gate_failure_leaves_empty_output_dir_if_preexisting" time="0.001" /><testcase classname="tests.unit.tools.test_ingest_historical" name="test_non_empty_output_dir_refused" time="0.002" /><testcase classname="tests.unit.tools.test_ingest_historical" name="test_invalid_json_line_refuses_whole_run_naming_file_and_line" time="0.002" /><testcase classname="tests.unit.tools.test_ingest_historical" name="test_missing_pt_field_refuses_whole_run" time="0.001" /><testcase classname="tests.unit.tools.test_ingest_historical" name="test_multiple_errors_across_files_all_reported" time="0.002" /><testcase classname="tests.unit.tools.test_ingest_historical" name="test_payload_bytes_survive_exactly_weird_key_order_unicode_duplicate_keys" time="0.009" /><testcase classname="tests.unit.tools.test_ingest_historical" name="test_out_of_order_pt_preserved_never_sorted" time="0.011" /><testcase classname="tests.unit.tools.test_ingest_historical" name="test_provenance_fields_present_and_marked_backfilled" time="0.007" /><testcase classname="tests.unit.tools.test_ingest_historical" name="test_report_counts_correct" time="0.010" /><testcase classname="tests.unit.tools.test_ingest_historical" name="test_main_prints_report_json_to_stdout" time="0.006" /><testcase classname="tests.unit.tools.test_ingest_historical" name="test_determinism_same_inputs_same_digest_across_two_runs" time="0.017" /><testcase classname="tests.unit.tools.test_ingest_historical" name="test_determinism_digest_changes_if_payload_byte_changes" time="0.011" /><testcase classname="tests.unit.tools.test_isolated_exec" name="test_a_loop_forever_is_cleaned" time="1.510" /><testcase classname="tests.unit.tools.test_isolated_exec" name="test_b_child_loops_parent_waits" time="1.521" /><testcase classname="tests.unit.tools.test_isolated_exec" name="test_c_orphan_child_parent_exits" time="1.507" /><testcase classname="tests.unit.tools.test_isolated_exec" name="test_d_grandchild_is_cleaned" time="1.508" /><testcase classname="tests.unit.tools.test_isolated_exec" name="test_e_child_ignores_sigterm" time="2.543" /><testcase classname="tests.unit.tools.test_isolated_exec" name="test_f_concurrent_timeouts_each_cleaned" time="1.601" /><testcase classname="tests.unit.tools.test_isolated_exec" name="test_g_completed_run_does_not_kill_a_concurrent_group" time="1.509" /><testcase classname="tests.unit.tools.test_isolated_exec" name="test_completed_nonzero_is_reported" time="0.018" /><testcase classname="tests.unit.tools.test_isolated_exec" name="test_completed_zero_is_reported" time="0.018" /><testcase classname="tests.unit.tools.test_isolated_exec" name="test_j_sequential_runs_are_independent_and_clean" time="1.524" /><testcase classname="tests.unit.tools.test_isolated_exec" name="test_spawn_error_is_typed" time="0.001" /><testcase classname="tests.unit.tools.test_mutation_harness" name="test_normal_survivor" time="0.016" /><testcase classname="tests.unit.tools.test_mutation_harness" name="test_killed_by_test" time="0.019" /><testcase classname="tests.unit.tools.test_mutation_harness" name="test_h_source_restored_on_timeout" time="1.509" /><testcase classname="tests.unit.tools.test_mutation_harness" name="test_worker_error" time="0.002" /><testcase classname="tests.unit.tools.test_mutation_harness" name="test_stop_states_membership" time="0.000" /><testcase classname="tests.unit.tools.test_quarantine_hardening" name="test_importlib_import_module_literal_is_detected" time="0.002" /><testcase classname="tests.unit.tools.test_quarantine_hardening" name="test_dunder_import_literal_is_detected" time="0.002" /><testcase classname="tests.unit.tools.test_quarantine_hardening" name="test_aliased_import_module_is_detected" time="0.002" /><testcase classname="tests.unit.tools.test_quarantine_hardening" name="test_non_literal_dynamic_import_fails_closed" time="0.001" /><testcase classname="tests.unit.tools.test_quarantine_hardening" name="test_dynamic_import_outside_reach_is_ignored" time="0.002" /><testcase classname="tests.unit.tools.test_quarantine_hardening" name="test_unparseable_reachable_module_fails_closed" time="0.002" /><testcase classname="tests.unit.tools.test_quarantine_hardening" name="test_clean_tree_remains_ok" time="0.003" /><testcase classname="tests.unit.tools.test_run_mutation" name="test_parse_dump_counts_and_survivors" time="0.000" /><testcase classname="tests.unit.tools.test_run_mutation" name="test_report_mode_never_flags" time="0.000" /><testcase classname="tests.unit.tools.test_run_mutation" name="test_unclassified_survivor_fails_enforcement" time="0.000" /><testcase classname="tests.unit.tools.test_run_mutation" name="test_test_deficiency_classification_fails" time="0.000" /><testcase classname="tests.unit.tools.test_run_mutation" name="test_equivalent_classification_passes" time="0.000" /><testcase classname="tests.unit.tools.test_run_mutation" name="test_unapproved_classification_fails" time="0.000" /><testcase classname="tests.unit.tools.test_run_mutation" name="test_no_survivors_is_clean" time="0.000" /><testcase classname="tests.unit.tools.test_run_mutation" name="test_load_classifications" time="0.002" /><testcase classname="tests.unit.tools.test_run_mutation" name="test_load_classifications_empty" time="0.001" /><testcase classname="tests.unit.tools.test_run_mutation" name="test_real_survivors_file_is_valid" time="0.011" /><testcase classname="tests.unit.tools.test_run_mutation" name="test_test_command_targets_the_layer_suite_for_nested_targets" time="0.001" /><testcase classname="tests.unit.tools.test_run_mutation" name="test_test_command_is_unchanged_for_single_segment_targets" time="0.001" /><testcase classname="tests.unit.xmarket.test_audit" name="test_record_has_no_outcome_field" time="0.001" /><testcase classname="tests.unit.xmarket.test_audit" name="test_clean_pair_is_usable_within_cutoff" time="0.001" /><testcase classname="tests.unit.xmarket.test_audit" name="test_quote_age_cutoff_excludes_stale_book" time="0.001" /><testcase classname="tests.unit.xmarket.test_audit" name="test_n_primary_identifying_by_cutoff_cohort_tour" time="0.001" /><testcase classname="tests.unit.xmarket.test_audit" name="test_funnel_counts_every_refusal_reason" time="0.001" /><testcase classname="tests.unit.xmarket.test_audit" name="test_determinism_same_inputs_same_records" time="0.001" /><testcase classname="tests.unit.xmarket.test_audit" name="test_independent_update_status_present_when_derivatives_self_quote" time="0.001" /><testcase classname="tests.unit.xmarket.test_audit" name="test_spread_tick_sensitivity_packet_is_monotone" time="0.001" /><testcase classname="tests.unit.xmarket.test_audit" name="test_selection_bias_coverage_by_cohort_tour" time="0.001" /><testcase classname="tests.unit.xmarket.test_corpus" name="test_market_id_from_filename" time="0.002" /><testcase classname="tests.unit.xmarket.test_corpus" name="test_read_first_definition_returns_marketref" time="0.002" /><testcase classname="tests.unit.xmarket.test_corpus" name="test_iter_market_files_finds_all_bz2" time="0.003" /><testcase classname="tests.unit.xmarket.test_corpus" name="test_iter_messages_yields_in_file_order" time="0.002" /><testcase classname="tests.unit.xmarket.test_corpus" name="test_build_catalogue_from_corpus_is_deterministic" time="0.002" /><testcase classname="tests.unit.xmarket.test_corpus" name="test_missing_market_time_is_none_not_error" time="0.002" /><testcase classname="tests.unit.xmarket.test_corpus" name="test_file_without_definition_refuses" time="0.002" /><testcase classname="tests.unit.xmarket.test_linkage" name="test_duplicate_packaging_is_collapsed_not_double_counted" time="0.000" /><testcase classname="tests.unit.xmarket.test_linkage" name="test_conflicting_definition_for_same_market_id_refuses" time="0.000" /><testcase classname="tests.unit.xmarket.test_linkage" name="test_relisted_instances_stay_distinct" time="0.000" /><testcase classname="tests.unit.xmarket.test_linkage" name="test_links_derivatives_to_mo_by_event_id" time="0.000" /><testcase classname="tests.unit.xmarket.test_linkage" name="test_linkage_is_by_event_id_not_display_name" time="0.000" /><testcase classname="tests.unit.xmarket.test_linkage" name="test_multiple_match_odds_for_event_is_flagged" time="0.000" /><testcase classname="tests.unit.xmarket.test_linkage" name="test_ambiguous_when_two_derivatives_share_role_and_event" time="0.000" /><testcase classname="tests.unit.xmarket.test_linkage" name="test_marketTime_mismatch_is_visible" time="0.000" /><testcase classname="tests.unit.xmarket.test_linkage" name="test_derivative_without_committed_mo_event_is_not_linked" time="0.000" /><testcase classname="tests.unit.xmarket.test_linkage" name="test_role_classification_uses_parser_roles" time="0.000" /><testcase classname="tests.unit.xmarket.test_parsers" name="test_parser_version_is_pinned" time="0.000" /><testcase classname="tests.unit.xmarket.test_parsers" name="test_market_role_maps_every_observed_type_to_its_role" time="0.000" /><testcase classname="tests.unit.xmarket.test_parsers" name="test_market_role_unknown_type_fails_closed_and_never_renames" time="0.000" /><testcase classname="tests.unit.xmarket.test_parsers" name="test_market_role_refuses_empty_or_non_string[]" time="0.001" /><testcase classname="tests.unit.xmarket.test_parsers" name="test_market_role_refuses_empty_or_non_string[123]" time="0.000" /><testcase classname="tests.unit.xmarket.test_parsers" name="test_market_role_refuses_empty_or_non_string[None]" time="0.001" /><testcase classname="tests.unit.xmarket.test_parsers" name="test_match_odds_returns_two_ids_sorted" time="0.000" /><testcase classname="tests.unit.xmarket.test_parsers" name="test_match_odds_wrong_runner_count_refuses[1]" time="0.001" /><testcase classname="tests.unit.xmarket.test_parsers" name="test_match_odds_wrong_runner_count_refuses[3]" time="0.001" /><testcase classname="tests.unit.xmarket.test_parsers" name="test_match_odds_wrong_runner_count_refuses[0]" time="0.001" /><testcase classname="tests.unit.xmarket.test_parsers" name="test_match_odds_shared_id_refuses" time="0.000" /><testcase classname="tests.unit.xmarket.test_parsers" name="test_set_betting_is_not_a_two_player_market" time="0.000" /><testcase classname="tests.unit.xmarket.test_parsers" name="test_total_games_distinguishes_over_under_and_line" time="0.001" /><testcase classname="tests.unit.xmarket.test_parsers" name="test_total_games_missing_under_side_refuses" time="0.000" /><testcase classname="tests.unit.xmarket.test_parsers" name="test_total_games_duplicate_line_refuses" time="0.000" /><testcase classname="tests.unit.xmarket.test_parsers" name="test_total_games_non_over_under_name_refuses" time="0.000" /><testcase classname="tests.unit.xmarket.test_parsers" name="test_total_games_absent_hc_refuses" time="0.000" /><testcase classname="tests.unit.xmarket.test_parsers" name="test_total_games_empty_or_non_list_refuses[bad0]" time="0.001" /><testcase classname="tests.unit.xmarket.test_parsers" name="test_total_games_empty_or_non_list_refuses[notalist]" time="0.000" /><testcase classname="tests.unit.xmarket.test_parsers" name="test_total_games_empty_or_non_list_refuses[None]" time="0.001" /><testcase classname="tests.unit.xmarket.test_parsers" name="test_total_games_row_order_does_not_change_output" time="0.000" /><testcase classname="tests.unit.xmarket.test_parsers" name="test_game_handicap_double_line_produces_two_lines_per_magnitude" time="0.000" /><testcase classname="tests.unit.xmarket.test_parsers" name="test_game_handicap_giver_is_the_negative_hc_player" time="0.000" /><testcase classname="tests.unit.xmarket.test_parsers" name="test_set_handicap_is_never_accepted_as_game_handicap" time="0.000" /><testcase classname="tests.unit.xmarket.test_parsers" name="test_game_handicap_classification_boundary_at_3_0" time="0.000" /><testcase classname="tests.unit.xmarket.test_parsers" name="test_game_handicap_unpaired_giver_refuses" time="0.000" /><testcase classname="tests.unit.xmarket.test_parsers" name="test_game_handicap_more_than_two_players_refuses" time="0.000" /><testcase classname="tests.unit.xmarket.test_parsers" name="test_game_handicap_player_mapped_to_two_ids_refuses" time="0.000" /><testcase classname="tests.unit.xmarket.test_parsers" name="test_game_handicap_absent_hc_refuses" time="0.000" /><testcase classname="tests.unit.xmarket.test_parsers" name="test_game_handicap_zero_line_refuses" time="0.000" /><testcase classname="tests.unit.xmarket.test_parsers" name="test_game_handicap_empty_or_non_list_refuses[bad0]" time="0.000" /><testcase classname="tests.unit.xmarket.test_parsers" name="test_game_handicap_empty_or_non_list_refuses[notalist]" time="0.000" /><testcase classname="tests.unit.xmarket.test_parsers" name="test_game_handicap_empty_or_non_list_refuses[None]" time="0.001" /><testcase classname="tests.unit.xmarket.test_parsers" name="test_game_handicap_row_order_does_not_change_output" time="0.001" /><testcase classname="tests.unit.xmarket.test_parsers" name="test_repeated_calls_are_byte_identical_in_repr" time="0.000" /><testcase classname="tests.unit.xmarket.test_parsers" name="test_runner_with_non_dict_entry_refuses" time="0.000" /><testcase classname="tests.unit.xmarket.test_reconstruct" name="test_state_after_f0_timestamp_is_structurally_inaccessible" time="0.000" /><testcase classname="tests.unit.xmarket.test_reconstruct" name="test_later_price_cannot_fill_an_earlier_missing_state" time="0.000" /><testcase classname="tests.unit.xmarket.test_reconstruct" name="test_message_exactly_at_cutoff_is_included" time="0.000" /><testcase classname="tests.unit.xmarket.test_reconstruct" name="test_no_state_at_or_before_cutoff_refuses" time="0.000" /><testcase classname="tests.unit.xmarket.test_reconstruct" name="test_messages_for_other_markets_are_ignored" time="0.000" /><testcase classname="tests.unit.xmarket.test_reconstruct" name="test_in_play_at_f0_refuses" time="0.000" /><testcase classname="tests.unit.xmarket.test_reconstruct" name="test_suspended_at_f0_refuses" time="0.000" /><testcase classname="tests.unit.xmarket.test_reconstruct" name="test_one_sided_at_f0_refuses" time="0.000" /><testcase classname="tests.unit.xmarket.test_reconstruct" name="test_crossed_at_f0_refuses" time="0.000" /><testcase classname="tests.unit.xmarket.test_reconstruct" name="test_empty_book_at_f0_refuses" time="0.000" /><testcase classname="tests.unit.xmarket.test_reconstruct" name="test_clean_two_sided_book_passes" time="0.000" /><testcase classname="tests.unit.xmarket.test_reconstruct" name="test_quote_age_seconds_uses_latest_pre_cutoff_update" time="0.000" /><testcase classname="tests.unit.xmarket.test_reconstruct" name="test_book_quality_reports_spread_sizes_and_depth" time="0.000" /><testcase classname="tests.unit.xmarket.test_reconstruct" name="test_snapshot_has_no_outcome_field" time="0.000" /><testcase classname="tests.unit.xmarket.test_reconstruct" name="test_reconstruction_is_deterministic_and_row_order_invariant" time="0.000" /><testcase classname="tests.unit.xmarket.test_redundancy" name="test_insufficient_updates_when_too_few" time="0.000" /><testcase classname="tests.unit.xmarket.test_redundancy" name="test_non_redundant_when_derivative_moves_without_mo" time="0.000" /><testcase classname="tests.unit.xmarket.test_redundancy" name="test_redundant_path_when_every_derivative_update_coincides_with_mo" time="0.000" /><testcase classname="tests.unit.xmarket.test_redundancy" name="test_unresolved_when_mixed" time="0.000" /><testcase classname="tests.unit.xmarket.test_redundancy" name="test_only_pre_cutoff_updates_count" time="0.000" /><testcase classname="tests.unit.xmarket.test_redundancy" name="test_aggregate_status_distribution" time="0.000" /><testcase classname="tests.unit.xmarket_contracts.test_annotation_architecture" name="test_postponed_annotations_active[linkage.py]" time="0.003" /><testcase classname="tests.unit.xmarket_contracts.test_annotation_architecture" name="test_postponed_annotations_active[observation.py]" time="0.001" /><testcase classname="tests.unit.xmarket_contracts.test_annotation_architecture" name="test_postponed_annotations_active[parsers.py]" time="0.002" /><testcase classname="tests.unit.xmarket_contracts.test_annotation_architecture" name="test_postponed_annotations_active[synchronizer.py]" time="0.002" /><testcase classname="tests.unit.xmarket_contracts.test_annotation_architecture" name="test_postponed_annotations_active[discretisation_stability.py]" time="0.002" /><testcase classname="tests.unit.xmarket_contracts.test_annotation_architecture" name="test_postponed_annotations_active[format_evidence.py]" time="0.001" /><testcase classname="tests.unit.xmarket_contracts.test_annotation_architecture" name="test_postponed_annotations_active[formats.py]" time="0.001" /><testcase classname="tests.unit.xmarket_contracts.test_annotation_architecture" name="test_postponed_annotations_active[holdout.py]" time="0.002" /><testcase classname="tests.unit.xmarket_contracts.test_annotation_architecture" name="test_postponed_annotations_active[match.py]" time="0.001" /><testcase classname="tests.unit.xmarket_contracts.test_annotation_architecture" name="test_postponed_annotations_active[pmf.py]" time="0.001" /><testcase classname="tests.unit.xmarket_contracts.test_annotation_architecture" name="test_postponed_annotations_active[reference.py]" time="0.002" /><testcase classname="tests.unit.xmarket_contracts.test_annotation_architecture" name="test_postponed_annotations_active[root_dedup.py]" time="0.002" /><testcase classname="tests.unit.xmarket_contracts.test_annotation_architecture" name="test_postponed_annotations_active[rootset.py]" time="0.002" /><testcase classname="tests.unit.xmarket_contracts.test_annotation_architecture" name="test_postponed_annotations_active[scan_variants.py]" time="0.001" /><testcase classname="tests.unit.xmarket_contracts.test_annotation_architecture" name="test_postponed_annotations_active[scoring.py]" time="0.002" /><testcase classname="tests.unit.xmarket_contracts.test_annotation_architecture" name="test_postponed_annotations_active[solver.py]" time="0.003" /><testcase classname="tests.unit.xmarket_contracts.test_annotation_architecture" name="test_postponed_annotations_active[solver_contracts.py]" time="0.001" /><testcase classname="tests.unit.xmarket_contracts.test_annotation_architecture" name="test_postponed_annotations_active[solver_iteration.py]" time="0.001" /><testcase classname="tests.unit.xmarket_contracts.test_annotation_architecture" name="test_postponed_annotations_active[solver_scan.py]" time="0.001" /><testcase classname="tests.unit.xmarket_contracts.test_annotation_architecture" name="test_no_runtime_annotation_consumption[linkage.py]" time="0.002" /><testcase classname="tests.unit.xmarket_contracts.test_annotation_architecture" name="test_no_runtime_annotation_consumption[observation.py]" time="0.001" /><testcase classname="tests.unit.xmarket_contracts.test_annotation_architecture" name="test_no_runtime_annotation_consumption[parsers.py]" time="0.003" /><testcase classname="tests.unit.xmarket_contracts.test_annotation_architecture" name="test_no_runtime_annotation_consumption[synchronizer.py]" time="0.003" /><testcase classname="tests.unit.xmarket_contracts.test_annotation_architecture" name="test_no_runtime_annotation_consumption[discretisation_stability.py]" time="0.003" /><testcase classname="tests.unit.xmarket_contracts.test_annotation_architecture" name="test_no_runtime_annotation_consumption[format_evidence.py]" time="0.001" /><testcase classname="tests.unit.xmarket_contracts.test_annotation_architecture" name="test_no_runtime_annotation_consumption[formats.py]" time="0.002" /><testcase classname="tests.unit.xmarket_contracts.test_annotation_architecture" name="test_no_runtime_annotation_consumption[holdout.py]" time="0.002" /><testcase classname="tests.unit.xmarket_contracts.test_annotation_architecture" name="test_no_runtime_annotation_consumption[match.py]" time="0.002" /><testcase classname="tests.unit.xmarket_contracts.test_annotation_architecture" name="test_no_runtime_annotation_consumption[pmf.py]" time="0.002" /><testcase classname="tests.unit.xmarket_contracts.test_annotation_architecture" name="test_no_runtime_annotation_consumption[reference.py]" time="0.004" /><testcase classname="tests.unit.xmarket_contracts.test_annotation_architecture" name="test_no_runtime_annotation_consumption[root_dedup.py]" time="0.003" /><testcase classname="tests.unit.xmarket_contracts.test_annotation_architecture" name="test_no_runtime_annotation_consumption[rootset.py]" time="0.003" /><testcase classname="tests.unit.xmarket_contracts.test_annotation_architecture" name="test_no_runtime_annotation_consumption[scan_variants.py]" time="0.002" /><testcase classname="tests.unit.xmarket_contracts.test_annotation_architecture" name="test_no_runtime_annotation_consumption[scoring.py]" time="0.004" /><testcase classname="tests.unit.xmarket_contracts.test_annotation_architecture" name="test_no_runtime_annotation_consumption[solver.py]" time="0.005" /><testcase classname="tests.unit.xmarket_contracts.test_annotation_architecture" name="test_no_runtime_annotation_consumption[solver_contracts.py]" time="0.002" /><testcase classname="tests.unit.xmarket_contracts.test_annotation_architecture" name="test_no_runtime_annotation_consumption[solver_iteration.py]" time="0.002" /><testcase classname="tests.unit.xmarket_contracts.test_annotation_architecture" name="test_no_runtime_annotation_consumption[solver_scan.py]" time="0.001" /><testcase classname="tests.unit.xmarket_contracts.test_annotation_architecture" name="test_proof_covers_expected_modules" time="0.001" /></testsuite></testsuites>